2021-12-09 02:56:51,828 [INFO] Activator:177 - 


2021-12-09 02:56:51,831 [INFO] Activator:178 - !SESSION log4j initialized
2021-12-09 02:57:26,706 [INFO] McuFinderGlobals:39 - Set McuFinder mode to 2 (CubeIDE integrated)
2021-12-09 02:57:27,382 [INFO] ApplicationProperties:181 - Using Application install path: C:\ST\STM32CubeIDE_1.7.0\STM32CubeIDE\plugins\com.st.stm32cube.common.mx_6.3.0.202107141111
2021-12-09 02:57:27,406 [INFO] DbMcusXml:74 - Set database path to: C:\ST\STM32CubeIDE_1.7.0\STM32CubeIDE\plugins\com.st.stm32cube.common.mx_6.3.0.202107141111\\db\/mcu/
2021-12-09 02:57:27,413 [INFO] DbBoardsPdsc:56 - Set plugin database path to: C:\ST\STM32CubeIDE_1.7.0\STM32CubeIDE\plugins\com.st.stm32cube.common.mx_6.3.0.202107141111\\db\/plugins/boardmanager/
2021-12-09 02:57:27,414 [INFO] DbMcus:258 - Set plugin images path to: C:\ST\STM32CubeIDE_1.7.0\STM32CubeIDE\plugins\com.st.stm32cube.common.mx_6.3.0.202107141111\\db\/plugins/mcufinder/images/
2021-12-09 02:57:27,415 [INFO] DbBoards:264 - Set plugin images path to: C:\ST\STM32CubeIDE_1.7.0\STM32CubeIDE\plugins\com.st.stm32cube.common.mx_6.3.0.202107141111\\db\/plugins/mcufinder/images/
2021-12-09 02:57:27,420 [INFO] DbExamples:333 - Set plugin images path to: C:\ST\STM32CubeIDE_1.7.0\STM32CubeIDE\plugins\com.st.stm32cube.common.mx_6.3.0.202107141111\\db\/plugins/mcufinder/images/
2021-12-09 02:57:27,434 [INFO] DbMcusAds:119 - Set database path to: C:\Users\User\.stmcufinder\plugins\mcufinder//mcu/
2021-12-09 02:57:27,435 [INFO] DbMcusDocs:110 - Set database path to: C:\Users\User\.stmcufinder\plugins\mcufinder//mcu/
2021-12-09 02:57:27,439 [INFO] DbMcusJson:64 - Set database path to: C:\Users\User\.stmcufinder\plugins\mcufinder//mcu/
2021-12-09 02:57:27,439 [INFO] DbBoardsDocs:110 - Set database path to: C:\Users\User\.stmcufinder\plugins\mcufinder//mcu/
2021-12-09 02:57:27,439 [INFO] DbBoardsJson:57 - Set database path to: C:\Users\User\.stmcufinder\plugins\mcufinder//mcu/
2021-12-09 02:57:27,454 [INFO] CrossReferenceDbSqlite:196 - Set database path to: C:\Users\User\.stmcufinder\plugins\mcufinder//mcu/cs/
2021-12-09 02:57:27,459 [INFO] DbExamplesSqlite:767 - Set database path to: C:\Users\User\.stmcufinder\plugins\mcufinder//mcu/
2021-12-09 02:57:27,622 [INFO] RulesReader:57 - Compatibility file has been processed (242 Rules)
2021-12-09 02:57:27,882 [INFO] DbMcusXml:74 - Set database path to: C:\ST\STM32CubeIDE_1.7.0\STM32CubeIDE\plugins\com.st.stm32cube.common.mx_6.3.0.202107141111\\db\/mcu/
2021-12-09 02:57:27,884 [INFO] DbBoardsPdsc:56 - Set plugin database path to: C:\ST\STM32CubeIDE_1.7.0\STM32CubeIDE\plugins\com.st.stm32cube.common.mx_6.3.0.202107141111\\db\/plugins/boardmanager/
2021-12-09 02:57:27,884 [INFO] DbMcus:258 - Set plugin images path to: C:\ST\STM32CubeIDE_1.7.0\STM32CubeIDE\plugins\com.st.stm32cube.common.mx_6.3.0.202107141111\\db\/plugins/mcufinder/images/
2021-12-09 02:57:27,886 [INFO] DbBoards:264 - Set plugin images path to: C:\ST\STM32CubeIDE_1.7.0\STM32CubeIDE\plugins\com.st.stm32cube.common.mx_6.3.0.202107141111\\db\/plugins/mcufinder/images/
2021-12-09 02:57:27,886 [INFO] DbExamples:333 - Set plugin images path to: C:\ST\STM32CubeIDE_1.7.0\STM32CubeIDE\plugins\com.st.stm32cube.common.mx_6.3.0.202107141111\\db\/plugins/mcufinder/images/
2021-12-09 02:57:27,887 [WARN] DbFile:35 - Overriding database path with different value: C:\Users\User\.stmcufinder\plugins\mcufinder/ => C:\Users\User\.stmcufinder\plugins\mcufinder
2021-12-09 02:57:27,888 [INFO] DbMcusAds:119 - Set database path to: C:\Users\User\.stmcufinder\plugins\mcufinder//mcu/
2021-12-09 02:57:27,888 [WARN] DbFile:35 - Overriding database path with different value: C:\Users\User\.stmcufinder\plugins\mcufinder/ => C:\Users\User\.stmcufinder\plugins\mcufinder
2021-12-09 02:57:27,888 [INFO] DbMcusDocs:110 - Set database path to: C:\Users\User\.stmcufinder\plugins\mcufinder//mcu/
2021-12-09 02:57:27,888 [WARN] DbFile:35 - Overriding database path with different value: C:\Users\User\.stmcufinder\plugins\mcufinder/ => C:\Users\User\.stmcufinder\plugins\mcufinder
2021-12-09 02:57:27,888 [INFO] DbMcusJson:64 - Set database path to: C:\Users\User\.stmcufinder\plugins\mcufinder//mcu/
2021-12-09 02:57:27,888 [WARN] DbFile:35 - Overriding database path with different value: C:\Users\User\.stmcufinder\plugins\mcufinder/ => C:\Users\User\.stmcufinder\plugins\mcufinder
2021-12-09 02:57:27,888 [INFO] DbBoardsDocs:110 - Set database path to: C:\Users\User\.stmcufinder\plugins\mcufinder//mcu/
2021-12-09 02:57:27,888 [WARN] DbFile:35 - Overriding database path with different value: C:\Users\User\.stmcufinder\plugins\mcufinder/ => C:\Users\User\.stmcufinder\plugins\mcufinder
2021-12-09 02:57:27,888 [INFO] DbBoardsJson:57 - Set database path to: C:\Users\User\.stmcufinder\plugins\mcufinder//mcu/
2021-12-09 02:57:27,888 [WARN] DbFile:35 - Overriding database path with different value: C:\Users\User\.stmcufinder\plugins\mcufinder/ => C:\Users\User\.stmcufinder\plugins\mcufinder
2021-12-09 02:57:27,888 [WARN] DbFile:35 - Overriding database path with different value: C:\Users\User\.stmcufinder\plugins\mcufinder/ => C:\Users\User\.stmcufinder\plugins\mcufinder
2021-12-09 02:57:27,888 [INFO] CrossReferenceDbSqlite:196 - Set database path to: C:\Users\User\.stmcufinder\plugins\mcufinder//mcu/cs/
2021-12-09 02:57:27,888 [WARN] DbFile:35 - Overriding database path with different value: C:\Users\User\.stmcufinder\plugins\mcufinder/ => C:\Users\User\.stmcufinder\plugins\mcufinder
2021-12-09 02:57:27,888 [INFO] DbExamplesSqlite:767 - Set database path to: C:\Users\User\.stmcufinder\plugins\mcufinder//mcu/
2021-12-09 02:57:28,123 [INFO] MainPanel:214 - HeapMemory: 268435456
2021-12-09 02:57:28,335 [INFO] DbMcusXml:74 - Set database path to: C:\ST\STM32CubeIDE_1.7.0\STM32CubeIDE\plugins\com.st.stm32cube.common.mx_6.3.0.202107141111\\db\/mcu/
2021-12-09 02:57:28,336 [INFO] DbBoardsPdsc:56 - Set plugin database path to: C:\ST\STM32CubeIDE_1.7.0\STM32CubeIDE\plugins\com.st.stm32cube.common.mx_6.3.0.202107141111\\db\/plugins/boardmanager/
2021-12-09 02:57:28,336 [INFO] DbMcus:258 - Set plugin images path to: C:\ST\STM32CubeIDE_1.7.0\STM32CubeIDE\plugins\com.st.stm32cube.common.mx_6.3.0.202107141111\\db\/plugins/mcufinder/images/
2021-12-09 02:57:28,336 [INFO] DbBoards:264 - Set plugin images path to: C:\ST\STM32CubeIDE_1.7.0\STM32CubeIDE\plugins\com.st.stm32cube.common.mx_6.3.0.202107141111\\db\/plugins/mcufinder/images/
2021-12-09 02:57:28,337 [INFO] DbExamples:333 - Set plugin images path to: C:\ST\STM32CubeIDE_1.7.0\STM32CubeIDE\plugins\com.st.stm32cube.common.mx_6.3.0.202107141111\\db\/plugins/mcufinder/images/
2021-12-09 02:57:28,338 [WARN] DbFile:35 - Overriding database path with different value: C:\Users\User\.stmcufinder\plugins\mcufinder/ => C:\Users\User\.stmcufinder\plugins\mcufinder
2021-12-09 02:57:28,339 [INFO] DbMcusAds:119 - Set database path to: C:\Users\User\.stmcufinder\plugins\mcufinder//mcu/
2021-12-09 02:57:28,339 [WARN] DbFile:35 - Overriding database path with different value: C:\Users\User\.stmcufinder\plugins\mcufinder/ => C:\Users\User\.stmcufinder\plugins\mcufinder
2021-12-09 02:57:28,339 [INFO] DbMcusDocs:110 - Set database path to: C:\Users\User\.stmcufinder\plugins\mcufinder//mcu/
2021-12-09 02:57:28,339 [WARN] DbFile:35 - Overriding database path with different value: C:\Users\User\.stmcufinder\plugins\mcufinder/ => C:\Users\User\.stmcufinder\plugins\mcufinder
2021-12-09 02:57:28,339 [INFO] DbMcusJson:64 - Set database path to: C:\Users\User\.stmcufinder\plugins\mcufinder//mcu/
2021-12-09 02:57:28,339 [WARN] DbFile:35 - Overriding database path with different value: C:\Users\User\.stmcufinder\plugins\mcufinder/ => C:\Users\User\.stmcufinder\plugins\mcufinder
2021-12-09 02:57:28,339 [INFO] DbBoardsDocs:110 - Set database path to: C:\Users\User\.stmcufinder\plugins\mcufinder//mcu/
2021-12-09 02:57:28,339 [WARN] DbFile:35 - Overriding database path with different value: C:\Users\User\.stmcufinder\plugins\mcufinder/ => C:\Users\User\.stmcufinder\plugins\mcufinder
2021-12-09 02:57:28,339 [INFO] DbBoardsJson:57 - Set database path to: C:\Users\User\.stmcufinder\plugins\mcufinder//mcu/
2021-12-09 02:57:28,339 [WARN] DbFile:35 - Overriding database path with different value: C:\Users\User\.stmcufinder\plugins\mcufinder/ => C:\Users\User\.stmcufinder\plugins\mcufinder
2021-12-09 02:57:28,339 [WARN] DbFile:35 - Overriding database path with different value: C:\Users\User\.stmcufinder\plugins\mcufinder/ => C:\Users\User\.stmcufinder\plugins\mcufinder
2021-12-09 02:57:28,339 [INFO] CrossReferenceDbSqlite:196 - Set database path to: C:\Users\User\.stmcufinder\plugins\mcufinder//mcu/cs/
2021-12-09 02:57:28,339 [WARN] DbFile:35 - Overriding database path with different value: C:\Users\User\.stmcufinder\plugins\mcufinder/ => C:\Users\User\.stmcufinder\plugins\mcufinder
2021-12-09 02:57:28,339 [INFO] DbExamplesSqlite:767 - Set database path to: C:\Users\User\.stmcufinder\plugins\mcufinder//mcu/
2021-12-09 02:57:28,384 [INFO] ApplicationProperties:181 - Using Application install path: C:\ST\STM32CubeIDE_1.7.0\STM32CubeIDE\plugins\com.st.stm32cube.common.mx_6.3.0.202107141111
2021-12-09 02:57:28,386 [INFO] PluginManage:188 - Search for loadable plugins [exclusion list=, ]
2021-12-09 02:57:28,389 [INFO] PluginManage:302 - Check plugin analytics
2021-12-09 02:57:28,689 [INFO] AnalyticsPlugin:257 - Accepted Software Licenses: 
2021-12-09 02:57:28,689 [INFO] AnalyticsPlugin:259 - Accepted CMSIS Pack Licenses: 
2021-12-09 02:57:28,690 [INFO] AnalyticsPlugin:261 - Accepted Firmware Licenses: 
2021-12-09 02:57:28,691 [INFO] PluginManage:352 - Loaded plugin analytics (category:tool,tabindex:-1)
2021-12-09 02:57:28,691 [INFO] PluginManage:302 - Check plugin clock
2021-12-09 02:57:28,720 [INFO] PluginManage:352 - Loaded plugin clock (category:base,tabindex:2)
2021-12-09 02:57:28,722 [INFO] PluginManage:302 - Check plugin ddr
2021-12-09 02:57:28,723 [INFO] PluginManage:352 - Loaded plugin ddr (category:tool,tabindex:6)
2021-12-09 02:57:28,723 [INFO] PluginManage:302 - Check plugin filemanager
2021-12-09 02:57:29,080 [INFO] PluginManage:352 - Loaded plugin filemanager (category:base,tabindex:10)
2021-12-09 02:57:29,080 [INFO] PluginManage:302 - Check plugin ipmanager
2021-12-09 02:57:29,093 [INFO] PluginManage:352 - Loaded plugin ipmanager (category:base,tabindex:5)
2021-12-09 02:57:29,093 [INFO] PluginManage:302 - Check plugin pinoutandconfiguration
2021-12-09 02:57:29,121 [INFO] PluginManage:352 - Loaded plugin pinoutandconfiguration (category:base,tabindex:1)
2021-12-09 02:57:29,121 [INFO] PluginManage:302 - Check plugin pinoutconfig
2021-12-09 02:57:29,185 [INFO] PluginManage:352 - Loaded plugin pinoutconfig (category:base,tabindex:0)
2021-12-09 02:57:29,190 [INFO] PluginManage:302 - Check plugin power
2021-12-09 02:57:29,232 [INFO] PluginManage:352 - Loaded plugin power (category:power,tabindex:4)
2021-12-09 02:57:29,232 [INFO] PluginManage:302 - Check plugin projectmanager
2021-12-09 02:57:29,269 [INFO] PluginManage:352 - Loaded plugin projectmanager (category:projectmanager,tabindex:3)
2021-12-09 02:57:29,269 [INFO] PluginManage:302 - Check plugin thirdparty
2021-12-09 02:57:29,824 [WARN] IntegrityCheckThread:78 - waiting for thirdparty lock release [integrity check]
2021-12-09 02:57:29,826 [INFO] PluginManage:352 - Loaded plugin thirdparty (category:base,tabindex:-1)
2021-12-09 02:57:29,827 [INFO] IntegrityCheckThread:80 - entering critical section [integrity check]
2021-12-09 02:57:29,828 [INFO] PluginManage:302 - Check plugin tools
2021-12-09 02:57:29,828 [INFO] ThirdPartyUpdaterWithRetryManager:66 - Updater plugin not ready yet. [1/15]
2021-12-09 02:57:29,946 [INFO] PluginManage:352 - Loaded plugin tools (category:base,tabindex:7)
2021-12-09 02:57:29,946 [INFO] PluginManage:302 - Check plugin tutovideos
2021-12-09 02:57:30,534 [INFO] PluginManage:352 - Loaded plugin tutovideos (category:base,tabindex:-1)
2021-12-09 02:57:30,534 [INFO] PluginManage:302 - Check plugin updater
2021-12-09 02:57:30,564 [INFO] PluginManage:352 - Loaded plugin updater (category:base,tabindex:12)
2021-12-09 02:57:30,564 [INFO] PluginManage:275 - PluginManage : Loaded plugins [13]
2021-12-09 02:57:30,949 [INFO] PinOutPanel:1463 - setPackage(No Configuration,No Configuration)
2021-12-09 02:57:31,143 [INFO] IPUIPlugin:74 - create IPUIPlugin
2021-12-09 02:57:31,143 [INFO] PluginManager:213 - loadIPPluginJar : add adc
2021-12-09 02:57:31,212 [INFO] IPUIPlugin:74 - create IPUIPlugin
2021-12-09 02:57:31,212 [INFO] PluginManager:213 - loadIPPluginJar : add aes
2021-12-09 02:57:31,295 [INFO] IPUIPlugin:74 - create IPUIPlugin
2021-12-09 02:57:31,295 [INFO] PluginManager:213 - loadIPPluginJar : add can
2021-12-09 02:57:31,343 [INFO] IPUIPlugin:74 - create IPUIPlugin
2021-12-09 02:57:31,343 [INFO] PluginManager:213 - loadIPPluginJar : add comp
2021-12-09 02:57:31,406 [INFO] IPUIPlugin:74 - create IPUIPlugin
2021-12-09 02:57:31,406 [INFO] PluginManager:213 - loadIPPluginJar : add cryp
2021-12-09 02:57:31,468 [INFO] IPUIPlugin:74 - create IPUIPlugin
2021-12-09 02:57:31,469 [INFO] PluginManager:213 - loadIPPluginJar : add dfsdm
2021-12-09 02:57:31,495 [INFO] IPUIPlugin:74 - create IPUIPlugin
2021-12-09 02:57:31,495 [INFO] PluginManager:213 - loadIPPluginJar : add dma
2021-12-09 02:57:31,580 [INFO] IPUIPlugin:74 - create IPUIPlugin
2021-12-09 02:57:31,581 [INFO] PluginManager:213 - loadIPPluginJar : add dma3
2021-12-09 02:57:31,627 [INFO] IPUIPlugin:74 - create IPUIPlugin
2021-12-09 02:57:31,627 [INFO] PluginManager:213 - loadIPPluginJar : add fatfs
2021-12-09 02:57:31,761 [INFO] IPUIPlugin:74 - create IPUIPlugin
2021-12-09 02:57:31,761 [INFO] PluginManager:213 - loadIPPluginJar : add fmc
2021-12-09 02:57:31,792 [INFO] IPUIPlugin:74 - create IPUIPlugin
2021-12-09 02:57:31,793 [INFO] PluginManager:213 - loadIPPluginJar : add freertos
2021-12-09 02:57:31,863 [INFO] IPUIPlugin:74 - create IPUIPlugin
2021-12-09 02:57:31,863 [INFO] PluginManager:213 - loadIPPluginJar : add genericplugin
2021-12-09 02:57:32,099 [INFO] IPUIPlugin:74 - create IPUIPlugin
2021-12-09 02:57:32,099 [INFO] PluginManager:213 - loadIPPluginJar : add gfxmmu
2021-12-09 02:57:32,356 [INFO] IPUIPlugin:74 - create IPUIPlugin
2021-12-09 02:57:32,356 [INFO] PluginManager:213 - loadIPPluginJar : add gic
2021-12-09 02:57:32,380 [INFO] IPUIPlugin:74 - create IPUIPlugin
2021-12-09 02:57:32,380 [INFO] PluginManager:213 - loadIPPluginJar : add gpio
2021-12-09 02:57:32,611 [INFO] IPUIPlugin:74 - create IPUIPlugin
2021-12-09 02:57:32,611 [INFO] PluginManager:213 - loadIPPluginJar : add gtzc
2021-12-09 02:57:32,689 [INFO] IPUIPlugin:74 - create IPUIPlugin
2021-12-09 02:57:32,689 [INFO] PluginManager:213 - loadIPPluginJar : add hash
2021-12-09 02:57:32,790 [INFO] IPUIPlugin:74 - create IPUIPlugin
2021-12-09 02:57:32,790 [INFO] PluginManager:213 - loadIPPluginJar : add i2c
2021-12-09 02:57:32,845 [INFO] ThirdPartyUpdaterWithRetryManager:66 - Updater plugin not ready yet. [2/15]
2021-12-09 02:57:32,921 [INFO] IPUIPlugin:74 - create IPUIPlugin
2021-12-09 02:57:32,921 [INFO] PluginManager:213 - loadIPPluginJar : add i2s
2021-12-09 02:57:32,957 [INFO] IPUIPlugin:74 - create IPUIPlugin
2021-12-09 02:57:32,957 [INFO] PluginManager:213 - loadIPPluginJar : add ipddr
2021-12-09 02:57:33,221 [INFO] IPUIPlugin:74 - create IPUIPlugin
2021-12-09 02:57:33,221 [INFO] PluginManager:213 - loadIPPluginJar : add linkedlist
2021-12-09 02:57:33,296 [INFO] IPUIPlugin:74 - create IPUIPlugin
2021-12-09 02:57:33,296 [INFO] PluginManager:213 - loadIPPluginJar : add lorawan
2021-12-09 02:57:33,367 [INFO] IPUIPlugin:74 - create IPUIPlugin
2021-12-09 02:57:33,367 [INFO] PluginManager:213 - loadIPPluginJar : add ltdc
2021-12-09 02:57:33,393 [INFO] IPUIPlugin:74 - create IPUIPlugin
2021-12-09 02:57:33,393 [INFO] PluginManager:213 - loadIPPluginJar : add mdma
2021-12-09 02:57:33,416 [INFO] IPUIPlugin:74 - create IPUIPlugin
2021-12-09 02:57:33,417 [INFO] PluginManager:213 - loadIPPluginJar : add nvic
2021-12-09 02:57:33,490 [INFO] IPUIPlugin:74 - create IPUIPlugin
2021-12-09 02:57:33,490 [INFO] PluginManager:213 - loadIPPluginJar : add opamp
2021-12-09 02:57:33,601 [INFO] IPUIPlugin:74 - create IPUIPlugin
2021-12-09 02:57:33,601 [INFO] PluginManager:213 - loadIPPluginJar : add openamp
2021-12-09 02:57:33,732 [INFO] IPUIPlugin:74 - create IPUIPlugin
2021-12-09 02:57:33,732 [INFO] PluginManager:213 - loadIPPluginJar : add pdm2pcm
2021-12-09 02:57:33,778 [INFO] IPUIPlugin:74 - create IPUIPlugin
2021-12-09 02:57:33,784 [INFO] PluginManager:213 - loadIPPluginJar : add plateformsettings
2021-12-09 02:57:33,866 [INFO] IPUIPlugin:74 - create IPUIPlugin
2021-12-09 02:57:33,866 [INFO] PluginManager:213 - loadIPPluginJar : add quadspi
2021-12-09 02:57:33,899 [INFO] IPUIPlugin:74 - create IPUIPlugin
2021-12-09 02:57:33,899 [INFO] PluginManager:213 - loadIPPluginJar : add resmgrutility
2021-12-09 02:57:34,056 [INFO] IPUIPlugin:74 - create IPUIPlugin
2021-12-09 02:57:34,056 [INFO] PluginManager:213 - loadIPPluginJar : add sai
2021-12-09 02:57:34,138 [INFO] IPUIPlugin:74 - create IPUIPlugin
2021-12-09 02:57:34,147 [INFO] PluginManager:213 - loadIPPluginJar : add spi
2021-12-09 02:57:34,283 [INFO] IPUIPlugin:74 - create IPUIPlugin
2021-12-09 02:57:34,283 [INFO] PluginManager:213 - loadIPPluginJar : add stm32_wpan
2021-12-09 02:57:34,337 [INFO] IPUIPlugin:74 - create IPUIPlugin
2021-12-09 02:57:34,337 [INFO] PluginManager:213 - loadIPPluginJar : add tim
2021-12-09 02:57:34,508 [INFO] IPUIPlugin:74 - create IPUIPlugin
2021-12-09 02:57:34,508 [INFO] PluginManager:213 - loadIPPluginJar : add touchsensing
2021-12-09 02:57:34,555 [INFO] IPUIPlugin:74 - create IPUIPlugin
2021-12-09 02:57:34,555 [INFO] PluginManager:213 - loadIPPluginJar : add tracer_emb
2021-12-09 02:57:34,609 [INFO] IPUIPlugin:74 - create IPUIPlugin
2021-12-09 02:57:34,609 [INFO] PluginManager:213 - loadIPPluginJar : add ts
2021-12-09 02:57:34,656 [INFO] IPUIPlugin:74 - create IPUIPlugin
2021-12-09 02:57:34,656 [INFO] PluginManager:213 - loadIPPluginJar : add tsc
2021-12-09 02:57:34,714 [INFO] IPUIPlugin:74 - create IPUIPlugin
2021-12-09 02:57:34,714 [INFO] PluginManager:213 - loadIPPluginJar : add ucpd
2021-12-09 02:57:34,809 [INFO] IPUIPlugin:74 - create IPUIPlugin
2021-12-09 02:57:34,809 [INFO] PluginManager:213 - loadIPPluginJar : add usart
2021-12-09 02:57:34,897 [INFO] IPUIPlugin:74 - create IPUIPlugin
2021-12-09 02:57:34,897 [INFO] PluginManager:213 - loadIPPluginJar : add usbx
2021-12-09 02:57:35,558 [FATAL] Updater:294 - Updater called before beeing initialized
2021-12-09 02:57:35,807 [FATAL] Updater:294 - Updater called before beeing initialized
2021-12-09 02:57:35,811 [INFO] DbMcusAds:47 - JSON generation date=Wed Sep 29 23:55:09 PDT 2021 (1632984909377)
2021-12-09 02:57:35,811 [FATAL] Updater:294 - Updater called before beeing initialized
2021-12-09 02:57:35,847 [INFO] ThirdPartyUpdaterWithRetryManager:66 - Updater plugin not ready yet. [3/15]
2021-12-09 02:57:35,985 [WARN] DetailPanel:314 - Failed to get advertising image, set to default
2021-12-09 02:57:36,194 [FATAL] Updater:294 - Updater called before beeing initialized
2021-12-09 02:57:36,198 [FATAL] Updater:294 - Updater called before beeing initialized
2021-12-09 02:57:36,198 [FATAL] Updater:294 - Updater called before beeing initialized
2021-12-09 02:57:36,198 [WARN] DetailPanel:314 - Failed to get advertising image, set to default
2021-12-09 02:57:36,198 [FATAL] Updater:294 - Updater called before beeing initialized
2021-12-09 02:57:36,314 [ERROR] Updater:1075 - MainUpdater not yet initialized. External WinMGr cannot be set.
2021-12-09 02:57:36,332 [INFO] Updater:1012 - Updater Version found : 6.3.0
2021-12-09 02:57:36,357 [INFO] ApplicationProperties:181 - Using Application install path: C:\ST\STM32CubeIDE_1.7.0\STM32CubeIDE\plugins\com.st.stm32cube.common.mx_6.3.0.202107141111
2021-12-09 02:57:36,818 [INFO] MainUpdater:2671 - connection check result : 10
2021-12-09 02:57:36,820 [INFO] MainUpdater:265 - Updater Check For Update Now.
2021-12-09 02:57:36,820 [INFO] MicroXplorer:478 - Change Database Version : DB.6.0.30
2021-12-09 02:57:37,086 [INFO] CheckServerUpdateThread:112 - End of CheckServer Thread
2021-12-09 02:57:37,124 [INFO] MainUpdater:2671 - connection check result : 10
2021-12-09 02:57:37,955 [INFO] McuFinderGlobals:52 - Set McuFinderConnectedMode to false
2021-12-09 02:57:38,171 [INFO] CrossSelectorPresenter:1330 - Cross Selector saved comparison directory: C:\Users\User\.stmcufinder\plugins\mcufinder\mcu\cs_comparisons_mx
2021-12-09 02:57:38,176 [INFO] MultiScanPanel:197 - Auto-refresh data requested => check proxy status ongoing
2021-12-09 02:57:38,176 [INFO] MultiScanPanel:201 - Proxy status is invalid
2021-12-09 02:57:38,184 [INFO] FinderPluginLoader:87 - Searching for filters in installed packs
2021-12-09 02:57:38,186 [INFO] DbMcusXml:100 - Load MCU database from C:\ST\STM32CubeIDE_1.7.0\STM32CubeIDE\plugins\com.st.stm32cube.common.mx_6.3.0.202107141111\\db\/mcu/families.xml
2021-12-09 02:57:39,096 [WARN] PackLoader:238 - Cannot read IP mode file for STMicroelectronics.X-CUBE-BLE1.6.2.2
2021-12-09 02:57:39,116 [WARN] PackLoader:238 - Cannot read IP mode file for STMicroelectronics.X-CUBE-BLE2.3.2.2
2021-12-09 02:57:39,140 [WARN] PackLoader:238 - Cannot read IP mode file for STMicroelectronics.X-CUBE-NFC4.2.0.3
2021-12-09 02:57:39,176 [WARN] PackLoader:238 - Cannot read IP mode file for STMicroelectronics.X-CUBE-SFXS2LP1.3.1.0
2021-12-09 02:57:39,240 [WARN] PackLoader:238 - Cannot read IP mode file for STMicroelectronics.X-CUBE-AZRTOS-F4.1.0.0
2021-12-09 02:57:39,275 [WARN] PackLoader:238 - Cannot read IP mode file for STMicroelectronics.X-CUBE-TOF1.2.0.0
2021-12-09 02:57:39,319 [WARN] PackLoader:238 - Cannot read IP mode file for STMicroelectronics.X-CUBE-SUBG2.4.2.0
2021-12-09 02:57:39,347 [WARN] PackLoader:238 - Cannot read IP mode file for STMicroelectronics.X-CUBE-ALGOBUILD.1.2.1
2021-12-09 02:57:39,364 [WARN] PackLoader:238 - Cannot read IP mode file for STMicroelectronics.X-CUBE-TOUCHGFX.4.18.0
2021-12-09 02:57:39,381 [WARN] PackLoader:238 - Cannot read IP mode file for wolfSSL.I-CUBE-wolfSSL.5.0.0
2021-12-09 02:57:39,423 [WARN] PackLoader:238 - Cannot read IP mode file for RoweBots.I-CUBE-UNISONRTOS.5.5.0-4
2021-12-09 02:57:39,554 [WARN] PackLoader:238 - Cannot read IP mode file for SEGGER.I-CUBE-embOS.1.2.0
2021-12-09 02:57:39,763 [WARN] PackLoader:238 - Cannot read IP mode file for STMicroelectronics.X-CUBE-AZRTOS-H7.2.0.0
2021-12-09 02:57:39,787 [INFO] DbMcusJson:93 - JSON generation date=Tue Nov 16 08:17:54 PST 2021 (1637079474)
2021-12-09 02:57:39,794 [WARN] PackLoader:238 - Cannot read IP mode file for STMicroelectronics.X-CUBE-AZRTOS-G4.1.0.0
2021-12-09 02:57:39,876 [WARN] PackLoader:238 - Cannot read IP mode file for STMicroelectronics.X-CUBE-AZRTOS-L4.1.0.0
2021-12-09 02:57:39,926 [WARN] PackLoader:238 - Cannot read IP mode file for STMicroelectronics.X-CUBE-AZRTOS-F7.1.0.0
2021-12-09 02:57:40,072 [WARN] PackLoader:238 - Cannot read IP mode file for STMicroelectronics.X-CUBE-MEMS1.9.1.0
2021-12-09 02:57:40,405 [WARN] PackLoader:238 - Cannot read IP mode file for STMicroelectronics.X-CUBE-ALS.1.0.1
2021-12-09 02:57:40,417 [WARN] PackLoader:238 - Cannot read IP mode file for STMicroelectronics.X-CUBE-AI.7.0.0
2021-12-09 02:57:40,470 [WARN] PackLoader:238 - Cannot read IP mode file for STMicroelectronics.X-CUBE-AZRTOS-L5.1.0.0
2021-12-09 02:57:40,516 [WARN] PackLoader:238 - Cannot read IP mode file for STMicroelectronics.X-CUBE-EEPRMA1.3.1.0
2021-12-09 02:57:40,536 [WARN] PackLoader:238 - Cannot read IP mode file for STMicroelectronics.X-CUBE-GNSS1.5.2.0
2021-12-09 02:57:40,551 [WARN] PackLoader:238 - Cannot read IP mode file for STMicroelectronics.X-CUBE-DISPLAY.2.0.0
2021-12-09 02:57:40,553 [INFO] ThirdParty:915 - Integrity check success = true
2021-12-09 02:57:40,553 [INFO] IntegrityCheckThread:94 - exiting critical section [integrity check]
2021-12-09 02:57:40,553 [INFO] IntegrityCheckThread:97 - End integrity checks thread
2021-12-09 02:57:40,972 [INFO] DbMcus:175 - Found 1951 MCUs (1903 are supported by CubeMX, 1914 are visible in CubeMX)
2021-12-09 02:57:40,982 [INFO] ApiDb:251 - Load user favorites file C:\Users\User/.stm32cubeide/favorites.mcus.txt: 1 item(s)
2021-12-09 02:57:40,982 [INFO] ApiDb:255 - User favorites MCUs=[STM32F401CCUx]
2021-12-09 02:57:40,982 [INFO] DbMcus:187 - Set 1 / 1 favorites MCUs
2021-12-09 02:57:41,919 [INFO] DetailPanel:309 - Set advertising image to C:/Users/User/STM32Cube/Repository/\en.Prom_NBSTM32U50921.jpg
2021-12-09 02:57:42,700 [INFO] DbBoardsPdsc:90 - Found 25 items
2021-12-09 02:57:42,726 [INFO] DbBoardsPdsc:90 - Found 9 items
2021-12-09 02:57:42,759 [INFO] DbBoardsPdsc:90 - Found 33 items
2021-12-09 02:57:42,787 [INFO] DbBoardsPdsc:90 - Found 1 items
2021-12-09 02:57:42,835 [INFO] DbBoardsPdsc:90 - Found 48 items
2021-12-09 02:57:42,890 [INFO] DbBoardsPdsc:90 - Found 43 items
2021-12-09 02:57:42,910 [INFO] DbBoardsPdsc:90 - Found 2 items
2021-12-09 02:57:42,926 [INFO] DbBoardsPdsc:90 - Found 5 items
2021-12-09 02:57:42,932 [WARN] DbBoardsPdsc:254 - Board STM32H7B3I-DK: unknown feature type=Audio, name=, username=Audio stereo codec with Headphone Amp (CS42L51-CNZ), n=1
2021-12-09 02:57:42,932 [WARN] DbBoardsPdsc:254 - Board STM32H735G-DK: unknown feature type=Audio, name=, username=Audio stereo codec with Headphone Amp (WM8994ECS/R), n=1
2021-12-09 02:57:42,932 [WARN] DbBoardsPdsc:254 - Board STM32H7B3I-EVAL: unknown feature type=Audio, name=, username=Multi-Channel Audio Codec (CS42L51-CNZ), n=1
2021-12-09 02:57:42,932 [WARN] DbBoardsPdsc:254 - Board STM32H7B3I-EVAL: unknown feature type=Meter, name=, username=Power-metering and Temperature-monitoring with sigma-delta modulators, n=1
2021-12-09 02:57:42,934 [WARN] DbBoardsPdsc:254 - Board STM32H7B3I-EVAL: unknown feature type=Motor, name=, username=Motor Control, n=1
2021-12-09 02:57:42,934 [WARN] DbBoardsPdsc:254 - Board STM32U575I-EV: unknown feature type=joystick, name=, username=4-direction joystick with selection button, n=1
2021-12-09 02:57:42,986 [INFO] DbBoardsJson:86 - JSON generation date=Tue Nov 16 08:17:54 PST 2021 (1637079474)
2021-12-09 02:57:42,990 [INFO] DbBoards:117 - Found 167 boards (163 are supported by CubeMX)
2021-12-09 02:57:43,002 [INFO] DbBoardsDocs:143 - JSON generation date=Tue Nov 16 08:17:54 PST 2021 (1637079474)
2021-12-09 02:57:43,009 [INFO] DbBoardsDocs:79 - Found 209 boards documents
2021-12-09 02:57:43,009 [WARN] DbBoards:127 - board B-L475E-IOT01A2 has no document id list !
2021-12-09 02:57:43,009 [WARN] DbBoards:127 - board NUCLEO-H743ZI has no document id list !
2021-12-09 02:57:43,009 [WARN] DbBoards:127 - board NUCLEO-WL55JC2 has no document id list !
2021-12-09 02:57:43,009 [WARN] DbBoards:127 - board P-NUCLEO-WB55-Nucleo has no document id list !
2021-12-09 02:57:43,014 [WARN] DbBoards:127 - board P-NUCLEO-WB55-USBDongle has no document id list !
2021-12-09 02:57:43,014 [WARN] DbBoards:127 - board STEVAL-BFA001V1B has no document id list !
2021-12-09 02:57:43,014 [WARN] DbBoards:127 - board STEVAL-BFA001V2B has no document id list !
2021-12-09 02:57:43,014 [WARN] DbBoards:127 - board STEVAL-IDP005V1 has no document id list !
2021-12-09 02:57:43,014 [WARN] DbBoards:127 - board STEVAL-IDP005V2 has no document id list !
2021-12-09 02:57:43,014 [WARN] DbBoards:127 - board STEVAL-MKSBOX1V1 has no document id list !
2021-12-09 02:57:43,014 [WARN] DbBoards:127 - board STEVAL-STWINKT1 has no document id list !
2021-12-09 02:57:43,014 [WARN] DbBoards:127 - board STEVAL-STWINKT1B has no document id list !
2021-12-09 02:57:43,014 [WARN] DbBoards:127 - board STM32439I-EVAL2 has no document id list !
2021-12-09 02:57:43,014 [WARN] DbBoards:127 - board STM32F401C-DISCO has no document id list !
2021-12-09 02:57:43,014 [WARN] DbBoards:127 - board STM32F769I-DISC1 has no document id list !
2021-12-09 02:57:43,014 [WARN] DbBoards:127 - board STM32G474E-EVAL1 has no document id list !
2021-12-09 02:57:43,014 [WARN] DbBoards:127 - board STM32H743I-EVAL2 has no document id list !
2021-12-09 02:57:43,014 [WARN] DbBoards:127 - board STM32H747I-DISC1 has no document id list !
2021-12-09 02:57:43,014 [WARN] DbBoards:127 - board STM32H753I-EVAL2 has no document id list !
2021-12-09 02:57:43,014 [WARN] DbBoards:127 - board STM32L-DISCOVERY has no document id list !
2021-12-09 02:57:43,310 [ERROR] DbBoards:189 - Image file not found for board B-U585I-IOT02A: C:\ST\STM32CubeIDE_1.7.0\STM32CubeIDE\plugins\com.st.stm32cube.common.mx_6.3.0.202107141111\\db\/plugins/mcufinder/images/boards/B-U585I-IOT02A_small.jpg
2021-12-09 02:57:43,571 [ERROR] DbBoards:189 - Image file not found for board NUCLEO-F413ZH: C:\ST\STM32CubeIDE_1.7.0\STM32CubeIDE\plugins\com.st.stm32cube.common.mx_6.3.0.202107141111\\db\/plugins/mcufinder/images/boards/nucleo-f413zh_small.jpg
2021-12-09 02:57:43,987 [ERROR] DbBoards:189 - Image file not found for board NUCLEO-L552ZE-Q: C:\ST\STM32CubeIDE_1.7.0\STM32CubeIDE\plugins\com.st.stm32cube.common.mx_6.3.0.202107141111\\db\/plugins/mcufinder/images/boards/nucleo_l552ze_q_small.jpg
2021-12-09 02:57:43,987 [ERROR] DbBoards:189 - Image file not found for board NUCLEO-U575ZI-Q: C:\ST\STM32CubeIDE_1.7.0\STM32CubeIDE\plugins\com.st.stm32cube.common.mx_6.3.0.202107141111\\db\/plugins/mcufinder/images/boards/nucleo-u575zi-q_small.jpg
2021-12-09 02:57:43,987 [ERROR] DbBoards:189 - Image file not found for board NUCLEO-WB15CC: C:\ST\STM32CubeIDE_1.7.0\STM32CubeIDE\plugins\com.st.stm32cube.common.mx_6.3.0.202107141111\\db\/plugins/mcufinder/images/boards/nucleo-wb15cc_small.jpg
2021-12-09 02:57:43,987 [ERROR] DbBoards:189 - Image file not found for board NUCLEO-WB55RG: C:\ST\STM32CubeIDE_1.7.0\STM32CubeIDE\plugins\com.st.stm32cube.common.mx_6.3.0.202107141111\\db\/plugins/mcufinder/images/boards/nucleo-wb55rg_small.jpg
2021-12-09 02:57:46,445 [INFO] ApiDb:251 - Load user favorites file C:\Users\User/.stm32cubeide/favorites.boards.txt: 0 item(s)
2021-12-09 02:57:46,458 [INFO] ApiDb:255 - User favorites Boards=[]
2021-12-09 02:57:46,458 [INFO] DbBoards:206 - Set 0 / 0 favorites Boards
2021-12-09 02:57:50,683 [INFO] McuFinderGlobals:52 - Set McuFinderConnectedMode to true
2021-12-09 02:57:51,084 [INFO] ApiDb:276 - Save user favorites file C:\Users\User/.stm32cubeide/favorites.mcus.txt: 1 item(s)
2021-12-09 02:57:51,084 [INFO] ApiDb:280 - User favorites MCUs=[STM32F401CCUx]
2021-12-09 02:58:45,205 [INFO] Activator:177 - 


2021-12-09 02:58:45,214 [INFO] Activator:178 - !SESSION log4j initialized
2021-12-09 21:30:11,274 [INFO] Activator:177 - 


2021-12-09 21:30:11,305 [INFO] Activator:178 - !SESSION log4j initialized
2021-12-11 06:16:19,511 [INFO] Activator:177 - 


2021-12-11 06:16:19,511 [INFO] Activator:178 - !SESSION log4j initialized
2021-12-11 07:31:36,103 [INFO] Activator:177 - 


2021-12-11 07:31:36,105 [INFO] Activator:178 - !SESSION log4j initialized
2021-12-11 08:44:05,568 [INFO] Activator:177 - 


2021-12-11 08:44:05,569 [INFO] Activator:178 - !SESSION log4j initialized
2021-12-17 05:56:27,856 [INFO] Activator:177 - 


2021-12-17 05:56:27,872 [INFO] Activator:178 - !SESSION log4j initialized
2021-12-17 06:05:21,653 [INFO] Activator:177 - 


2021-12-17 06:05:21,653 [INFO] Activator:178 - !SESSION log4j initialized
2021-12-17 21:06:16,276 [INFO] Activator:177 - 


2021-12-17 21:06:16,280 [INFO] Activator:178 - !SESSION log4j initialized
2021-12-17 21:19:10,580 [INFO] Activator:177 - 


2021-12-17 21:19:10,584 [INFO] Activator:178 - !SESSION log4j initialized
2021-12-25 00:03:49,874 [INFO] Activator:177 - 


2021-12-25 00:03:49,886 [INFO] Activator:178 - !SESSION log4j initialized
2021-12-25 00:04:23,244 [INFO] McuFinderGlobals:39 - Set McuFinder mode to 2 (CubeIDE integrated)
2021-12-25 00:04:24,216 [INFO] ApplicationProperties:181 - Using Application install path: C:\ST\STM32CubeIDE_1.7.0\STM32CubeIDE\plugins\com.st.stm32cube.common.mx_6.3.0.202107141111
2021-12-25 00:04:24,261 [INFO] DbMcusXml:74 - Set database path to: C:\ST\STM32CubeIDE_1.7.0\STM32CubeIDE\plugins\com.st.stm32cube.common.mx_6.3.0.202107141111\\db\/mcu/
2021-12-25 00:04:24,273 [INFO] DbBoardsPdsc:56 - Set plugin database path to: C:\ST\STM32CubeIDE_1.7.0\STM32CubeIDE\plugins\com.st.stm32cube.common.mx_6.3.0.202107141111\\db\/plugins/boardmanager/
2021-12-25 00:04:24,273 [INFO] DbMcus:258 - Set plugin images path to: C:\ST\STM32CubeIDE_1.7.0\STM32CubeIDE\plugins\com.st.stm32cube.common.mx_6.3.0.202107141111\\db\/plugins/mcufinder/images/
2021-12-25 00:04:24,273 [INFO] DbBoards:264 - Set plugin images path to: C:\ST\STM32CubeIDE_1.7.0\STM32CubeIDE\plugins\com.st.stm32cube.common.mx_6.3.0.202107141111\\db\/plugins/mcufinder/images/
2021-12-25 00:04:24,296 [INFO] DbExamples:333 - Set plugin images path to: C:\ST\STM32CubeIDE_1.7.0\STM32CubeIDE\plugins\com.st.stm32cube.common.mx_6.3.0.202107141111\\db\/plugins/mcufinder/images/
2021-12-25 00:04:24,324 [INFO] DbMcusAds:119 - Set database path to: C:\Users\User\.stmcufinder\plugins\mcufinder//mcu/
2021-12-25 00:04:24,324 [INFO] DbMcusDocs:110 - Set database path to: C:\Users\User\.stmcufinder\plugins\mcufinder//mcu/
2021-12-25 00:04:24,333 [INFO] DbMcusJson:64 - Set database path to: C:\Users\User\.stmcufinder\plugins\mcufinder//mcu/
2021-12-25 00:04:24,333 [INFO] DbBoardsDocs:110 - Set database path to: C:\Users\User\.stmcufinder\plugins\mcufinder//mcu/
2021-12-25 00:04:24,333 [INFO] DbBoardsJson:57 - Set database path to: C:\Users\User\.stmcufinder\plugins\mcufinder//mcu/
2021-12-25 00:04:24,369 [INFO] CrossReferenceDbSqlite:196 - Set database path to: C:\Users\User\.stmcufinder\plugins\mcufinder//mcu/cs/
2021-12-25 00:04:24,381 [INFO] DbExamplesSqlite:767 - Set database path to: C:\Users\User\.stmcufinder\plugins\mcufinder//mcu/
2021-12-25 00:04:24,777 [INFO] RulesReader:57 - Compatibility file has been processed (242 Rules)
2021-12-25 00:04:24,920 [INFO] DbMcusXml:74 - Set database path to: C:\ST\STM32CubeIDE_1.7.0\STM32CubeIDE\plugins\com.st.stm32cube.common.mx_6.3.0.202107141111\\db\/mcu/
2021-12-25 00:04:24,922 [INFO] DbBoardsPdsc:56 - Set plugin database path to: C:\ST\STM32CubeIDE_1.7.0\STM32CubeIDE\plugins\com.st.stm32cube.common.mx_6.3.0.202107141111\\db\/plugins/boardmanager/
2021-12-25 00:04:24,923 [INFO] DbMcus:258 - Set plugin images path to: C:\ST\STM32CubeIDE_1.7.0\STM32CubeIDE\plugins\com.st.stm32cube.common.mx_6.3.0.202107141111\\db\/plugins/mcufinder/images/
2021-12-25 00:04:24,923 [INFO] DbBoards:264 - Set plugin images path to: C:\ST\STM32CubeIDE_1.7.0\STM32CubeIDE\plugins\com.st.stm32cube.common.mx_6.3.0.202107141111\\db\/plugins/mcufinder/images/
2021-12-25 00:04:24,923 [INFO] DbExamples:333 - Set plugin images path to: C:\ST\STM32CubeIDE_1.7.0\STM32CubeIDE\plugins\com.st.stm32cube.common.mx_6.3.0.202107141111\\db\/plugins/mcufinder/images/
2021-12-25 00:04:24,924 [WARN] DbFile:35 - Overriding database path with different value: C:\Users\User\.stmcufinder\plugins\mcufinder/ => C:\Users\User\.stmcufinder\plugins\mcufinder
2021-12-25 00:04:24,924 [INFO] DbMcusAds:119 - Set database path to: C:\Users\User\.stmcufinder\plugins\mcufinder//mcu/
2021-12-25 00:04:24,924 [WARN] DbFile:35 - Overriding database path with different value: C:\Users\User\.stmcufinder\plugins\mcufinder/ => C:\Users\User\.stmcufinder\plugins\mcufinder
2021-12-25 00:04:24,924 [INFO] DbMcusDocs:110 - Set database path to: C:\Users\User\.stmcufinder\plugins\mcufinder//mcu/
2021-12-25 00:04:24,924 [WARN] DbFile:35 - Overriding database path with different value: C:\Users\User\.stmcufinder\plugins\mcufinder/ => C:\Users\User\.stmcufinder\plugins\mcufinder
2021-12-25 00:04:24,924 [INFO] DbMcusJson:64 - Set database path to: C:\Users\User\.stmcufinder\plugins\mcufinder//mcu/
2021-12-25 00:04:24,924 [WARN] DbFile:35 - Overriding database path with different value: C:\Users\User\.stmcufinder\plugins\mcufinder/ => C:\Users\User\.stmcufinder\plugins\mcufinder
2021-12-25 00:04:24,925 [INFO] DbBoardsDocs:110 - Set database path to: C:\Users\User\.stmcufinder\plugins\mcufinder//mcu/
2021-12-25 00:04:24,925 [WARN] DbFile:35 - Overriding database path with different value: C:\Users\User\.stmcufinder\plugins\mcufinder/ => C:\Users\User\.stmcufinder\plugins\mcufinder
2021-12-25 00:04:24,925 [INFO] DbBoardsJson:57 - Set database path to: C:\Users\User\.stmcufinder\plugins\mcufinder//mcu/
2021-12-25 00:04:24,925 [WARN] DbFile:35 - Overriding database path with different value: C:\Users\User\.stmcufinder\plugins\mcufinder/ => C:\Users\User\.stmcufinder\plugins\mcufinder
2021-12-25 00:04:24,925 [WARN] DbFile:35 - Overriding database path with different value: C:\Users\User\.stmcufinder\plugins\mcufinder/ => C:\Users\User\.stmcufinder\plugins\mcufinder
2021-12-25 00:04:24,925 [INFO] CrossReferenceDbSqlite:196 - Set database path to: C:\Users\User\.stmcufinder\plugins\mcufinder//mcu/cs/
2021-12-25 00:04:24,925 [WARN] DbFile:35 - Overriding database path with different value: C:\Users\User\.stmcufinder\plugins\mcufinder/ => C:\Users\User\.stmcufinder\plugins\mcufinder
2021-12-25 00:04:24,925 [INFO] DbExamplesSqlite:767 - Set database path to: C:\Users\User\.stmcufinder\plugins\mcufinder//mcu/
2021-12-25 00:04:25,049 [INFO] MainPanel:214 - HeapMemory: 268435456
2021-12-25 00:04:25,238 [INFO] DbMcusXml:74 - Set database path to: C:\ST\STM32CubeIDE_1.7.0\STM32CubeIDE\plugins\com.st.stm32cube.common.mx_6.3.0.202107141111\\db\/mcu/
2021-12-25 00:04:25,238 [INFO] DbBoardsPdsc:56 - Set plugin database path to: C:\ST\STM32CubeIDE_1.7.0\STM32CubeIDE\plugins\com.st.stm32cube.common.mx_6.3.0.202107141111\\db\/plugins/boardmanager/
2021-12-25 00:04:25,238 [INFO] DbMcus:258 - Set plugin images path to: C:\ST\STM32CubeIDE_1.7.0\STM32CubeIDE\plugins\com.st.stm32cube.common.mx_6.3.0.202107141111\\db\/plugins/mcufinder/images/
2021-12-25 00:04:25,238 [INFO] DbBoards:264 - Set plugin images path to: C:\ST\STM32CubeIDE_1.7.0\STM32CubeIDE\plugins\com.st.stm32cube.common.mx_6.3.0.202107141111\\db\/plugins/mcufinder/images/
2021-12-25 00:04:25,239 [INFO] DbExamples:333 - Set plugin images path to: C:\ST\STM32CubeIDE_1.7.0\STM32CubeIDE\plugins\com.st.stm32cube.common.mx_6.3.0.202107141111\\db\/plugins/mcufinder/images/
2021-12-25 00:04:25,239 [WARN] DbFile:35 - Overriding database path with different value: C:\Users\User\.stmcufinder\plugins\mcufinder/ => C:\Users\User\.stmcufinder\plugins\mcufinder
2021-12-25 00:04:25,240 [INFO] DbMcusAds:119 - Set database path to: C:\Users\User\.stmcufinder\plugins\mcufinder//mcu/
2021-12-25 00:04:25,240 [WARN] DbFile:35 - Overriding database path with different value: C:\Users\User\.stmcufinder\plugins\mcufinder/ => C:\Users\User\.stmcufinder\plugins\mcufinder
2021-12-25 00:04:25,240 [INFO] DbMcusDocs:110 - Set database path to: C:\Users\User\.stmcufinder\plugins\mcufinder//mcu/
2021-12-25 00:04:25,240 [WARN] DbFile:35 - Overriding database path with different value: C:\Users\User\.stmcufinder\plugins\mcufinder/ => C:\Users\User\.stmcufinder\plugins\mcufinder
2021-12-25 00:04:25,240 [INFO] DbMcusJson:64 - Set database path to: C:\Users\User\.stmcufinder\plugins\mcufinder//mcu/
2021-12-25 00:04:25,240 [WARN] DbFile:35 - Overriding database path with different value: C:\Users\User\.stmcufinder\plugins\mcufinder/ => C:\Users\User\.stmcufinder\plugins\mcufinder
2021-12-25 00:04:25,240 [INFO] DbBoardsDocs:110 - Set database path to: C:\Users\User\.stmcufinder\plugins\mcufinder//mcu/
2021-12-25 00:04:25,240 [WARN] DbFile:35 - Overriding database path with different value: C:\Users\User\.stmcufinder\plugins\mcufinder/ => C:\Users\User\.stmcufinder\plugins\mcufinder
2021-12-25 00:04:25,240 [INFO] DbBoardsJson:57 - Set database path to: C:\Users\User\.stmcufinder\plugins\mcufinder//mcu/
2021-12-25 00:04:25,240 [WARN] DbFile:35 - Overriding database path with different value: C:\Users\User\.stmcufinder\plugins\mcufinder/ => C:\Users\User\.stmcufinder\plugins\mcufinder
2021-12-25 00:04:25,240 [WARN] DbFile:35 - Overriding database path with different value: C:\Users\User\.stmcufinder\plugins\mcufinder/ => C:\Users\User\.stmcufinder\plugins\mcufinder
2021-12-25 00:04:25,240 [INFO] CrossReferenceDbSqlite:196 - Set database path to: C:\Users\User\.stmcufinder\plugins\mcufinder//mcu/cs/
2021-12-25 00:04:25,240 [WARN] DbFile:35 - Overriding database path with different value: C:\Users\User\.stmcufinder\plugins\mcufinder/ => C:\Users\User\.stmcufinder\plugins\mcufinder
2021-12-25 00:04:25,240 [INFO] DbExamplesSqlite:767 - Set database path to: C:\Users\User\.stmcufinder\plugins\mcufinder//mcu/
2021-12-25 00:04:25,286 [INFO] ApplicationProperties:181 - Using Application install path: C:\ST\STM32CubeIDE_1.7.0\STM32CubeIDE\plugins\com.st.stm32cube.common.mx_6.3.0.202107141111
2021-12-25 00:04:25,286 [INFO] PluginManage:188 - Search for loadable plugins [exclusion list=, ]
2021-12-25 00:04:25,290 [INFO] PluginManage:302 - Check plugin analytics
2021-12-25 00:04:30,203 [INFO] AnalyticsPlugin:257 - Accepted Software Licenses: 
2021-12-25 00:04:30,204 [INFO] AnalyticsPlugin:259 - Accepted CMSIS Pack Licenses: 
2021-12-25 00:04:30,204 [INFO] AnalyticsPlugin:261 - Accepted Firmware Licenses: 
2021-12-25 00:04:30,204 [INFO] PluginManage:352 - Loaded plugin analytics (category:tool,tabindex:-1)
2021-12-25 00:04:30,205 [INFO] PluginManage:302 - Check plugin clock
2021-12-25 00:04:30,249 [INFO] PluginManage:352 - Loaded plugin clock (category:base,tabindex:2)
2021-12-25 00:04:30,250 [INFO] PluginManage:302 - Check plugin ddr
2021-12-25 00:04:30,254 [INFO] PluginManage:352 - Loaded plugin ddr (category:tool,tabindex:6)
2021-12-25 00:04:30,255 [INFO] PluginManage:302 - Check plugin filemanager
2021-12-25 00:04:30,796 [INFO] PluginManage:352 - Loaded plugin filemanager (category:base,tabindex:10)
2021-12-25 00:04:30,797 [INFO] PluginManage:302 - Check plugin ipmanager
2021-12-25 00:04:30,813 [INFO] PluginManage:352 - Loaded plugin ipmanager (category:base,tabindex:5)
2021-12-25 00:04:30,813 [INFO] PluginManage:302 - Check plugin pinoutandconfiguration
2021-12-25 00:04:30,847 [INFO] PluginManage:352 - Loaded plugin pinoutandconfiguration (category:base,tabindex:1)
2021-12-25 00:04:30,847 [INFO] PluginManage:302 - Check plugin pinoutconfig
2021-12-25 00:04:30,928 [INFO] PluginManage:352 - Loaded plugin pinoutconfig (category:base,tabindex:0)
2021-12-25 00:04:30,928 [INFO] PluginManage:302 - Check plugin power
2021-12-25 00:04:30,972 [INFO] PluginManage:352 - Loaded plugin power (category:power,tabindex:4)
2021-12-25 00:04:30,972 [INFO] PluginManage:302 - Check plugin projectmanager
2021-12-25 00:04:31,017 [INFO] PluginManage:352 - Loaded plugin projectmanager (category:projectmanager,tabindex:3)
2021-12-25 00:04:31,018 [INFO] PluginManage:302 - Check plugin thirdparty
2021-12-25 00:04:31,679 [WARN] IntegrityCheckThread:78 - waiting for thirdparty lock release [integrity check]
2021-12-25 00:04:31,679 [INFO] PluginManage:352 - Loaded plugin thirdparty (category:base,tabindex:-1)
2021-12-25 00:04:31,680 [INFO] IntegrityCheckThread:80 - entering critical section [integrity check]
2021-12-25 00:04:31,680 [INFO] PluginManage:302 - Check plugin tools
2021-12-25 00:04:31,681 [INFO] ThirdPartyUpdaterWithRetryManager:66 - Updater plugin not ready yet. [1/15]
2021-12-25 00:04:31,890 [INFO] PluginManage:352 - Loaded plugin tools (category:base,tabindex:7)
2021-12-25 00:04:31,890 [INFO] PluginManage:302 - Check plugin tutovideos
2021-12-25 00:04:32,737 [INFO] PluginManage:352 - Loaded plugin tutovideos (category:base,tabindex:-1)
2021-12-25 00:04:32,737 [INFO] PluginManage:302 - Check plugin updater
2021-12-25 00:04:32,763 [INFO] PluginManage:352 - Loaded plugin updater (category:base,tabindex:12)
2021-12-25 00:04:32,765 [INFO] PluginManage:275 - PluginManage : Loaded plugins [13]
2021-12-25 00:04:33,386 [INFO] PinOutPanel:1463 - setPackage(No Configuration,No Configuration)
2021-12-25 00:04:33,600 [INFO] IPUIPlugin:74 - create IPUIPlugin
2021-12-25 00:04:33,600 [INFO] PluginManager:213 - loadIPPluginJar : add adc
2021-12-25 00:04:33,715 [INFO] IPUIPlugin:74 - create IPUIPlugin
2021-12-25 00:04:33,716 [INFO] PluginManager:213 - loadIPPluginJar : add aes
2021-12-25 00:04:33,819 [INFO] IPUIPlugin:74 - create IPUIPlugin
2021-12-25 00:04:33,835 [INFO] PluginManager:213 - loadIPPluginJar : add can
2021-12-25 00:04:33,873 [INFO] IPUIPlugin:74 - create IPUIPlugin
2021-12-25 00:04:33,873 [INFO] PluginManager:213 - loadIPPluginJar : add comp
2021-12-25 00:04:33,973 [INFO] IPUIPlugin:74 - create IPUIPlugin
2021-12-25 00:04:33,973 [INFO] PluginManager:213 - loadIPPluginJar : add cryp
2021-12-25 00:04:34,046 [INFO] IPUIPlugin:74 - create IPUIPlugin
2021-12-25 00:04:34,049 [INFO] PluginManager:213 - loadIPPluginJar : add dfsdm
2021-12-25 00:04:34,079 [INFO] IPUIPlugin:74 - create IPUIPlugin
2021-12-25 00:04:34,079 [INFO] PluginManager:213 - loadIPPluginJar : add dma
2021-12-25 00:04:34,166 [INFO] IPUIPlugin:74 - create IPUIPlugin
2021-12-25 00:04:34,166 [INFO] PluginManager:213 - loadIPPluginJar : add dma3
2021-12-25 00:04:34,213 [INFO] IPUIPlugin:74 - create IPUIPlugin
2021-12-25 00:04:34,213 [INFO] PluginManager:213 - loadIPPluginJar : add fatfs
2021-12-25 00:04:34,307 [INFO] IPUIPlugin:74 - create IPUIPlugin
2021-12-25 00:04:34,307 [INFO] PluginManager:213 - loadIPPluginJar : add fmc
2021-12-25 00:04:34,336 [INFO] IPUIPlugin:74 - create IPUIPlugin
2021-12-25 00:04:34,336 [INFO] PluginManager:213 - loadIPPluginJar : add freertos
2021-12-25 00:04:34,376 [INFO] IPUIPlugin:74 - create IPUIPlugin
2021-12-25 00:04:34,376 [INFO] PluginManager:213 - loadIPPluginJar : add genericplugin
2021-12-25 00:04:34,519 [INFO] IPUIPlugin:74 - create IPUIPlugin
2021-12-25 00:04:34,519 [INFO] PluginManager:213 - loadIPPluginJar : add gfxmmu
2021-12-25 00:04:34,695 [INFO] ThirdPartyUpdaterWithRetryManager:66 - Updater plugin not ready yet. [2/15]
2021-12-25 00:04:35,049 [INFO] IPUIPlugin:74 - create IPUIPlugin
2021-12-25 00:04:35,051 [INFO] PluginManager:213 - loadIPPluginJar : add gic
2021-12-25 00:04:35,147 [INFO] IPUIPlugin:74 - create IPUIPlugin
2021-12-25 00:04:35,149 [INFO] PluginManager:213 - loadIPPluginJar : add gpio
2021-12-25 00:04:35,674 [INFO] IPUIPlugin:74 - create IPUIPlugin
2021-12-25 00:04:35,676 [INFO] PluginManager:213 - loadIPPluginJar : add gtzc
2021-12-25 00:04:35,894 [INFO] IPUIPlugin:74 - create IPUIPlugin
2021-12-25 00:04:35,895 [INFO] PluginManager:213 - loadIPPluginJar : add hash
2021-12-25 00:04:36,192 [INFO] IPUIPlugin:74 - create IPUIPlugin
2021-12-25 00:04:36,192 [INFO] PluginManager:213 - loadIPPluginJar : add i2c
2021-12-25 00:04:36,387 [INFO] IPUIPlugin:74 - create IPUIPlugin
2021-12-25 00:04:36,387 [INFO] PluginManager:213 - loadIPPluginJar : add i2s
2021-12-25 00:04:36,400 [INFO] IPUIPlugin:74 - create IPUIPlugin
2021-12-25 00:04:36,400 [INFO] PluginManager:213 - loadIPPluginJar : add ipddr
2021-12-25 00:04:36,545 [INFO] IPUIPlugin:74 - create IPUIPlugin
2021-12-25 00:04:36,548 [INFO] PluginManager:213 - loadIPPluginJar : add linkedlist
2021-12-25 00:04:36,621 [INFO] IPUIPlugin:74 - create IPUIPlugin
2021-12-25 00:04:36,621 [INFO] PluginManager:213 - loadIPPluginJar : add lorawan
2021-12-25 00:04:36,693 [INFO] IPUIPlugin:74 - create IPUIPlugin
2021-12-25 00:04:36,694 [INFO] PluginManager:213 - loadIPPluginJar : add ltdc
2021-12-25 00:04:36,711 [INFO] IPUIPlugin:74 - create IPUIPlugin
2021-12-25 00:04:36,711 [INFO] PluginManager:213 - loadIPPluginJar : add mdma
2021-12-25 00:04:36,731 [INFO] IPUIPlugin:74 - create IPUIPlugin
2021-12-25 00:04:36,731 [INFO] PluginManager:213 - loadIPPluginJar : add nvic
2021-12-25 00:04:36,785 [INFO] IPUIPlugin:74 - create IPUIPlugin
2021-12-25 00:04:36,785 [INFO] PluginManager:213 - loadIPPluginJar : add opamp
2021-12-25 00:04:36,914 [INFO] IPUIPlugin:74 - create IPUIPlugin
2021-12-25 00:04:36,914 [INFO] PluginManager:213 - loadIPPluginJar : add openamp
2021-12-25 00:04:36,975 [INFO] IPUIPlugin:74 - create IPUIPlugin
2021-12-25 00:04:36,975 [INFO] PluginManager:213 - loadIPPluginJar : add pdm2pcm
2021-12-25 00:04:37,001 [INFO] IPUIPlugin:74 - create IPUIPlugin
2021-12-25 00:04:37,017 [INFO] PluginManager:213 - loadIPPluginJar : add plateformsettings
2021-12-25 00:04:37,053 [INFO] IPUIPlugin:74 - create IPUIPlugin
2021-12-25 00:04:37,053 [INFO] PluginManager:213 - loadIPPluginJar : add quadspi
2021-12-25 00:04:37,080 [INFO] IPUIPlugin:74 - create IPUIPlugin
2021-12-25 00:04:37,080 [INFO] PluginManager:213 - loadIPPluginJar : add resmgrutility
2021-12-25 00:04:37,168 [INFO] IPUIPlugin:74 - create IPUIPlugin
2021-12-25 00:04:37,168 [INFO] PluginManager:213 - loadIPPluginJar : add sai
2021-12-25 00:04:37,250 [INFO] IPUIPlugin:74 - create IPUIPlugin
2021-12-25 00:04:37,250 [INFO] PluginManager:213 - loadIPPluginJar : add spi
2021-12-25 00:04:37,337 [INFO] IPUIPlugin:74 - create IPUIPlugin
2021-12-25 00:04:37,337 [INFO] PluginManager:213 - loadIPPluginJar : add stm32_wpan
2021-12-25 00:04:37,388 [INFO] IPUIPlugin:74 - create IPUIPlugin
2021-12-25 00:04:37,388 [INFO] PluginManager:213 - loadIPPluginJar : add tim
2021-12-25 00:04:37,513 [INFO] IPUIPlugin:74 - create IPUIPlugin
2021-12-25 00:04:37,513 [INFO] PluginManager:213 - loadIPPluginJar : add touchsensing
2021-12-25 00:04:37,576 [INFO] IPUIPlugin:74 - create IPUIPlugin
2021-12-25 00:04:37,576 [INFO] PluginManager:213 - loadIPPluginJar : add tracer_emb
2021-12-25 00:04:37,641 [INFO] IPUIPlugin:74 - create IPUIPlugin
2021-12-25 00:04:37,641 [INFO] PluginManager:213 - loadIPPluginJar : add ts
2021-12-25 00:04:37,688 [INFO] IPUIPlugin:74 - create IPUIPlugin
2021-12-25 00:04:37,688 [INFO] PluginManager:213 - loadIPPluginJar : add tsc
2021-12-25 00:04:37,713 [INFO] ThirdPartyUpdaterWithRetryManager:66 - Updater plugin not ready yet. [3/15]
2021-12-25 00:04:37,715 [INFO] IPUIPlugin:74 - create IPUIPlugin
2021-12-25 00:04:37,715 [INFO] PluginManager:213 - loadIPPluginJar : add ucpd
2021-12-25 00:04:37,778 [INFO] IPUIPlugin:74 - create IPUIPlugin
2021-12-25 00:04:37,778 [INFO] PluginManager:213 - loadIPPluginJar : add usart
2021-12-25 00:04:37,854 [INFO] IPUIPlugin:74 - create IPUIPlugin
2021-12-25 00:04:37,854 [INFO] PluginManager:213 - loadIPPluginJar : add usbx
2021-12-25 00:04:38,549 [FATAL] Updater:294 - Updater called before beeing initialized
2021-12-25 00:04:38,844 [FATAL] Updater:294 - Updater called before beeing initialized
2021-12-25 00:04:38,871 [INFO] DbMcusAds:47 - JSON generation date=Wed Sep 29 23:55:09 PDT 2021 (1632984909265)
2021-12-25 00:04:38,871 [FATAL] Updater:294 - Updater called before beeing initialized
2021-12-25 00:04:39,087 [WARN] DetailPanel:314 - Failed to get advertising image, set to default
2021-12-25 00:04:39,409 [FATAL] Updater:294 - Updater called before beeing initialized
2021-12-25 00:04:39,412 [FATAL] Updater:294 - Updater called before beeing initialized
2021-12-25 00:04:39,414 [FATAL] Updater:294 - Updater called before beeing initialized
2021-12-25 00:04:39,414 [WARN] DetailPanel:314 - Failed to get advertising image, set to default
2021-12-25 00:04:39,417 [FATAL] Updater:294 - Updater called before beeing initialized
2021-12-25 00:04:39,553 [ERROR] Updater:1075 - MainUpdater not yet initialized. External WinMGr cannot be set.
2021-12-25 00:04:39,570 [INFO] Updater:1012 - Updater Version found : 6.3.0
2021-12-25 00:04:39,617 [INFO] ApplicationProperties:181 - Using Application install path: C:\ST\STM32CubeIDE_1.7.0\STM32CubeIDE\plugins\com.st.stm32cube.common.mx_6.3.0.202107141111
2021-12-25 00:04:40,108 [INFO] MainUpdater:2671 - connection check result : 10
2021-12-25 00:04:40,109 [INFO] MainUpdater:3359 - Updater definition file requires update
2021-12-25 00:04:40,113 [INFO] MainUpdater:265 - Updater Check For Update Now.
2021-12-25 00:04:40,115 [INFO] MicroXplorer:478 - Change Database Version : DB.6.0.30
2021-12-25 00:04:40,405 [INFO] ServerAccessManage:362 - Download File updaters.zip
2021-12-25 00:04:40,736 [WARN] MainUpdater:1122 - Updater busy. Cannot search thirdparties
2021-12-25 00:04:40,737 [INFO] ThirdPartyUpdaterWithRetryManager:92 - Updater plugin is busy. [1/15]
2021-12-25 00:04:40,836 [INFO] FileExtend:235 - Unzip File : updaters.zip
2021-12-25 00:04:40,836 [INFO] FileExtend:250 - Standard Zip Deflate
2021-12-25 00:04:41,936 [INFO] ServerAccessManage:362 - Download File PacksControlFlags.xml
2021-12-25 00:04:42,364 [INFO] ServerAccessManage:362 - Download File cubemx.pidx
2021-12-25 00:04:42,592 [INFO] LoadServerUpdatesThread:339 - End of LoadServerUpdate Thread
2021-12-25 00:04:42,777 [INFO] CheckServerUpdateThread:112 - End of CheckServer Thread
2021-12-25 00:04:42,803 [INFO] MainUpdater:2671 - connection check result : 10
2021-12-25 00:04:42,870 [INFO] McuFinderGlobals:52 - Set McuFinderConnectedMode to true
2021-12-25 00:04:43,280 [INFO] ServerAccessManage:362 - Download File mcusAds.json._tmp_
2021-12-25 00:04:43,403 [INFO] LoadUrlFilesThread:145 - End of LoadUrlFiles Thread
2021-12-25 00:04:43,747 [WARN] MainUpdater:1122 - Updater busy. Cannot search thirdparties
2021-12-25 00:04:43,747 [INFO] ThirdPartyUpdaterWithRetryManager:92 - Updater plugin is busy. [2/15]
2021-12-25 00:04:43,816 [INFO] ServerAccessManage:362 - Download File mcusDocs.json._tmp_
2021-12-25 00:04:44,050 [INFO] LoadUrlFilesThread:145 - End of LoadUrlFiles Thread
2021-12-25 00:04:44,394 [INFO] ServerAccessManage:362 - Download File mcusFeaturesAndDescription.json._tmp_
2021-12-25 00:04:46,754 [WARN] MainUpdater:1122 - Updater busy. Cannot search thirdparties
2021-12-25 00:04:46,754 [INFO] ThirdPartyUpdaterWithRetryManager:92 - Updater plugin is busy. [3/15]
2021-12-25 00:04:47,195 [INFO] LoadUrlFilesThread:145 - End of LoadUrlFiles Thread
2021-12-25 00:04:47,499 [INFO] ServerAccessManage:362 - Download File boardsDocs.json._tmp_
2021-12-25 00:04:47,660 [INFO] LoadUrlFilesThread:145 - End of LoadUrlFiles Thread
2021-12-25 00:04:47,967 [INFO] ServerAccessManage:362 - Download File boards.json._tmp_
2021-12-25 00:04:48,320 [INFO] LoadUrlFilesThread:145 - End of LoadUrlFiles Thread
2021-12-25 00:04:48,548 [INFO] ServerAccessManage:362 - Download File cube-finder-db.zip
2021-12-25 00:04:49,764 [WARN] MainUpdater:1122 - Updater busy. Cannot search thirdparties
2021-12-25 00:04:49,765 [INFO] ThirdPartyUpdaterWithRetryManager:92 - Updater plugin is busy. [4/15]
2021-12-25 00:04:52,777 [WARN] MainUpdater:1122 - Updater busy. Cannot search thirdparties
2021-12-25 00:04:52,777 [INFO] ThirdPartyUpdaterWithRetryManager:92 - Updater plugin is busy. [5/15]
2021-12-25 00:04:55,789 [WARN] MainUpdater:1122 - Updater busy. Cannot search thirdparties
2021-12-25 00:04:55,789 [INFO] ThirdPartyUpdaterWithRetryManager:92 - Updater plugin is busy. [6/15]
2021-12-25 00:04:58,377 [INFO] FileExtend:235 - Unzip File : cube-finder-db.zip
2021-12-25 00:04:58,377 [INFO] FileExtend:250 - Standard Zip Deflate
2021-12-25 00:04:58,797 [WARN] MainUpdater:1122 - Updater busy. Cannot search thirdparties
2021-12-25 00:04:58,797 [INFO] ThirdPartyUpdaterWithRetryManager:92 - Updater plugin is busy. [7/15]
2021-12-25 00:04:59,813 [INFO] LoadUrlFilesThread:145 - End of LoadUrlFiles Thread
2021-12-25 00:05:00,300 [INFO] ServerAccessManage:362 - Download File crdb.zip
2021-12-25 00:05:00,864 [INFO] FileExtend:235 - Unzip File : crdb.zip
2021-12-25 00:05:00,865 [INFO] FileExtend:250 - Standard Zip Deflate
2021-12-25 00:05:01,033 [INFO] LoadUrlFilesThread:145 - End of LoadUrlFiles Thread
2021-12-25 00:05:01,583 [INFO] ServerAccessManage:362 - Download File tutoVideoDB.zip
2021-12-25 00:05:01,738 [INFO] FileExtend:235 - Unzip File : tutoVideoDB.zip
2021-12-25 00:05:01,739 [INFO] FileExtend:250 - Standard Zip Deflate
2021-12-25 00:05:01,809 [WARN] MainUpdater:1122 - Updater busy. Cannot search thirdparties
2021-12-25 00:05:01,809 [INFO] ThirdPartyUpdaterWithRetryManager:92 - Updater plugin is busy. [8/15]
2021-12-25 00:05:01,858 [INFO] LoadUrlFilesThread:145 - End of LoadUrlFiles Thread
2021-12-25 00:05:01,862 [INFO] DbMcusAds:47 - JSON generation date=Wed Sep 29 23:55:09 PDT 2021 (1632984909261)
2021-12-25 00:05:01,894 [INFO] DbMcusDocs:143 - JSON generation date=Tue Nov 16 08:17:54 PST 2021 (1637079474)
2021-12-25 00:05:01,898 [INFO] DbMcusXml:100 - Load MCU database from C:\ST\STM32CubeIDE_1.7.0\STM32CubeIDE\plugins\com.st.stm32cube.common.mx_6.3.0.202107141111\\db\/mcu/families.xml
2021-12-25 00:05:03,434 [INFO] DbMcusJson:93 - JSON generation date=Tue Nov 16 08:17:54 PST 2021 (1637079474)
2021-12-25 00:05:04,713 [INFO] DbMcus:175 - Found 1951 MCUs (1903 are supported by CubeMX, 1914 are visible in CubeMX)
2021-12-25 00:05:04,722 [INFO] ApiDb:251 - Load user favorites file C:\Users\User/.stm32cubeide/favorites.mcus.txt: 1 item(s)
2021-12-25 00:05:04,722 [INFO] ApiDb:255 - User favorites MCUs=[STM32F401CCUx]
2021-12-25 00:05:04,722 [INFO] DbMcus:187 - Set 1 / 1 favorites MCUs
2021-12-25 00:05:05,043 [WARN] PackLoader:238 - Cannot read IP mode file for STMicroelectronics.X-CUBE-BLE1.6.2.2
2021-12-25 00:05:05,060 [WARN] PackLoader:238 - Cannot read IP mode file for STMicroelectronics.X-CUBE-BLE2.3.2.2
2021-12-25 00:05:05,078 [WARN] PackLoader:238 - Cannot read IP mode file for STMicroelectronics.X-CUBE-NFC4.2.0.3
2021-12-25 00:05:05,102 [WARN] PackLoader:238 - Cannot read IP mode file for STMicroelectronics.X-CUBE-SFXS2LP1.3.1.0
2021-12-25 00:05:05,174 [WARN] PackLoader:238 - Cannot read IP mode file for STMicroelectronics.X-CUBE-AZRTOS-F4.1.0.0
2021-12-25 00:05:05,201 [WARN] PackLoader:238 - Cannot read IP mode file for STMicroelectronics.X-CUBE-TOF1.2.0.0
2021-12-25 00:05:05,227 [WARN] PackLoader:238 - Cannot read IP mode file for STMicroelectronics.X-CUBE-SUBG2.4.2.0
2021-12-25 00:05:05,256 [WARN] PackLoader:238 - Cannot read IP mode file for STMicroelectronics.X-CUBE-ALGOBUILD.1.2.1
2021-12-25 00:05:05,273 [WARN] PackLoader:238 - Cannot read IP mode file for STMicroelectronics.X-CUBE-TOUCHGFX.4.18.1
2021-12-25 00:05:05,283 [WARN] PackLoader:238 - Cannot read IP mode file for STMicroelectronics.X-CUBE-TOUCHGFX.4.18.0
2021-12-25 00:05:05,297 [WARN] PackLoader:238 - Cannot read IP mode file for wolfSSL.I-CUBE-wolfSSL.5.0.0
2021-12-25 00:05:05,318 [WARN] PackLoader:238 - Cannot read IP mode file for RoweBots.I-CUBE-UNISONRTOS.5.5.0-4
2021-12-25 00:05:05,456 [WARN] PackLoader:238 - Cannot read IP mode file for SEGGER.I-CUBE-embOS.1.2.0
2021-12-25 00:05:05,580 [WARN] PackLoader:238 - Cannot read IP mode file for STMicroelectronics.X-CUBE-AZRTOS-H7.2.0.0
2021-12-25 00:05:05,614 [WARN] PackLoader:238 - Cannot read IP mode file for STMicroelectronics.X-CUBE-AZRTOS-G4.1.0.0
2021-12-25 00:05:05,635 [INFO] DbMcusDocs:79 - Found 682 MCUs documents
2021-12-25 00:05:05,641 [INFO] ApiDb:276 - Save user favorites file C:\Users\User/.stm32cubeide/favorites.mcus.txt: 1 item(s)
2021-12-25 00:05:05,642 [INFO] ApiDb:280 - User favorites MCUs=[STM32F401CCUx]
2021-12-25 00:05:05,642 [INFO] DbMcusXml:100 - Load MCU database from C:\ST\STM32CubeIDE_1.7.0\STM32CubeIDE\plugins\com.st.stm32cube.common.mx_6.3.0.202107141111\\db\/mcu/families.xml
2021-12-25 00:05:05,675 [WARN] PackLoader:238 - Cannot read IP mode file for STMicroelectronics.X-CUBE-AZRTOS-L4.1.0.0
2021-12-25 00:05:05,722 [WARN] PackLoader:238 - Cannot read IP mode file for STMicroelectronics.X-CUBE-AZRTOS-F7.1.0.0
2021-12-25 00:05:05,817 [WARN] PackLoader:238 - Cannot read IP mode file for STMicroelectronics.X-CUBE-MEMS1.9.1.0
2021-12-25 00:05:06,143 [WARN] PackLoader:238 - Cannot read IP mode file for STMicroelectronics.X-CUBE-ALS.1.0.1
2021-12-25 00:05:06,174 [WARN] PackLoader:238 - Cannot read IP mode file for STMicroelectronics.X-CUBE-AI.7.0.0
2021-12-25 00:05:06,222 [WARN] PackLoader:238 - Cannot read IP mode file for STMicroelectronics.X-CUBE-AZRTOS-L5.1.0.0
2021-12-25 00:05:06,245 [WARN] PackLoader:238 - Cannot read IP mode file for STMicroelectronics.X-CUBE-EEPRMA1.3.1.0
2021-12-25 00:05:06,267 [WARN] PackLoader:238 - Cannot read IP mode file for STMicroelectronics.X-CUBE-GNSS1.5.2.0
2021-12-25 00:05:06,296 [WARN] PackLoader:238 - Cannot read IP mode file for STMicroelectronics.X-CUBE-DISPLAY.2.0.0
2021-12-25 00:05:06,297 [INFO] ThirdParty:915 - Integrity check success = true
2021-12-25 00:05:06,298 [INFO] IntegrityCheckThread:94 - exiting critical section [integrity check]
2021-12-25 00:05:06,298 [INFO] IntegrityCheckThread:97 - End integrity checks thread
2021-12-25 00:05:07,028 [INFO] DbMcusJson:93 - JSON generation date=Tue Nov 16 08:17:54 PST 2021 (1637079474)
2021-12-25 00:05:08,158 [INFO] DbMcus:175 - Found 1951 MCUs (1903 are supported by CubeMX, 1914 are visible in CubeMX)
2021-12-25 00:05:08,158 [INFO] ApiDb:251 - Load user favorites file C:\Users\User/.stm32cubeide/favorites.mcus.txt: 1 item(s)
2021-12-25 00:05:08,159 [INFO] ApiDb:255 - User favorites MCUs=[STM32F401CCUx]
2021-12-25 00:05:08,159 [INFO] DbMcus:187 - Set 1 / 1 favorites MCUs
2021-12-25 00:05:08,168 [INFO] DbBoardsDocs:143 - JSON generation date=Tue Nov 16 08:17:54 PST 2021 (1637079474)
2021-12-25 00:05:08,194 [INFO] DbBoardsPdsc:90 - Found 25 items
2021-12-25 00:05:08,203 [INFO] DbBoardsPdsc:90 - Found 9 items
2021-12-25 00:05:08,224 [INFO] DbBoardsPdsc:90 - Found 33 items
2021-12-25 00:05:08,237 [INFO] DbBoardsPdsc:90 - Found 1 items
2021-12-25 00:05:08,287 [INFO] DbBoardsPdsc:90 - Found 48 items
2021-12-25 00:05:08,342 [INFO] DbBoardsPdsc:90 - Found 43 items
2021-12-25 00:05:08,368 [INFO] DbBoardsPdsc:90 - Found 2 items
2021-12-25 00:05:08,400 [INFO] DbBoardsPdsc:90 - Found 5 items
2021-12-25 00:05:08,416 [WARN] DbBoardsPdsc:254 - Board STM32H7B3I-DK: unknown feature type=Audio, name=, username=Audio stereo codec with Headphone Amp (CS42L51-CNZ), n=1
2021-12-25 00:05:08,417 [WARN] DbBoardsPdsc:254 - Board STM32H735G-DK: unknown feature type=Audio, name=, username=Audio stereo codec with Headphone Amp (WM8994ECS/R), n=1
2021-12-25 00:05:08,424 [WARN] DbBoardsPdsc:254 - Board STM32H7B3I-EVAL: unknown feature type=Audio, name=, username=Multi-Channel Audio Codec (CS42L51-CNZ), n=1
2021-12-25 00:05:08,425 [WARN] DbBoardsPdsc:254 - Board STM32H7B3I-EVAL: unknown feature type=Meter, name=, username=Power-metering and Temperature-monitoring with sigma-delta modulators, n=1
2021-12-25 00:05:08,425 [WARN] DbBoardsPdsc:254 - Board STM32H7B3I-EVAL: unknown feature type=Motor, name=, username=Motor Control, n=1
2021-12-25 00:05:08,430 [WARN] DbBoardsPdsc:254 - Board STM32U575I-EV: unknown feature type=joystick, name=, username=4-direction joystick with selection button, n=1
2021-12-25 00:05:08,514 [INFO] DbBoardsJson:86 - JSON generation date=Tue Nov 16 08:17:54 PST 2021 (1637079474)
2021-12-25 00:05:08,545 [INFO] DbBoards:117 - Found 167 boards (163 are supported by CubeMX)
2021-12-25 00:05:08,554 [INFO] DbBoardsDocs:143 - JSON generation date=Tue Nov 16 08:17:54 PST 2021 (1637079474)
2021-12-25 00:05:08,569 [INFO] DbBoardsDocs:79 - Found 209 boards documents
2021-12-25 00:05:08,579 [WARN] DbBoards:127 - board B-L475E-IOT01A2 has no document id list !
2021-12-25 00:05:08,583 [WARN] DbBoards:127 - board NUCLEO-H743ZI has no document id list !
2021-12-25 00:05:08,583 [WARN] DbBoards:127 - board NUCLEO-WL55JC2 has no document id list !
2021-12-25 00:05:08,583 [WARN] DbBoards:127 - board P-NUCLEO-WB55-Nucleo has no document id list !
2021-12-25 00:05:08,583 [WARN] DbBoards:127 - board P-NUCLEO-WB55-USBDongle has no document id list !
2021-12-25 00:05:08,583 [WARN] DbBoards:127 - board STEVAL-BFA001V1B has no document id list !
2021-12-25 00:05:08,583 [WARN] DbBoards:127 - board STEVAL-BFA001V2B has no document id list !
2021-12-25 00:05:08,583 [WARN] DbBoards:127 - board STEVAL-IDP005V1 has no document id list !
2021-12-25 00:05:08,587 [WARN] DbBoards:127 - board STEVAL-IDP005V2 has no document id list !
2021-12-25 00:05:08,587 [WARN] DbBoards:127 - board STEVAL-MKSBOX1V1 has no document id list !
2021-12-25 00:05:08,587 [WARN] DbBoards:127 - board STEVAL-STWINKT1 has no document id list !
2021-12-25 00:05:08,587 [WARN] DbBoards:127 - board STEVAL-STWINKT1B has no document id list !
2021-12-25 00:05:08,588 [WARN] DbBoards:127 - board STM32439I-EVAL2 has no document id list !
2021-12-25 00:05:08,588 [WARN] DbBoards:127 - board STM32F401C-DISCO has no document id list !
2021-12-25 00:05:08,592 [WARN] DbBoards:127 - board STM32F769I-DISC1 has no document id list !
2021-12-25 00:05:08,593 [WARN] DbBoards:127 - board STM32G474E-EVAL1 has no document id list !
2021-12-25 00:05:08,594 [WARN] DbBoards:127 - board STM32H743I-EVAL2 has no document id list !
2021-12-25 00:05:08,595 [WARN] DbBoards:127 - board STM32H747I-DISC1 has no document id list !
2021-12-25 00:05:08,596 [WARN] DbBoards:127 - board STM32H753I-EVAL2 has no document id list !
2021-12-25 00:05:08,597 [WARN] DbBoards:127 - board STM32L-DISCOVERY has no document id list !
2021-12-25 00:05:09,087 [ERROR] DbBoards:189 - Image file not found for board B-U585I-IOT02A: C:\ST\STM32CubeIDE_1.7.0\STM32CubeIDE\plugins\com.st.stm32cube.common.mx_6.3.0.202107141111\\db\/plugins/mcufinder/images/boards/B-U585I-IOT02A_small.jpg
2021-12-25 00:05:09,446 [ERROR] DbBoards:189 - Image file not found for board NUCLEO-F413ZH: C:\ST\STM32CubeIDE_1.7.0\STM32CubeIDE\plugins\com.st.stm32cube.common.mx_6.3.0.202107141111\\db\/plugins/mcufinder/images/boards/nucleo-f413zh_small.jpg
2021-12-25 00:05:10,075 [ERROR] DbBoards:189 - Image file not found for board NUCLEO-L552ZE-Q: C:\ST\STM32CubeIDE_1.7.0\STM32CubeIDE\plugins\com.st.stm32cube.common.mx_6.3.0.202107141111\\db\/plugins/mcufinder/images/boards/nucleo_l552ze_q_small.jpg
2021-12-25 00:05:10,075 [ERROR] DbBoards:189 - Image file not found for board NUCLEO-U575ZI-Q: C:\ST\STM32CubeIDE_1.7.0\STM32CubeIDE\plugins\com.st.stm32cube.common.mx_6.3.0.202107141111\\db\/plugins/mcufinder/images/boards/nucleo-u575zi-q_small.jpg
2021-12-25 00:05:10,083 [ERROR] DbBoards:189 - Image file not found for board NUCLEO-WB15CC: C:\ST\STM32CubeIDE_1.7.0\STM32CubeIDE\plugins\com.st.stm32cube.common.mx_6.3.0.202107141111\\db\/plugins/mcufinder/images/boards/nucleo-wb15cc_small.jpg
2021-12-25 00:05:10,083 [ERROR] DbBoards:189 - Image file not found for board NUCLEO-WB55RG: C:\ST\STM32CubeIDE_1.7.0\STM32CubeIDE\plugins\com.st.stm32cube.common.mx_6.3.0.202107141111\\db\/plugins/mcufinder/images/boards/nucleo-wb55rg_small.jpg
2021-12-25 00:05:14,049 [INFO] ApiDb:251 - Load user favorites file C:\Users\User/.stm32cubeide/favorites.boards.txt: 0 item(s)
2021-12-25 00:05:14,049 [INFO] ApiDb:255 - User favorites Boards=[]
2021-12-25 00:05:14,049 [INFO] DbBoards:206 - Set 0 / 0 favorites Boards
2021-12-25 00:05:14,065 [INFO] DbBoardsDocs:79 - Found 418 boards documents
2021-12-25 00:05:14,065 [INFO] ApiDb:276 - Save user favorites file C:\Users\User/.stm32cubeide/favorites.boards.txt: 0 item(s)
2021-12-25 00:05:14,065 [INFO] ApiDb:280 - User favorites Boards=[]
2021-12-25 00:05:14,080 [INFO] DbBoardsPdsc:90 - Found 25 items
2021-12-25 00:05:14,080 [INFO] DbBoardsPdsc:90 - Found 9 items
2021-12-25 00:05:14,096 [INFO] DbBoardsPdsc:90 - Found 33 items
2021-12-25 00:05:14,096 [INFO] DbBoardsPdsc:90 - Found 1 items
2021-12-25 00:05:14,112 [INFO] DbBoardsPdsc:90 - Found 48 items
2021-12-25 00:05:14,136 [INFO] DbBoardsPdsc:90 - Found 43 items
2021-12-25 00:05:14,141 [INFO] DbBoardsPdsc:90 - Found 2 items
2021-12-25 00:05:14,142 [INFO] DbBoardsPdsc:90 - Found 5 items
2021-12-25 00:05:14,154 [WARN] DbBoardsPdsc:254 - Board STM32H7B3I-DK: unknown feature type=Audio, name=, username=Audio stereo codec with Headphone Amp (CS42L51-CNZ), n=1
2021-12-25 00:05:14,155 [WARN] DbBoardsPdsc:254 - Board STM32H735G-DK: unknown feature type=Audio, name=, username=Audio stereo codec with Headphone Amp (WM8994ECS/R), n=1
2021-12-25 00:05:14,161 [WARN] DbBoardsPdsc:254 - Board STM32H7B3I-EVAL: unknown feature type=Audio, name=, username=Multi-Channel Audio Codec (CS42L51-CNZ), n=1
2021-12-25 00:05:14,161 [WARN] DbBoardsPdsc:254 - Board STM32H7B3I-EVAL: unknown feature type=Meter, name=, username=Power-metering and Temperature-monitoring with sigma-delta modulators, n=1
2021-12-25 00:05:14,161 [WARN] DbBoardsPdsc:254 - Board STM32H7B3I-EVAL: unknown feature type=Motor, name=, username=Motor Control, n=1
2021-12-25 00:05:14,162 [WARN] DbBoardsPdsc:254 - Board STM32U575I-EV: unknown feature type=joystick, name=, username=4-direction joystick with selection button, n=1
2021-12-25 00:05:14,232 [INFO] DbBoardsJson:86 - JSON generation date=Tue Nov 16 08:17:54 PST 2021 (1637079474)
2021-12-25 00:05:14,251 [INFO] DbBoards:117 - Found 167 boards (163 are supported by CubeMX)
2021-12-25 00:05:14,252 [WARN] DbBoards:127 - board B-L475E-IOT01A2 has no document id list !
2021-12-25 00:05:14,253 [WARN] DbBoards:127 - board NUCLEO-H743ZI has no document id list !
2021-12-25 00:05:14,253 [WARN] DbBoards:127 - board NUCLEO-WL55JC2 has no document id list !
2021-12-25 00:05:14,253 [WARN] DbBoards:127 - board P-NUCLEO-WB55-Nucleo has no document id list !
2021-12-25 00:05:14,253 [WARN] DbBoards:127 - board P-NUCLEO-WB55-USBDongle has no document id list !
2021-12-25 00:05:14,253 [WARN] DbBoards:127 - board STEVAL-BFA001V1B has no document id list !
2021-12-25 00:05:14,253 [WARN] DbBoards:127 - board STEVAL-BFA001V2B has no document id list !
2021-12-25 00:05:14,253 [WARN] DbBoards:127 - board STEVAL-IDP005V1 has no document id list !
2021-12-25 00:05:14,253 [WARN] DbBoards:127 - board STEVAL-IDP005V2 has no document id list !
2021-12-25 00:05:14,253 [WARN] DbBoards:127 - board STEVAL-MKSBOX1V1 has no document id list !
2021-12-25 00:05:14,253 [WARN] DbBoards:127 - board STEVAL-STWINKT1 has no document id list !
2021-12-25 00:05:14,253 [WARN] DbBoards:127 - board STEVAL-STWINKT1B has no document id list !
2021-12-25 00:05:14,253 [WARN] DbBoards:127 - board STM32439I-EVAL2 has no document id list !
2021-12-25 00:05:14,253 [WARN] DbBoards:127 - board STM32F401C-DISCO has no document id list !
2021-12-25 00:05:14,253 [WARN] DbBoards:127 - board STM32F769I-DISC1 has no document id list !
2021-12-25 00:05:14,253 [WARN] DbBoards:127 - board STM32G474E-EVAL1 has no document id list !
2021-12-25 00:05:14,258 [WARN] DbBoards:127 - board STM32H743I-EVAL2 has no document id list !
2021-12-25 00:05:14,258 [WARN] DbBoards:127 - board STM32H747I-DISC1 has no document id list !
2021-12-25 00:05:14,258 [WARN] DbBoards:127 - board STM32H753I-EVAL2 has no document id list !
2021-12-25 00:05:14,258 [WARN] DbBoards:127 - board STM32L-DISCOVERY has no document id list !
2021-12-25 00:05:14,466 [ERROR] DbBoards:189 - Image file not found for board B-U585I-IOT02A: C:\ST\STM32CubeIDE_1.7.0\STM32CubeIDE\plugins\com.st.stm32cube.common.mx_6.3.0.202107141111\\db\/plugins/mcufinder/images/boards/B-U585I-IOT02A_small.jpg
2021-12-25 00:05:14,740 [ERROR] DbBoards:189 - Image file not found for board NUCLEO-F413ZH: C:\ST\STM32CubeIDE_1.7.0\STM32CubeIDE\plugins\com.st.stm32cube.common.mx_6.3.0.202107141111\\db\/plugins/mcufinder/images/boards/nucleo-f413zh_small.jpg
2021-12-25 00:05:15,407 [ERROR] DbBoards:189 - Image file not found for board NUCLEO-L552ZE-Q: C:\ST\STM32CubeIDE_1.7.0\STM32CubeIDE\plugins\com.st.stm32cube.common.mx_6.3.0.202107141111\\db\/plugins/mcufinder/images/boards/nucleo_l552ze_q_small.jpg
2021-12-25 00:05:15,407 [ERROR] DbBoards:189 - Image file not found for board NUCLEO-U575ZI-Q: C:\ST\STM32CubeIDE_1.7.0\STM32CubeIDE\plugins\com.st.stm32cube.common.mx_6.3.0.202107141111\\db\/plugins/mcufinder/images/boards/nucleo-u575zi-q_small.jpg
2021-12-25 00:05:15,407 [ERROR] DbBoards:189 - Image file not found for board NUCLEO-WB15CC: C:\ST\STM32CubeIDE_1.7.0\STM32CubeIDE\plugins\com.st.stm32cube.common.mx_6.3.0.202107141111\\db\/plugins/mcufinder/images/boards/nucleo-wb15cc_small.jpg
2021-12-25 00:05:15,407 [ERROR] DbBoards:189 - Image file not found for board NUCLEO-WB55RG: C:\ST\STM32CubeIDE_1.7.0\STM32CubeIDE\plugins\com.st.stm32cube.common.mx_6.3.0.202107141111\\db\/plugins/mcufinder/images/boards/nucleo-wb55rg_small.jpg
2021-12-25 00:05:17,540 [INFO] ApiDb:251 - Load user favorites file C:\Users\User/.stm32cubeide/favorites.boards.txt: 0 item(s)
2021-12-25 00:05:17,540 [INFO] ApiDb:255 - User favorites Boards=[]
2021-12-25 00:05:17,540 [INFO] DbBoards:206 - Set 0 / 0 favorites Boards
2021-12-25 00:05:17,571 [INFO] LoadUrlFilesThread:172 - End of LoadServerUrlFiles without Thread
2021-12-25 00:05:17,571 [INFO] TargetSelectorAdapter:224 - Refresh data is successful
2021-12-25 00:05:17,739 [INFO] ApiDb:479 - Connected to CubeFinder SQLite database (C:\Users\User\.stmcufinder\plugins\mcufinder\mcu\cube-finder-db.db)
2021-12-25 00:05:18,964 [INFO] DbExamplesSqlite:411 - Ignored 15 examples not supported by CubeIDE
2021-12-25 00:05:18,964 [INFO] DbExamplesSqlite:412 - Found 6089 examples active
2021-12-25 00:05:18,964 [INFO] DbExamplesSqlite:413 - Found 0 examples obsolete
2021-12-25 00:05:18,964 [INFO] DbExamplesSqlite:414 - Found 0 examples under development
2021-12-25 00:05:18,964 [INFO] DbExamplesSqlite:415 - Found 94 examples not building
2021-12-25 00:05:19,002 [INFO] DbExamplesSqlite:108 - CubeFinder database Data Model version=2.1
2021-12-25 00:05:19,002 [INFO] DbExamplesSqlite:109 - CubeFinder database Configuration version=3.0.22
2021-12-25 00:05:19,003 [INFO] DbExamplesSqlite:110 - CubeFinder database generation date=2021-12-07 (1638868725)
2021-12-25 00:05:19,003 [INFO] DbExamplesSqlite:111 - CubeFinder database FW Pack versions=[STM32Cube_FW_F4_V1.26.2, STM32Cube_FW_F7_V1.16.1, STM32Cube_FW_G0_V1.5.0, STM32Cube_FW_G4_V1.5.0, STM32Cube_FW_H7_V1.9.0, STM32Cube_FW_L5_V1.4.0, STM32Cube_FW_U5_V1.0.2, STM32Cube_FW_WB_V1.13.0, STM32Cube_FW_WL_V1.1.0, X-CUBE-ALS_V1.0.1, X-CUBE-AZRTOS-F4_V1.0.0, X-CUBE-AZRTOS-F7_V1.0.0, X-CUBE-AZRTOS-G4_V1.0.0, X-CUBE-AZRTOS-H7_V2.0.0, X-CUBE-AZRTOS-L4_V1.0.0, X-CUBE-AZRTOS-L5_V1.0.0, X-CUBE-BLE1_V6.2.1, X-CUBE-BLE2_V3.2.2, X-CUBE-EEPRMA1_V3.1.0, X-CUBE-GNSS1_V5.2.0, X-CUBE-MEMS1_V9.1.0, X-CUBE-NFC4_V2.0.3, X-CUBE-SFXS2LP1_V3.1.0, X-CUBE-SUBG2_V4.2.0]
2021-12-25 00:05:19,003 [INFO] DbExamples:130 - Found 6168 examples
2021-12-25 00:05:20,138 [ERROR] DbExamples:206 - Found 6168 examples with invalid data (board or MCU)
2021-12-25 00:05:20,138 [INFO] DbExamples:222 - Found 74 boards with related examples
2021-12-25 00:05:20,138 [INFO] DbExamples:235 - Found 0 MCUs with related examples
2021-12-25 00:05:20,171 [INFO] ApiDb:251 - Load user favorites file C:\Users\User/.stm32cubeide/favorites.examples.txt: 0 item(s)
2021-12-25 00:05:20,172 [INFO] ApiDb:255 - User favorites Examples=[]
2021-12-25 00:05:20,172 [INFO] DbExamples:256 - Set 0 / 0 favorites Examples
2021-12-25 00:05:28,709 [INFO] McuFinderGlobals:52 - Set McuFinderConnectedMode to false
2021-12-25 00:05:28,714 [INFO] MainUpdater:2671 - connection check result : 10
2021-12-25 00:05:28,858 [INFO] CrossSelectorPresenter:1330 - Cross Selector saved comparison directory: C:\Users\User\.stmcufinder\plugins\mcufinder\mcu\cs_comparisons_mx
2021-12-25 00:05:28,864 [INFO] MultiScanPanel:197 - Auto-refresh data requested => check proxy status ongoing
2021-12-25 00:05:28,864 [INFO] MultiScanPanel:201 - Proxy status is invalid
2021-12-25 00:05:28,869 [INFO] FinderPluginLoader:87 - Searching for filters in installed packs
2021-12-25 00:05:29,580 [INFO] DetailPanel:309 - Set advertising image to C:/Users/User/STM32Cube/Repository/\en.Prom_NBSTM32U50921.jpg
2021-12-25 00:05:30,650 [INFO] McuFinderGlobals:52 - Set McuFinderConnectedMode to false
2021-12-25 00:05:30,665 [INFO] CrossSelectorPresenter:1330 - Cross Selector saved comparison directory: C:\Users\User\.stmcufinder\plugins\mcufinder\mcu\cs_comparisons_mx
2021-12-25 00:05:30,667 [INFO] MultiScanPanel:197 - Auto-refresh data requested => check proxy status ongoing
2021-12-25 00:05:30,667 [INFO] MultiScanPanel:201 - Proxy status is invalid
2021-12-25 00:05:30,667 [INFO] FinderPluginLoader:87 - Searching for filters in installed packs
2021-12-25 00:05:31,126 [INFO] DetailPanel:309 - Set advertising image to C:/Users/User/STM32Cube/Repository/\en.Prom_NBSTM32U50921.jpg
2021-12-25 00:06:03,207 [INFO] MainUpdater:2671 - connection check result : 10
2021-12-25 00:06:03,207 [INFO] MainUpdater:2671 - connection check result : 10
2021-12-25 00:06:03,388 [INFO] MicroXplorer:448 - Change Database Path : 
2021-12-25 00:06:03,388 [INFO] MicroXplorer:478 - Change Database Version : DB.6.0.30
2021-12-25 00:06:03,388 [WARN] ThirdParty:813 - waiting for thirdparty lock release [close project]
2021-12-25 00:06:03,388 [INFO] ThirdParty:815 - entering critical section [close project]
2021-12-25 00:06:03,388 [INFO] ThirdParty:825 - exiting critical section [close project]
2021-12-25 00:06:03,408 [INFO] PinOutPanel:1463 - setPackage(No Configuration,No Configuration)
2021-12-25 00:06:03,409 [INFO] UtilMem:74 - Begin LoadConfig() Used Memory: 600344896 Bytes (770703360)
2021-12-25 00:06:03,413 [INFO] MicroXplorer:448 - Change Database Path : 
2021-12-25 00:06:03,413 [INFO] MicroXplorer:478 - Change Database Version : DB.6.0.30
2021-12-25 00:06:03,414 [INFO] OpenFileManager:313 - Change cursor
2021-12-25 00:06:06,709 [INFO] Context:592 - Trying to add GPIOservice into a context  which must be forbidden
2021-12-25 00:06:07,232 [INFO] ImportTextPane:167 - (OptionalMessage_ERROR) Unable to find key (Mcu.ThirdPartyNb) in loaded IOC file
2021-12-25 00:06:07,232 [INFO] ImportTextPane:167 - (OptionalMessage_ERROR) Unable to find key (Mcu.PinsNb) in loaded IOC file
2021-12-25 00:06:07,232 [INFO] ImportTextPane:167 - (OptionalMessage_ERROR) Unable to find key (Mcu.IPNb) in loaded IOC file
2021-12-25 00:06:07,322 [WARN] ApiManager:304 - Cannot register API 'Board Extension:S2868A1' from pack STMicroelectronics.X-CUBE-SFXS2LP1.3.1.0: no header file found
2021-12-25 00:06:07,322 [WARN] ApiManager:304 - Cannot register API 'Board Extension:S2868A2' from pack STMicroelectronics.X-CUBE-SFXS2LP1.3.1.0: no header file found
2021-12-25 00:06:07,322 [WARN] ApiManager:304 - Cannot register API 'Board Extension:S2915A1' from pack STMicroelectronics.X-CUBE-SFXS2LP1.3.1.0: no header file found
2021-12-25 00:06:07,345 [WARN] ModelIntegratedComponent:60 - No mode defined for component null
2021-12-25 00:06:07,345 [WARN] ModelIntegratedComponent:60 - No mode defined for component null
2021-12-25 00:06:07,345 [WARN] ModelIntegratedComponent:60 - No mode defined for component null
2021-12-25 00:06:07,345 [WARN] ModelIntegratedComponent:60 - No mode defined for component null
2021-12-25 00:06:07,345 [WARN] ModelIntegratedComponent:60 - No mode defined for component null
2021-12-25 00:06:07,345 [WARN] ModelIntegratedComponent:60 - No mode defined for component null
2021-12-25 00:06:07,345 [WARN] ModelIntegratedComponent:60 - No mode defined for component null
2021-12-25 00:06:07,345 [WARN] ModelIntegratedComponent:60 - No mode defined for component null
2021-12-25 00:06:07,345 [WARN] ModelIntegratedComponent:60 - No mode defined for component null
2021-12-25 00:06:07,345 [WARN] ModelIntegratedComponent:60 - No mode defined for component null
2021-12-25 00:06:07,345 [WARN] ModelIntegratedComponent:60 - No mode defined for component null
2021-12-25 00:06:07,345 [WARN] ModelIntegratedComponent:60 - No mode defined for component null
2021-12-25 00:06:07,345 [WARN] ModelIntegratedComponent:60 - No mode defined for component null
2021-12-25 00:06:07,345 [WARN] ModelIntegratedComponent:60 - No mode defined for component null
2021-12-25 00:06:07,345 [WARN] ModelIntegratedComponent:60 - No mode defined for component null
2021-12-25 00:06:07,345 [WARN] ModelIntegratedComponent:60 - No mode defined for component null
2021-12-25 00:06:07,345 [WARN] ModelIntegratedComponent:60 - No mode defined for component null
2021-12-25 00:06:07,345 [WARN] ModelIntegratedComponent:60 - No mode defined for component null
2021-12-25 00:06:07,345 [WARN] ModelIntegratedComponent:60 - No mode defined for component null
2021-12-25 00:06:07,345 [WARN] ModelIntegratedComponent:60 - No mode defined for component null
2021-12-25 00:06:07,345 [WARN] ModelIntegratedComponent:60 - No mode defined for component null
2021-12-25 00:06:07,345 [WARN] ModelIntegratedComponent:60 - No mode defined for component null
2021-12-25 00:06:07,345 [WARN] ModelIntegratedComponent:60 - No mode defined for component null
2021-12-25 00:06:07,345 [WARN] ModelIntegratedComponent:60 - No mode defined for component null
2021-12-25 00:06:07,345 [WARN] ModelIntegratedComponent:60 - No mode defined for component null
2021-12-25 00:06:07,345 [WARN] ModelIntegratedComponent:60 - No mode defined for component null
2021-12-25 00:06:07,345 [WARN] ModelIntegratedComponent:60 - No mode defined for component null
2021-12-25 00:06:07,345 [WARN] ModelIntegratedComponent:60 - No mode defined for component null
2021-12-25 00:06:07,345 [WARN] ModelIntegratedComponent:60 - No mode defined for component null
2021-12-25 00:06:07,345 [WARN] ModelIntegratedComponent:60 - No mode defined for component null
2021-12-25 00:06:07,345 [WARN] ModelIntegratedComponent:60 - No mode defined for component null
2021-12-25 00:06:07,365 [WARN] ApiManager:304 - Cannot register API 'Board Extension:S2868A1' from pack STMicroelectronics.X-CUBE-SUBG2.4.2.0: no header file found
2021-12-25 00:06:07,365 [WARN] ApiManager:304 - Cannot register API 'Board Extension:S2868A2' from pack STMicroelectronics.X-CUBE-SUBG2.4.2.0: no header file found
2021-12-25 00:06:07,365 [WARN] ApiManager:304 - Cannot register API 'Board Extension:S2915A1' from pack STMicroelectronics.X-CUBE-SUBG2.4.2.0: no header file found
2021-12-25 00:06:07,588 [WARN] ApiManager:304 - Cannot register API 'Board Extension:IKS01A3' from pack STMicroelectronics.X-CUBE-MEMS1.9.1.0: no header file found
2021-12-25 00:06:07,588 [WARN] ApiManager:304 - Cannot register API 'Board Extension:IKS01A2' from pack STMicroelectronics.X-CUBE-MEMS1.9.1.0: no header file found
2021-12-25 00:06:07,588 [WARN] ApiManager:304 - Cannot register API 'Board Extension:IKS02A1' from pack STMicroelectronics.X-CUBE-MEMS1.9.1.0: no header file found
2021-12-25 00:06:07,603 [INFO] RtosManager:484 - Registered RTOS mode: class=CMSIS, group=RTOS, mode=CMSIS_V1, owner=FREERTOS
2021-12-25 00:06:07,603 [INFO] RtosManager:484 - Registered RTOS mode: class=CMSIS, group=RTOS2, mode=CMSIS_V2, owner=FREERTOS
2021-12-25 00:06:07,603 [INFO] RtosManager:484 - Registered RTOS mode: class=RTOS, group=Core, mode=CMSIS_V1, owner=FREERTOS
2021-12-25 00:06:07,603 [INFO] RtosManager:484 - Registered RTOS mode: class=RTOS, group=Core, mode=CMSIS_V2, owner=FREERTOS
2021-12-25 00:06:07,603 [WARN] ModelIntegratedComponent:181 - Missing modes for component STMicroelectronics:FreeRTOS:0.0.1:STMicroelectronics:RTOS:FreeRTOS:Core:::10.2.0:
2021-12-25 00:06:07,603 [WARN] ModelIntegratedComponent:179 - Modes not found for component STMicroelectronics:USB_DEVICE:1.0.0:STMicroelectronics:USB::USB Device:Audio HS::1.0:USB_DEVICE_1_0_RESTRICTED_HS
2021-12-25 00:06:07,603 [WARN] ModelIntegratedComponent:185 - Modes not found for component STMicroelectronics:USB_DEVICE:1.0.0:STMicroelectronics:USB::USB Device:Audio HS::1.0:USB_DEVICE_1_0_RESTRICTED_HS
2021-12-25 00:06:07,603 [WARN] ModelIntegratedComponent:179 - Modes not found for component STMicroelectronics:USB_DEVICE:1.0.0:STMicroelectronics:USB::USB Device:CDC HS::1.0:USB_DEVICE_1_0_RESTRICTED_HS
2021-12-25 00:06:07,603 [WARN] ModelIntegratedComponent:185 - Modes not found for component STMicroelectronics:USB_DEVICE:1.0.0:STMicroelectronics:USB::USB Device:CDC HS::1.0:USB_DEVICE_1_0_RESTRICTED_HS
2021-12-25 00:06:07,603 [WARN] ModelIntegratedComponent:179 - Modes not found for component STMicroelectronics:USB_DEVICE:1.0.0:STMicroelectronics:USB::USB Device:DFU HS::1.0:USB_DEVICE_1_0_RESTRICTED_HS
2021-12-25 00:06:07,603 [WARN] ModelIntegratedComponent:185 - Modes not found for component STMicroelectronics:USB_DEVICE:1.0.0:STMicroelectronics:USB::USB Device:DFU HS::1.0:USB_DEVICE_1_0_RESTRICTED_HS
2021-12-25 00:06:07,603 [WARN] ModelIntegratedComponent:179 - Modes not found for component STMicroelectronics:USB_DEVICE:1.0.0:STMicroelectronics:USB::USB Device:HID HS::1.0:USB_DEVICE_1_0_RESTRICTED_HS
2021-12-25 00:06:07,603 [WARN] ModelIntegratedComponent:185 - Modes not found for component STMicroelectronics:USB_DEVICE:1.0.0:STMicroelectronics:USB::USB Device:HID HS::1.0:USB_DEVICE_1_0_RESTRICTED_HS
2021-12-25 00:06:07,603 [WARN] ModelIntegratedComponent:179 - Modes not found for component STMicroelectronics:USB_DEVICE:1.0.0:STMicroelectronics:USB::USB Device:Custom HID HS::1.0:USB_DEVICE_1_0_RESTRICTED_HS
2021-12-25 00:06:07,603 [WARN] ModelIntegratedComponent:185 - Modes not found for component STMicroelectronics:USB_DEVICE:1.0.0:STMicroelectronics:USB::USB Device:Custom HID HS::1.0:USB_DEVICE_1_0_RESTRICTED_HS
2021-12-25 00:06:07,603 [WARN] ModelIntegratedComponent:179 - Modes not found for component STMicroelectronics:USB_DEVICE:1.0.0:STMicroelectronics:USB::USB Device:MSC HS::1.0:USB_DEVICE_1_0_RESTRICTED_HS
2021-12-25 00:06:07,603 [WARN] ModelIntegratedComponent:185 - Modes not found for component STMicroelectronics:USB_DEVICE:1.0.0:STMicroelectronics:USB::USB Device:MSC HS::1.0:USB_DEVICE_1_0_RESTRICTED_HS
2021-12-25 00:06:07,614 [WARN] ApiManager:304 - Cannot register API 'Board Extension:EEPRMA1' from pack STMicroelectronics.X-CUBE-EEPRMA1.3.1.0: no header file found
2021-12-25 00:06:07,614 [WARN] ApiManager:304 - Cannot register API 'Board Extension:EEPRMA2' from pack STMicroelectronics.X-CUBE-EEPRMA1.3.1.0: no header file found
2021-12-25 00:06:07,615 [WARN] ApiManager:304 - Cannot register API 'Board Extension:GNSS1A1' from pack STMicroelectronics.X-CUBE-GNSS1.5.2.0: no header file found
2021-12-25 00:06:07,615 [WARN] ApiManager:304 - Cannot register API 'Board Support:Custom' from pack STMicroelectronics.X-CUBE-GNSS1.5.2.0: no header file found
2021-12-25 00:06:07,615 [WARN] ApiManager:304 - Cannot register API 'Data Exchange:lib_gnss' from pack STMicroelectronics.X-CUBE-GNSS1.5.2.0: no header file found
2021-12-25 00:06:07,615 [WARN] ApiManager:304 - Cannot register API 'Wireless:BlueNRG-MS' from pack STMicroelectronics.X-CUBE-BLE1.6.2.2: no header file found
2021-12-25 00:06:07,615 [WARN] ApiManager:304 - Cannot register API 'Wireless:BlueNRG-2' from pack STMicroelectronics.X-CUBE-BLE2.3.2.2: no header file found
2021-12-25 00:06:07,615 [WARN] ModelIntegratedComponent:179 - Modes not found for component STMicroelectronics:USB_HOST:1.0.0:STMicroelectronics:USB::USB Host:Audio HS::1.0:USB_HOST_1_0_RESTRICTED_HS
2021-12-25 00:06:07,615 [WARN] ModelIntegratedComponent:185 - Modes not found for component STMicroelectronics:USB_HOST:1.0.0:STMicroelectronics:USB::USB Host:Audio HS::1.0:USB_HOST_1_0_RESTRICTED_HS
2021-12-25 00:06:07,615 [WARN] ModelIntegratedComponent:179 - Modes not found for component STMicroelectronics:USB_HOST:1.0.0:STMicroelectronics:USB::USB Host:CDC HS::1.0:USB_HOST_1_0_RESTRICTED_HS
2021-12-25 00:06:07,615 [WARN] ModelIntegratedComponent:185 - Modes not found for component STMicroelectronics:USB_HOST:1.0.0:STMicroelectronics:USB::USB Host:CDC HS::1.0:USB_HOST_1_0_RESTRICTED_HS
2021-12-25 00:06:07,615 [WARN] ModelIntegratedComponent:179 - Modes not found for component STMicroelectronics:USB_HOST:1.0.0:STMicroelectronics:USB::USB Host:MSC HS::1.0:USB_HOST_1_0_RESTRICTED_HS
2021-12-25 00:06:07,615 [WARN] ModelIntegratedComponent:185 - Modes not found for component STMicroelectronics:USB_HOST:1.0.0:STMicroelectronics:USB::USB Host:MSC HS::1.0:USB_HOST_1_0_RESTRICTED_HS
2021-12-25 00:06:07,615 [WARN] ModelIntegratedComponent:179 - Modes not found for component STMicroelectronics:USB_HOST:1.0.0:STMicroelectronics:USB::USB Host:HID HS::1.0:USB_HOST_1_0_RESTRICTED_HS
2021-12-25 00:06:07,615 [WARN] ModelIntegratedComponent:185 - Modes not found for component STMicroelectronics:USB_HOST:1.0.0:STMicroelectronics:USB::USB Host:HID HS::1.0:USB_HOST_1_0_RESTRICTED_HS
2021-12-25 00:06:07,615 [WARN] ModelIntegratedComponent:179 - Modes not found for component STMicroelectronics:USB_HOST:1.0.0:STMicroelectronics:USB::USB Host:MTP HS::1.0:USB_HOST_1_0_RESTRICTED_HS
2021-12-25 00:06:07,615 [WARN] ModelIntegratedComponent:185 - Modes not found for component STMicroelectronics:USB_HOST:1.0.0:STMicroelectronics:USB::USB Host:MTP HS::1.0:USB_HOST_1_0_RESTRICTED_HS
2021-12-25 00:06:07,619 [WARN] ApiManager:304 - Cannot register API 'Board Extension:NFC04A1' from pack STMicroelectronics.X-CUBE-NFC4.2.0.3: no header file found
2021-12-25 00:06:09,272 [INFO] UtilMem:74 - End LoadConfig() Used Memory: 667009888 Bytes (770703360)
2021-12-25 00:06:09,282 [WARN] ThirdParty:779 - waiting for thirdparty lock release [change project]
2021-12-25 00:06:09,282 [INFO] ThirdParty:781 - entering critical section [change project]
2021-12-25 00:06:09,282 [INFO] ThirdParty:967 - CMSIS Pack Vendor :wolfSSL I-CUBE-wolfSSL 5.0.0
2021-12-25 00:06:09,282 [INFO] ThirdParty:967 - CMSIS Pack Vendor :STMicroelectronics X-CUBE-SFXS2LP1 3.1.0
2021-12-25 00:06:09,282 [INFO] ThirdParty:967 - CMSIS Pack Vendor :RoweBots I-CUBE-UNISONRTOS 5.5.0-4
2021-12-25 00:06:09,282 [INFO] ThirdParty:967 - CMSIS Pack Vendor :STMicroelectronics X-CUBE-AZRTOS-F4 1.0.0
2021-12-25 00:06:09,282 [INFO] ThirdParty:967 - CMSIS Pack Vendor :STMicroelectronics USB_HOST 2.0.0
2021-12-25 00:06:09,282 [INFO] ThirdParty:967 - CMSIS Pack Vendor :STMicroelectronics X-CUBE-AZRTOS-H7 2.0.0
2021-12-25 00:06:09,282 [INFO] ThirdParty:967 - CMSIS Pack Vendor :STMicroelectronics X-CUBE-AZRTOS-G4 1.0.0
2021-12-25 00:06:09,282 [INFO] ThirdParty:967 - CMSIS Pack Vendor :STMicroelectronics X-CUBE-AZRTOS-L4 1.0.0
2021-12-25 00:06:09,282 [INFO] ThirdParty:967 - CMSIS Pack Vendor :STMicroelectronics USB_DEVICE 3.0.0
2021-12-25 00:06:09,282 [INFO] ThirdParty:967 - CMSIS Pack Vendor :STMicroelectronics X-CUBE-TOF1 2.0.0
2021-12-25 00:06:09,282 [INFO] ThirdParty:967 - CMSIS Pack Vendor :STMicroelectronics HAL Drivers 0.0.0
2021-12-25 00:06:09,282 [INFO] ThirdParty:967 - CMSIS Pack Vendor :STMicroelectronics MBEDTLS 2.16.2
2021-12-25 00:06:09,282 [INFO] ThirdParty:967 - CMSIS Pack Vendor :STMicroelectronics MBEDTLS 2.14.1
2021-12-25 00:06:09,282 [INFO] ThirdParty:967 - CMSIS Pack Vendor :STMicroelectronics X-CUBE-AZRTOS-F7 1.0.0
2021-12-25 00:06:09,282 [INFO] ThirdParty:967 - CMSIS Pack Vendor :STMicroelectronics X-CUBE-SUBG2 4.2.0
2021-12-25 00:06:09,282 [INFO] ThirdParty:967 - CMSIS Pack Vendor :STMicroelectronics X-CUBE-MEMS1 9.1.0
2021-12-25 00:06:09,282 [INFO] ThirdParty:967 - CMSIS Pack Vendor :STMicroelectronics X-CUBE-ALS 1.0.1
2021-12-25 00:06:09,282 [INFO] ThirdParty:967 - CMSIS Pack Vendor :STMicroelectronics USB_DEVICE 2.0.0
2021-12-25 00:06:09,282 [INFO] ThirdParty:967 - CMSIS Pack Vendor :STMicroelectronics X-CUBE-AI 7.0.0
2021-12-25 00:06:09,282 [INFO] ThirdParty:967 - CMSIS Pack Vendor :STMicroelectronics X-CUBE-ALGOBUILD 1.2.1
2021-12-25 00:06:09,282 [INFO] ThirdParty:967 - CMSIS Pack Vendor :STMicroelectronics X-CUBE-AZRTOS-L5 1.0.0
2021-12-25 00:06:09,282 [INFO] ThirdParty:967 - CMSIS Pack Vendor :STMicroelectronics FreeRTOS 0.0.1
2021-12-25 00:06:09,282 [INFO] ThirdParty:967 - CMSIS Pack Vendor :STMicroelectronics USB_DEVICE 1.0.0
2021-12-25 00:06:09,282 [INFO] ThirdParty:967 - CMSIS Pack Vendor :SEGGER I-CUBE-embOS 1.2.0
2021-12-25 00:06:09,282 [INFO] ThirdParty:967 - CMSIS Pack Vendor :STMicroelectronics X-CUBE-EEPRMA1 3.1.0
2021-12-25 00:06:09,282 [INFO] ThirdParty:967 - CMSIS Pack Vendor :STMicroelectronics X-CUBE-GNSS1 5.2.0
2021-12-25 00:06:09,282 [INFO] ThirdParty:967 - CMSIS Pack Vendor :STMicroelectronics ThreadX 0.0.2
2021-12-25 00:06:09,282 [INFO] ThirdParty:967 - CMSIS Pack Vendor :STMicroelectronics lwIP 2.0.3
2021-12-25 00:06:09,282 [INFO] ThirdParty:967 - CMSIS Pack Vendor :STMicroelectronics lwIP 2.1.2
2021-12-25 00:06:09,282 [INFO] ThirdParty:967 - CMSIS Pack Vendor :STMicroelectronics X-CUBE-BLE1 6.2.2
2021-12-25 00:06:09,282 [INFO] ThirdParty:967 - CMSIS Pack Vendor :STMicroelectronics X-CUBE-BLE2 3.2.2
2021-12-25 00:06:09,282 [INFO] ThirdParty:967 - CMSIS Pack Vendor :STMicroelectronics X-CUBE-DISPLAY 2.0.0
2021-12-25 00:06:09,282 [INFO] ThirdParty:967 - CMSIS Pack Vendor :STMicroelectronics USB_HOST 1.0.0
2021-12-25 00:06:09,282 [INFO] ThirdParty:967 - CMSIS Pack Vendor :STMicroelectronics X-CUBE-NFC4 2.0.3
2021-12-25 00:06:09,282 [INFO] ThirdParty:967 - CMSIS Pack Vendor :STMicroelectronics PDM2PCM 3.1.0
2021-12-25 00:06:09,282 [INFO] ThirdParty:967 - CMSIS Pack Vendor :STMicroelectronics PDM2PCM 3.2.0
2021-12-25 00:06:09,282 [INFO] ThirdParty:967 - CMSIS Pack Vendor :STMicroelectronics X-CUBE-TOUCHGFX 4.18.1
2021-12-25 00:06:09,282 [INFO] ThirdParty:967 - CMSIS Pack Vendor :STMicroelectronics PDM2PCM 3.3.0
2021-12-25 00:06:09,282 [INFO] ThirdParty:967 - CMSIS Pack Vendor :STMicroelectronics X-CUBE-TOUCHGFX 4.18.0
2021-12-25 00:06:09,282 [INFO] ThirdParty:787 - exiting critical section [change project]
2021-12-25 00:06:09,874 [INFO] PinOutPanel:1463 - setPackage(No Configuration,No Configuration)
2021-12-25 00:06:09,876 [INFO] PinOutPanel:1463 - setPackage(STM32F401CCFx,WLCSP49)
2021-12-25 00:06:10,777 [INFO] UtilMem:74 - Before build in PCC Used Memory: 602925032 Bytes (770703360)
2021-12-25 00:06:11,725 [INFO] UtilMem:74 - After build in PCC Used Memory: 598669344 Bytes (770703360)
2021-12-25 00:06:11,760 [INFO] IPUIPlugin:74 - create IPUIPlugin
2021-12-25 00:06:11,760 [INFO] IPUIPlugin:74 - create IPUIPlugin
2021-12-25 00:06:11,760 [INFO] IPUIPlugin:74 - create IPUIPlugin
2021-12-25 00:06:11,760 [INFO] IPUIPlugin:74 - create IPUIPlugin
2021-12-25 00:06:11,760 [INFO] IPUIPlugin:74 - create IPUIPlugin
2021-12-25 00:06:11,760 [INFO] IPUIPlugin:74 - create IPUIPlugin
2021-12-25 00:06:11,760 [INFO] IPUIPlugin:74 - create IPUIPlugin
2021-12-25 00:06:11,760 [INFO] IPUIPlugin:74 - create IPUIPlugin
2021-12-25 00:06:11,760 [INFO] IPUIPlugin:74 - create IPUIPlugin
2021-12-25 00:06:11,760 [INFO] IPUIPlugin:74 - create IPUIPlugin
2021-12-25 00:06:11,760 [INFO] IPUIPlugin:74 - create IPUIPlugin
2021-12-25 00:06:11,760 [INFO] IPUIPlugin:74 - create IPUIPlugin
2021-12-25 00:06:11,760 [INFO] IPUIPlugin:74 - create IPUIPlugin
2021-12-25 00:06:11,760 [INFO] IPUIPlugin:74 - create IPUIPlugin
2021-12-25 00:06:11,760 [INFO] IPUIPlugin:74 - create IPUIPlugin
2021-12-25 00:06:11,760 [INFO] IPUIPlugin:74 - create IPUIPlugin
2021-12-25 00:06:11,760 [INFO] IPUIPlugin:74 - create IPUIPlugin
2021-12-25 00:06:11,760 [INFO] IPUIPlugin:74 - create IPUIPlugin
2021-12-25 00:06:11,760 [INFO] IPUIPlugin:74 - create IPUIPlugin
2021-12-25 00:06:11,760 [INFO] IPUIPlugin:74 - create IPUIPlugin
2021-12-25 00:06:11,768 [INFO] IPUIPlugin:74 - create IPUIPlugin
2021-12-25 00:06:11,768 [INFO] IPUIPlugin:74 - create IPUIPlugin
2021-12-25 00:06:11,769 [INFO] IPUIPlugin:74 - create IPUIPlugin
2021-12-25 00:06:11,769 [INFO] IPUIPlugin:74 - create IPUIPlugin
2021-12-25 00:06:11,770 [INFO] IPUIPlugin:74 - create IPUIPlugin
2021-12-25 00:06:11,770 [INFO] IPUIPlugin:74 - create IPUIPlugin
2021-12-25 00:06:11,771 [INFO] IPUIPlugin:74 - create IPUIPlugin
2021-12-25 00:06:11,771 [INFO] IPUIPlugin:74 - create IPUIPlugin
2021-12-25 00:06:11,772 [INFO] IPUIPlugin:74 - create IPUIPlugin
2021-12-25 00:06:11,772 [INFO] IPUIPlugin:74 - create IPUIPlugin
2021-12-25 00:06:11,773 [INFO] IPUIPlugin:74 - create IPUIPlugin
2021-12-25 00:06:11,773 [INFO] IPUIPlugin:74 - create IPUIPlugin
2021-12-25 00:06:11,773 [INFO] IPUIPlugin:74 - create IPUIPlugin
2021-12-25 00:06:11,773 [INFO] IPUIPlugin:74 - create IPUIPlugin
2021-12-25 00:06:11,776 [INFO] IPUIPlugin:74 - create IPUIPlugin
2021-12-25 00:06:11,777 [INFO] IPUIPlugin:74 - create IPUIPlugin
2021-12-25 00:06:11,778 [INFO] IPUIPlugin:74 - create IPUIPlugin
2021-12-25 00:06:11,897 [INFO] ApiDbMcu:468 - Load IP Config File for PDM2PCM
2021-12-25 00:06:12,112 [INFO] OpenFileManager:333 - Restore cursor
2021-12-25 00:06:13,016 [INFO] UtilMem:74 - End SaveConfig() Used Memory: 604835784 Bytes (770703360)
2021-12-25 00:06:13,081 [INFO] UtilMem:74 - End SaveConfig() Used Memory: 621090760 Bytes (770703360)
2021-12-25 00:06:13,588 [INFO] BlockDiagram:2740 - set Specific Code input for plugin: NVIC
2021-12-25 00:06:13,588 [INFO] BlockDiagram:2740 - set Specific Code input for plugin: SYS
2021-12-25 00:06:13,588 [INFO] BlockDiagram:2740 - set Specific Code input for plugin: RCC
2021-12-25 00:06:13,589 [INFO] CodeGenerator:663 - code generatio: config db path: C:\ST\STM32CubeIDE_1.7.0\STM32CubeIDE\plugins\com.st.stm32cube.common.mx_6.3.0.202107141111\\db\
2021-12-25 00:06:14,180 [INFO] CodeEngine:239 - oldGeneratedFile, D:\1st\embedded\tasks\labs\lab7\MXTmpFiles\license.tmp_save
2021-12-25 00:06:14,773 [INFO] CodeEngine:257 - Generated code: D:\1st\embedded\tasks\labs\lab7\MXTmpFiles\license.tmp
2021-12-25 00:06:14,888 [INFO] CodeEngine:239 - oldGeneratedFile, D:\1st\embedded\tasks\labs\lab7\Core\Src\stm32f4xx_it.c_save
2021-12-25 00:06:15,103 [INFO] CodeEngine:257 - Generated code: D:\1st\embedded\tasks\labs\lab7\Core\Src\stm32f4xx_it.c
2021-12-25 00:06:15,117 [INFO] CodeEngine:239 - oldGeneratedFile, D:\1st\embedded\tasks\labs\lab7\Core\Inc\stm32f4xx_it.h_save
2021-12-25 00:06:15,229 [INFO] CodeEngine:257 - Generated code: D:\1st\embedded\tasks\labs\lab7\Core\Inc\stm32f4xx_it.h
2021-12-25 00:06:15,256 [INFO] CodeEngine:239 - oldGeneratedFile, D:\1st\embedded\tasks\labs\lab7\Core\Src\stm32f4xx_hal_msp.c_save
2021-12-25 00:06:15,438 [INFO] CodeEngine:257 - Generated code: D:\1st\embedded\tasks\labs\lab7\Core\Src\stm32f4xx_hal_msp.c
2021-12-25 00:06:15,444 [INFO] CodeEngine:239 - oldGeneratedFile, D:\1st\embedded\tasks\labs\lab7\MXTmpFiles\system.tmp_save
2021-12-25 00:06:15,562 [INFO] CodeEngine:257 - Generated code: D:\1st\embedded\tasks\labs\lab7\MXTmpFiles\system.tmp
2021-12-25 00:06:15,586 [INFO] CodeEngine:239 - oldGeneratedFile, D:\1st\embedded\tasks\labs\lab7\Core\Inc\stm32f4xx_hal_conf.h_save
2021-12-25 00:06:15,771 [INFO] CodeEngine:257 - Generated code: D:\1st\embedded\tasks\labs\lab7\Core\Inc\stm32f4xx_hal_conf.h
2021-12-25 00:06:15,859 [INFO] CodeEngine:239 - oldGeneratedFile, D:\1st\embedded\tasks\labs\lab7\Core\Inc\main.h_save
2021-12-25 00:06:15,971 [INFO] CodeEngine:257 - Generated code: D:\1st\embedded\tasks\labs\lab7\Core\Inc\main.h
2021-12-25 00:06:15,975 [INFO] CodeEngine:239 - oldGeneratedFile, D:\1st\embedded\tasks\labs\lab7\Core\Src\main.c_save
2021-12-25 00:06:16,162 [INFO] CodeEngine:257 - Generated code: D:\1st\embedded\tasks\labs\lab7\Core\Src\main.c
2021-12-25 00:06:17,734 [INFO] ProjectBuilder:2578 - Time for Copy HAL[1] : 375mS.
2021-12-25 00:06:17,741 [INFO] ProjectBuilder:3622 - Project Generator version: 3.14.1
2021-12-25 00:06:18,392 [INFO] ConfigFileManager:1271 - The Die is : DIE423
2021-12-25 00:06:18,429 [INFO] ApiDbMcu:468 - Load IP Config File for FATFS
2021-12-25 00:06:18,474 [INFO] ApiDbMcu:468 - Load IP Config File for FREERTOS
2021-12-25 00:06:18,487 [INFO] ApiDbMcu:468 - Load IP Config File for LIBJPEG
2021-12-25 00:06:18,576 [INFO] ApiDbMcu:468 - Load IP Config File for MBEDTLS
2021-12-25 00:06:18,686 [INFO] ApiDbMcu:468 - Load IP Config File for USB_DEVICE
2021-12-25 00:06:18,727 [INFO] ApiDbMcu:468 - Load IP Config File for USB_HOST
2021-12-25 00:06:29,122 [INFO] ProjectBuilder:3789 - Time for Generating toolchain IDE Files: 11381mS.
2021-12-25 00:06:29,123 [INFO] ProjectBuilder:2457 - Time for Copy CMSIS : 1mS.
2021-12-25 00:06:29,124 [INFO] ProjectBuilder:2457 - Time for Copy CMSIS : 0mS.
2021-12-25 00:06:30,976 [INFO] McuFinderGlobals:52 - Set McuFinderConnectedMode to true
2021-12-25 00:06:30,977 [INFO] ApiDb:276 - Save user favorites file C:\Users\User/.stm32cubeide/favorites.mcus.txt: 1 item(s)
2021-12-25 00:06:30,977 [INFO] ApiDb:280 - User favorites MCUs=[STM32F401CCUx]
2021-12-25 00:09:33,164 [INFO] Activator:177 - 


2021-12-25 00:09:33,164 [INFO] Activator:178 - !SESSION log4j initialized
2021-12-25 03:50:07,849 [INFO] Activator:177 - 


2021-12-25 03:50:07,857 [INFO] Activator:178 - !SESSION log4j initialized
2021-12-25 06:07:26,774 [INFO] Activator:177 - 


2021-12-25 06:07:26,774 [INFO] Activator:178 - !SESSION log4j initialized
