2021-12-06 07:58:03,788 [INFO] Activator:177 - 


2021-12-06 07:58:03,796 [INFO] Activator:178 - !SESSION log4j initialized
2021-12-06 07:58:10,897 [INFO] McuFinderGlobals:39 - Set McuFinder mode to 2 (CubeIDE integrated)
2021-12-06 07:58:14,534 [INFO] ApplicationProperties:181 - Using Application install path: C:\ST\STM32CubeIDE_1.7.0\STM32CubeIDE\plugins\com.st.stm32cube.common.mx_6.3.0.202107141111
2021-12-06 07:58:14,571 [INFO] DbMcusXml:74 - Set database path to: C:\ST\STM32CubeIDE_1.7.0\STM32CubeIDE\plugins\com.st.stm32cube.common.mx_6.3.0.202107141111\\db\/mcu/
2021-12-06 07:58:14,584 [INFO] DbBoardsPdsc:56 - Set plugin database path to: C:\ST\STM32CubeIDE_1.7.0\STM32CubeIDE\plugins\com.st.stm32cube.common.mx_6.3.0.202107141111\\db\/plugins/boardmanager/
2021-12-06 07:58:14,587 [INFO] DbMcus:258 - Set plugin images path to: C:\ST\STM32CubeIDE_1.7.0\STM32CubeIDE\plugins\com.st.stm32cube.common.mx_6.3.0.202107141111\\db\/plugins/mcufinder/images/
2021-12-06 07:58:14,588 [INFO] DbBoards:264 - Set plugin images path to: C:\ST\STM32CubeIDE_1.7.0\STM32CubeIDE\plugins\com.st.stm32cube.common.mx_6.3.0.202107141111\\db\/plugins/mcufinder/images/
2021-12-06 07:58:14,597 [INFO] DbExamples:333 - Set plugin images path to: C:\ST\STM32CubeIDE_1.7.0\STM32CubeIDE\plugins\com.st.stm32cube.common.mx_6.3.0.202107141111\\db\/plugins/mcufinder/images/
2021-12-06 07:58:14,619 [INFO] DbMcusAds:119 - Set database path to: C:\Users\User\.stmcufinder\plugins\mcufinder//mcu/
2021-12-06 07:58:14,620 [INFO] DbMcusDocs:110 - Set database path to: C:\Users\User\.stmcufinder\plugins\mcufinder//mcu/
2021-12-06 07:58:14,625 [INFO] DbMcusJson:64 - Set database path to: C:\Users\User\.stmcufinder\plugins\mcufinder//mcu/
2021-12-06 07:58:14,627 [INFO] DbBoardsDocs:110 - Set database path to: C:\Users\User\.stmcufinder\plugins\mcufinder//mcu/
2021-12-06 07:58:14,630 [INFO] DbBoardsJson:57 - Set database path to: C:\Users\User\.stmcufinder\plugins\mcufinder//mcu/
2021-12-06 07:58:14,637 [INFO] CrossReferenceDbSqlite:196 - Set database path to: C:\Users\User\.stmcufinder\plugins\mcufinder//mcu/cs/
2021-12-06 07:58:14,644 [INFO] DbExamplesSqlite:767 - Set database path to: C:\Users\User\.stmcufinder\plugins\mcufinder//mcu/
2021-12-06 07:58:14,847 [INFO] RulesReader:57 - Compatibility file has been processed (242 Rules)
2021-12-06 07:58:15,076 [INFO] DbMcusXml:74 - Set database path to: C:\ST\STM32CubeIDE_1.7.0\STM32CubeIDE\plugins\com.st.stm32cube.common.mx_6.3.0.202107141111\\db\/mcu/
2021-12-06 07:58:15,077 [INFO] DbBoardsPdsc:56 - Set plugin database path to: C:\ST\STM32CubeIDE_1.7.0\STM32CubeIDE\plugins\com.st.stm32cube.common.mx_6.3.0.202107141111\\db\/plugins/boardmanager/
2021-12-06 07:58:15,077 [INFO] DbMcus:258 - Set plugin images path to: C:\ST\STM32CubeIDE_1.7.0\STM32CubeIDE\plugins\com.st.stm32cube.common.mx_6.3.0.202107141111\\db\/plugins/mcufinder/images/
2021-12-06 07:58:15,077 [INFO] DbBoards:264 - Set plugin images path to: C:\ST\STM32CubeIDE_1.7.0\STM32CubeIDE\plugins\com.st.stm32cube.common.mx_6.3.0.202107141111\\db\/plugins/mcufinder/images/
2021-12-06 07:58:15,077 [INFO] DbExamples:333 - Set plugin images path to: C:\ST\STM32CubeIDE_1.7.0\STM32CubeIDE\plugins\com.st.stm32cube.common.mx_6.3.0.202107141111\\db\/plugins/mcufinder/images/
2021-12-06 07:58:15,077 [WARN] DbFile:35 - Overriding database path with different value: C:\Users\User\.stmcufinder\plugins\mcufinder/ => C:\Users\User\.stmcufinder\plugins\mcufinder
2021-12-06 07:58:15,077 [INFO] DbMcusAds:119 - Set database path to: C:\Users\User\.stmcufinder\plugins\mcufinder//mcu/
2021-12-06 07:58:15,077 [WARN] DbFile:35 - Overriding database path with different value: C:\Users\User\.stmcufinder\plugins\mcufinder/ => C:\Users\User\.stmcufinder\plugins\mcufinder
2021-12-06 07:58:15,077 [INFO] DbMcusDocs:110 - Set database path to: C:\Users\User\.stmcufinder\plugins\mcufinder//mcu/
2021-12-06 07:58:15,077 [WARN] DbFile:35 - Overriding database path with different value: C:\Users\User\.stmcufinder\plugins\mcufinder/ => C:\Users\User\.stmcufinder\plugins\mcufinder
2021-12-06 07:58:15,077 [INFO] DbMcusJson:64 - Set database path to: C:\Users\User\.stmcufinder\plugins\mcufinder//mcu/
2021-12-06 07:58:15,077 [WARN] DbFile:35 - Overriding database path with different value: C:\Users\User\.stmcufinder\plugins\mcufinder/ => C:\Users\User\.stmcufinder\plugins\mcufinder
2021-12-06 07:58:15,077 [INFO] DbBoardsDocs:110 - Set database path to: C:\Users\User\.stmcufinder\plugins\mcufinder//mcu/
2021-12-06 07:58:15,077 [WARN] DbFile:35 - Overriding database path with different value: C:\Users\User\.stmcufinder\plugins\mcufinder/ => C:\Users\User\.stmcufinder\plugins\mcufinder
2021-12-06 07:58:15,077 [INFO] DbBoardsJson:57 - Set database path to: C:\Users\User\.stmcufinder\plugins\mcufinder//mcu/
2021-12-06 07:58:15,077 [WARN] DbFile:35 - Overriding database path with different value: C:\Users\User\.stmcufinder\plugins\mcufinder/ => C:\Users\User\.stmcufinder\plugins\mcufinder
2021-12-06 07:58:15,077 [WARN] DbFile:35 - Overriding database path with different value: C:\Users\User\.stmcufinder\plugins\mcufinder/ => C:\Users\User\.stmcufinder\plugins\mcufinder
2021-12-06 07:58:15,085 [INFO] CrossReferenceDbSqlite:196 - Set database path to: C:\Users\User\.stmcufinder\plugins\mcufinder//mcu/cs/
2021-12-06 07:58:15,085 [WARN] DbFile:35 - Overriding database path with different value: C:\Users\User\.stmcufinder\plugins\mcufinder/ => C:\Users\User\.stmcufinder\plugins\mcufinder
2021-12-06 07:58:15,085 [INFO] DbExamplesSqlite:767 - Set database path to: C:\Users\User\.stmcufinder\plugins\mcufinder//mcu/
2021-12-06 07:58:15,274 [INFO] MainPanel:214 - HeapMemory: 268435456
2021-12-06 07:58:15,570 [INFO] DbMcusXml:74 - Set database path to: C:\ST\STM32CubeIDE_1.7.0\STM32CubeIDE\plugins\com.st.stm32cube.common.mx_6.3.0.202107141111\\db\/mcu/
2021-12-06 07:58:15,570 [INFO] DbBoardsPdsc:56 - Set plugin database path to: C:\ST\STM32CubeIDE_1.7.0\STM32CubeIDE\plugins\com.st.stm32cube.common.mx_6.3.0.202107141111\\db\/plugins/boardmanager/
2021-12-06 07:58:15,571 [INFO] DbMcus:258 - Set plugin images path to: C:\ST\STM32CubeIDE_1.7.0\STM32CubeIDE\plugins\com.st.stm32cube.common.mx_6.3.0.202107141111\\db\/plugins/mcufinder/images/
2021-12-06 07:58:15,571 [INFO] DbBoards:264 - Set plugin images path to: C:\ST\STM32CubeIDE_1.7.0\STM32CubeIDE\plugins\com.st.stm32cube.common.mx_6.3.0.202107141111\\db\/plugins/mcufinder/images/
2021-12-06 07:58:15,571 [INFO] DbExamples:333 - Set plugin images path to: C:\ST\STM32CubeIDE_1.7.0\STM32CubeIDE\plugins\com.st.stm32cube.common.mx_6.3.0.202107141111\\db\/plugins/mcufinder/images/
2021-12-06 07:58:15,573 [WARN] DbFile:35 - Overriding database path with different value: C:\Users\User\.stmcufinder\plugins\mcufinder/ => C:\Users\User\.stmcufinder\plugins\mcufinder
2021-12-06 07:58:15,574 [INFO] DbMcusAds:119 - Set database path to: C:\Users\User\.stmcufinder\plugins\mcufinder//mcu/
2021-12-06 07:58:15,575 [WARN] DbFile:35 - Overriding database path with different value: C:\Users\User\.stmcufinder\plugins\mcufinder/ => C:\Users\User\.stmcufinder\plugins\mcufinder
2021-12-06 07:58:15,575 [INFO] DbMcusDocs:110 - Set database path to: C:\Users\User\.stmcufinder\plugins\mcufinder//mcu/
2021-12-06 07:58:15,576 [WARN] DbFile:35 - Overriding database path with different value: C:\Users\User\.stmcufinder\plugins\mcufinder/ => C:\Users\User\.stmcufinder\plugins\mcufinder
2021-12-06 07:58:15,576 [INFO] DbMcusJson:64 - Set database path to: C:\Users\User\.stmcufinder\plugins\mcufinder//mcu/
2021-12-06 07:58:15,576 [WARN] DbFile:35 - Overriding database path with different value: C:\Users\User\.stmcufinder\plugins\mcufinder/ => C:\Users\User\.stmcufinder\plugins\mcufinder
2021-12-06 07:58:15,577 [INFO] DbBoardsDocs:110 - Set database path to: C:\Users\User\.stmcufinder\plugins\mcufinder//mcu/
2021-12-06 07:58:15,578 [WARN] DbFile:35 - Overriding database path with different value: C:\Users\User\.stmcufinder\plugins\mcufinder/ => C:\Users\User\.stmcufinder\plugins\mcufinder
2021-12-06 07:58:15,578 [INFO] DbBoardsJson:57 - Set database path to: C:\Users\User\.stmcufinder\plugins\mcufinder//mcu/
2021-12-06 07:58:15,579 [WARN] DbFile:35 - Overriding database path with different value: C:\Users\User\.stmcufinder\plugins\mcufinder/ => C:\Users\User\.stmcufinder\plugins\mcufinder
2021-12-06 07:58:15,579 [WARN] DbFile:35 - Overriding database path with different value: C:\Users\User\.stmcufinder\plugins\mcufinder/ => C:\Users\User\.stmcufinder\plugins\mcufinder
2021-12-06 07:58:15,580 [INFO] CrossReferenceDbSqlite:196 - Set database path to: C:\Users\User\.stmcufinder\plugins\mcufinder//mcu/cs/
2021-12-06 07:58:15,580 [WARN] DbFile:35 - Overriding database path with different value: C:\Users\User\.stmcufinder\plugins\mcufinder/ => C:\Users\User\.stmcufinder\plugins\mcufinder
2021-12-06 07:58:15,580 [INFO] DbExamplesSqlite:767 - Set database path to: C:\Users\User\.stmcufinder\plugins\mcufinder//mcu/
2021-12-06 07:58:15,651 [INFO] ApplicationProperties:181 - Using Application install path: C:\ST\STM32CubeIDE_1.7.0\STM32CubeIDE\plugins\com.st.stm32cube.common.mx_6.3.0.202107141111
2021-12-06 07:58:15,657 [INFO] PluginManage:188 - Search for loadable plugins [exclusion list=, ]
2021-12-06 07:58:15,662 [INFO] PluginManage:302 - Check plugin analytics
2021-12-06 07:58:25,242 [INFO] AnalyticsPlugin:257 - Accepted Software Licenses: 
2021-12-06 07:58:25,242 [INFO] AnalyticsPlugin:259 - Accepted CMSIS Pack Licenses: 
2021-12-06 07:58:25,242 [INFO] AnalyticsPlugin:261 - Accepted Firmware Licenses: 
2021-12-06 07:58:25,242 [INFO] PluginManage:352 - Loaded plugin analytics (category:tool,tabindex:-1)
2021-12-06 07:58:25,242 [INFO] PluginManage:302 - Check plugin clock
2021-12-06 07:58:25,306 [INFO] PluginManage:352 - Loaded plugin clock (category:base,tabindex:2)
2021-12-06 07:58:25,307 [INFO] PluginManage:302 - Check plugin ddr
2021-12-06 07:58:25,312 [INFO] PluginManage:352 - Loaded plugin ddr (category:tool,tabindex:6)
2021-12-06 07:58:25,313 [INFO] PluginManage:302 - Check plugin filemanager
2021-12-06 07:58:25,640 [INFO] PluginManage:352 - Loaded plugin filemanager (category:base,tabindex:10)
2021-12-06 07:58:25,640 [INFO] PluginManage:302 - Check plugin ipmanager
2021-12-06 07:58:25,656 [INFO] PluginManage:352 - Loaded plugin ipmanager (category:base,tabindex:5)
2021-12-06 07:58:25,656 [INFO] PluginManage:302 - Check plugin pinoutandconfiguration
2021-12-06 07:58:25,723 [INFO] PluginManage:352 - Loaded plugin pinoutandconfiguration (category:base,tabindex:1)
2021-12-06 07:58:25,723 [INFO] PluginManage:302 - Check plugin pinoutconfig
2021-12-06 07:58:25,819 [INFO] PluginManage:352 - Loaded plugin pinoutconfig (category:base,tabindex:0)
2021-12-06 07:58:25,820 [INFO] PluginManage:302 - Check plugin power
2021-12-06 07:58:25,875 [INFO] PluginManage:352 - Loaded plugin power (category:power,tabindex:4)
2021-12-06 07:58:25,875 [INFO] PluginManage:302 - Check plugin projectmanager
2021-12-06 07:58:25,924 [INFO] PluginManage:352 - Loaded plugin projectmanager (category:projectmanager,tabindex:3)
2021-12-06 07:58:25,925 [INFO] PluginManage:302 - Check plugin thirdparty
2021-12-06 07:58:26,506 [WARN] IntegrityCheckThread:78 - waiting for thirdparty lock release [integrity check]
2021-12-06 07:58:26,508 [INFO] IntegrityCheckThread:80 - entering critical section [integrity check]
2021-12-06 07:58:26,508 [INFO] PluginManage:352 - Loaded plugin thirdparty (category:base,tabindex:-1)
2021-12-06 07:58:26,508 [INFO] ThirdPartyUpdaterWithRetryManager:66 - Updater plugin not ready yet. [1/15]
2021-12-06 07:58:26,509 [INFO] PluginManage:302 - Check plugin tools
2021-12-06 07:58:26,650 [INFO] PluginManage:352 - Loaded plugin tools (category:base,tabindex:7)
2021-12-06 07:58:26,650 [INFO] PluginManage:302 - Check plugin tutovideos
2021-12-06 07:58:27,548 [INFO] PluginManage:352 - Loaded plugin tutovideos (category:base,tabindex:-1)
2021-12-06 07:58:27,548 [INFO] PluginManage:302 - Check plugin updater
2021-12-06 07:58:27,606 [INFO] PluginManage:352 - Loaded plugin updater (category:base,tabindex:12)
2021-12-06 07:58:27,611 [INFO] PluginManage:275 - PluginManage : Loaded plugins [13]
2021-12-06 07:58:28,022 [INFO] PinOutPanel:1463 - setPackage(No Configuration,No Configuration)
2021-12-06 07:58:28,244 [INFO] IPUIPlugin:74 - create IPUIPlugin
2021-12-06 07:58:28,244 [INFO] PluginManager:213 - loadIPPluginJar : add adc
2021-12-06 07:58:28,322 [INFO] IPUIPlugin:74 - create IPUIPlugin
2021-12-06 07:58:28,322 [INFO] PluginManager:213 - loadIPPluginJar : add aes
2021-12-06 07:58:28,394 [INFO] IPUIPlugin:74 - create IPUIPlugin
2021-12-06 07:58:28,394 [INFO] PluginManager:213 - loadIPPluginJar : add can
2021-12-06 07:58:28,430 [INFO] IPUIPlugin:74 - create IPUIPlugin
2021-12-06 07:58:28,430 [INFO] PluginManager:213 - loadIPPluginJar : add comp
2021-12-06 07:58:28,487 [INFO] IPUIPlugin:74 - create IPUIPlugin
2021-12-06 07:58:28,488 [INFO] PluginManager:213 - loadIPPluginJar : add cryp
2021-12-06 07:58:28,555 [INFO] IPUIPlugin:74 - create IPUIPlugin
2021-12-06 07:58:28,555 [INFO] PluginManager:213 - loadIPPluginJar : add dfsdm
2021-12-06 07:58:28,595 [INFO] IPUIPlugin:74 - create IPUIPlugin
2021-12-06 07:58:28,596 [INFO] PluginManager:213 - loadIPPluginJar : add dma
2021-12-06 07:58:28,692 [INFO] IPUIPlugin:74 - create IPUIPlugin
2021-12-06 07:58:28,692 [INFO] PluginManager:213 - loadIPPluginJar : add dma3
2021-12-06 07:58:28,747 [INFO] IPUIPlugin:74 - create IPUIPlugin
2021-12-06 07:58:28,747 [INFO] PluginManager:213 - loadIPPluginJar : add fatfs
2021-12-06 07:58:28,876 [INFO] IPUIPlugin:74 - create IPUIPlugin
2021-12-06 07:58:28,882 [INFO] PluginManager:213 - loadIPPluginJar : add fmc
2021-12-06 07:58:28,933 [INFO] IPUIPlugin:74 - create IPUIPlugin
2021-12-06 07:58:28,935 [INFO] PluginManager:213 - loadIPPluginJar : add freertos
2021-12-06 07:58:29,015 [INFO] IPUIPlugin:74 - create IPUIPlugin
2021-12-06 07:58:29,015 [INFO] PluginManager:213 - loadIPPluginJar : add genericplugin
2021-12-06 07:58:29,252 [INFO] IPUIPlugin:74 - create IPUIPlugin
2021-12-06 07:58:29,252 [INFO] PluginManager:213 - loadIPPluginJar : add gfxmmu
2021-12-06 07:58:29,516 [INFO] ThirdPartyUpdaterWithRetryManager:66 - Updater plugin not ready yet. [2/15]
2021-12-06 07:58:29,543 [INFO] IPUIPlugin:74 - create IPUIPlugin
2021-12-06 07:58:29,543 [INFO] PluginManager:213 - loadIPPluginJar : add gic
2021-12-06 07:58:29,572 [INFO] IPUIPlugin:74 - create IPUIPlugin
2021-12-06 07:58:29,573 [INFO] PluginManager:213 - loadIPPluginJar : add gpio
2021-12-06 07:58:29,744 [INFO] IPUIPlugin:74 - create IPUIPlugin
2021-12-06 07:58:29,744 [INFO] PluginManager:213 - loadIPPluginJar : add gtzc
2021-12-06 07:58:29,825 [INFO] IPUIPlugin:74 - create IPUIPlugin
2021-12-06 07:58:29,825 [INFO] PluginManager:213 - loadIPPluginJar : add hash
2021-12-06 07:58:29,943 [INFO] IPUIPlugin:74 - create IPUIPlugin
2021-12-06 07:58:29,943 [INFO] PluginManager:213 - loadIPPluginJar : add i2c
2021-12-06 07:58:30,112 [INFO] IPUIPlugin:74 - create IPUIPlugin
2021-12-06 07:58:30,112 [INFO] PluginManager:213 - loadIPPluginJar : add i2s
2021-12-06 07:58:30,142 [INFO] IPUIPlugin:74 - create IPUIPlugin
2021-12-06 07:58:30,142 [INFO] PluginManager:213 - loadIPPluginJar : add ipddr
2021-12-06 07:58:30,475 [INFO] IPUIPlugin:74 - create IPUIPlugin
2021-12-06 07:58:30,475 [INFO] PluginManager:213 - loadIPPluginJar : add linkedlist
2021-12-06 07:58:30,626 [INFO] IPUIPlugin:74 - create IPUIPlugin
2021-12-06 07:58:30,626 [INFO] PluginManager:213 - loadIPPluginJar : add lorawan
2021-12-06 07:58:30,776 [INFO] IPUIPlugin:74 - create IPUIPlugin
2021-12-06 07:58:30,782 [INFO] PluginManager:213 - loadIPPluginJar : add ltdc
2021-12-06 07:58:30,824 [INFO] IPUIPlugin:74 - create IPUIPlugin
2021-12-06 07:58:30,824 [INFO] PluginManager:213 - loadIPPluginJar : add mdma
2021-12-06 07:58:30,876 [INFO] IPUIPlugin:74 - create IPUIPlugin
2021-12-06 07:58:30,877 [INFO] PluginManager:213 - loadIPPluginJar : add nvic
2021-12-06 07:58:30,934 [INFO] IPUIPlugin:74 - create IPUIPlugin
2021-12-06 07:58:30,934 [INFO] PluginManager:213 - loadIPPluginJar : add opamp
2021-12-06 07:58:31,076 [INFO] IPUIPlugin:74 - create IPUIPlugin
2021-12-06 07:58:31,076 [INFO] PluginManager:213 - loadIPPluginJar : add openamp
2021-12-06 07:58:31,174 [INFO] IPUIPlugin:74 - create IPUIPlugin
2021-12-06 07:58:31,174 [INFO] PluginManager:213 - loadIPPluginJar : add pdm2pcm
2021-12-06 07:58:31,213 [INFO] IPUIPlugin:74 - create IPUIPlugin
2021-12-06 07:58:31,219 [INFO] PluginManager:213 - loadIPPluginJar : add plateformsettings
2021-12-06 07:58:31,276 [INFO] IPUIPlugin:74 - create IPUIPlugin
2021-12-06 07:58:31,276 [INFO] PluginManager:213 - loadIPPluginJar : add quadspi
2021-12-06 07:58:31,305 [INFO] IPUIPlugin:74 - create IPUIPlugin
2021-12-06 07:58:31,306 [INFO] PluginManager:213 - loadIPPluginJar : add resmgrutility
2021-12-06 07:58:31,463 [INFO] IPUIPlugin:74 - create IPUIPlugin
2021-12-06 07:58:31,463 [INFO] PluginManager:213 - loadIPPluginJar : add sai
2021-12-06 07:58:31,593 [INFO] IPUIPlugin:74 - create IPUIPlugin
2021-12-06 07:58:31,593 [INFO] PluginManager:213 - loadIPPluginJar : add spi
2021-12-06 07:58:31,765 [INFO] IPUIPlugin:74 - create IPUIPlugin
2021-12-06 07:58:31,765 [INFO] PluginManager:213 - loadIPPluginJar : add stm32_wpan
2021-12-06 07:58:31,838 [INFO] IPUIPlugin:74 - create IPUIPlugin
2021-12-06 07:58:31,838 [INFO] PluginManager:213 - loadIPPluginJar : add tim
2021-12-06 07:58:32,026 [INFO] IPUIPlugin:74 - create IPUIPlugin
2021-12-06 07:58:32,031 [INFO] PluginManager:213 - loadIPPluginJar : add touchsensing
2021-12-06 07:58:32,094 [INFO] IPUIPlugin:74 - create IPUIPlugin
2021-12-06 07:58:32,095 [INFO] PluginManager:213 - loadIPPluginJar : add tracer_emb
2021-12-06 07:58:32,154 [INFO] IPUIPlugin:74 - create IPUIPlugin
2021-12-06 07:58:32,154 [INFO] PluginManager:213 - loadIPPluginJar : add ts
2021-12-06 07:58:32,205 [INFO] IPUIPlugin:74 - create IPUIPlugin
2021-12-06 07:58:32,205 [INFO] PluginManager:213 - loadIPPluginJar : add tsc
2021-12-06 07:58:32,260 [INFO] IPUIPlugin:74 - create IPUIPlugin
2021-12-06 07:58:32,260 [INFO] PluginManager:213 - loadIPPluginJar : add ucpd
2021-12-06 07:58:32,441 [INFO] IPUIPlugin:74 - create IPUIPlugin
2021-12-06 07:58:32,446 [INFO] PluginManager:213 - loadIPPluginJar : add usart
2021-12-06 07:58:32,519 [INFO] ThirdPartyUpdaterWithRetryManager:66 - Updater plugin not ready yet. [3/15]
2021-12-06 07:58:32,566 [INFO] IPUIPlugin:74 - create IPUIPlugin
2021-12-06 07:58:32,566 [INFO] PluginManager:213 - loadIPPluginJar : add usbx
2021-12-06 07:58:33,562 [FATAL] Updater:294 - Updater called before beeing initialized
2021-12-06 07:58:34,176 [FATAL] Updater:294 - Updater called before beeing initialized
2021-12-06 07:58:34,196 [INFO] DbMcusAds:47 - JSON generation date=Wed Sep 29 23:55:09 PDT 2021 (1632984909377)
2021-12-06 07:58:34,196 [FATAL] Updater:294 - Updater called before beeing initialized
2021-12-06 07:58:34,512 [WARN] DetailPanel:314 - Failed to get advertising image, set to default
2021-12-06 07:58:35,087 [FATAL] Updater:294 - Updater called before beeing initialized
2021-12-06 07:58:35,091 [FATAL] Updater:294 - Updater called before beeing initialized
2021-12-06 07:58:35,091 [FATAL] Updater:294 - Updater called before beeing initialized
2021-12-06 07:58:35,091 [WARN] DetailPanel:314 - Failed to get advertising image, set to default
2021-12-06 07:58:35,095 [FATAL] Updater:294 - Updater called before beeing initialized
2021-12-06 07:58:35,376 [ERROR] Updater:1075 - MainUpdater not yet initialized. External WinMGr cannot be set.
2021-12-06 07:58:35,411 [INFO] Updater:1012 - Updater Version found : 6.3.0
2021-12-06 07:58:35,477 [INFO] ApplicationProperties:181 - Using Application install path: C:\ST\STM32CubeIDE_1.7.0\STM32CubeIDE\plugins\com.st.stm32cube.common.mx_6.3.0.202107141111
2021-12-06 07:58:35,531 [INFO] ThirdPartyUpdaterWithRetryManager:66 - Updater plugin not ready yet. [4/15]
2021-12-06 07:58:36,041 [INFO] MainUpdater:2671 - connection check result : 10
2021-12-06 07:58:36,043 [INFO] MainUpdater:3359 - Updater definition file requires update
2021-12-06 07:58:36,046 [INFO] MainUpdater:265 - Updater Check For Update Now.
2021-12-06 07:58:36,046 [INFO] MicroXplorer:478 - Change Database Version : DB.6.0.30
2021-12-06 07:58:36,405 [INFO] ServerAccessManage:362 - Download File updaters.zip
2021-12-06 07:58:36,654 [INFO] FileExtend:235 - Unzip File : updaters.zip
2021-12-06 07:58:36,654 [INFO] FileExtend:250 - Standard Zip Deflate
2021-12-06 07:58:37,741 [INFO] ServerAccessManage:362 - Download File PacksControlFlags.xml
2021-12-06 07:58:38,104 [INFO] ServerAccessManage:362 - Download File cubemx.pidx
2021-12-06 07:58:38,540 [WARN] MainUpdater:1122 - Updater busy. Cannot search thirdparties
2021-12-06 07:58:38,540 [INFO] ThirdPartyUpdaterWithRetryManager:92 - Updater plugin is busy. [1/15]
2021-12-06 07:58:40,305 [INFO] ServerAccessManage:362 - Download File STMicroelectronics.X-CUBE-AZRTOS-F7.pdsc
2021-12-06 07:58:40,778 [INFO] ServerAccessManage:362 - Download File STMicroelectronics.X-CUBE-AZRTOS-L5.pdsc
2021-12-06 07:58:41,076 [INFO] ServerAccessManage:362 - Download File STMicroelectronics.X-CUBE-AZRTOS-G4.pdsc
2021-12-06 07:58:41,550 [WARN] MainUpdater:1122 - Updater busy. Cannot search thirdparties
2021-12-06 07:58:41,550 [INFO] ThirdPartyUpdaterWithRetryManager:92 - Updater plugin is busy. [2/15]
2021-12-06 07:58:41,721 [WARN] PackLoader:238 - Cannot read IP mode file for STMicroelectronics.X-CUBE-AZRTOS-F7.1.0.0
2021-12-06 07:58:41,734 [INFO] CheckServerUpdateThread:112 - End of CheckServer Thread
2021-12-06 07:58:41,806 [WARN] PackLoader:238 - Cannot read IP mode file for STMicroelectronics.X-CUBE-AZRTOS-L5.1.0.0
2021-12-06 07:58:41,828 [INFO] MainUpdater:2671 - connection check result : 10
2021-12-06 07:58:41,871 [INFO] McuFinderGlobals:52 - Set McuFinderConnectedMode to true
2021-12-06 07:58:41,886 [WARN] PackLoader:238 - Cannot read IP mode file for STMicroelectronics.X-CUBE-AZRTOS-G4.1.0.0
2021-12-06 07:58:41,904 [INFO] PopulateThirdPartyThread:60 - Ending populate Thread
2021-12-06 07:58:41,908 [INFO] ThirdParty:967 - CMSIS Pack Vendor :STMicroelectronics X-CUBE-AZRTOS-F7 1.0.0
2021-12-06 07:58:41,908 [INFO] ThirdParty:967 - CMSIS Pack Vendor :STMicroelectronics X-CUBE-AZRTOS-L5 1.0.0
2021-12-06 07:58:41,909 [INFO] ThirdParty:967 - CMSIS Pack Vendor :STMicroelectronics X-CUBE-AZRTOS-G4 1.0.0
2021-12-06 07:58:41,910 [INFO] LoadServerUpdatesThread:339 - End of LoadServerUpdate Thread
2021-12-06 07:58:42,270 [INFO] ServerAccessManage:362 - Download File mcusAds.json._tmp_
2021-12-06 07:58:42,390 [INFO] LoadUrlFilesThread:145 - End of LoadUrlFiles Thread
2021-12-06 07:58:42,822 [INFO] ServerAccessManage:362 - Download File mcusDocs.json._tmp_
2021-12-06 07:58:43,055 [INFO] LoadUrlFilesThread:145 - End of LoadUrlFiles Thread
2021-12-06 07:58:43,413 [INFO] ServerAccessManage:362 - Download File mcusFeaturesAndDescription.json._tmp_
2021-12-06 07:58:44,558 [WARN] MainUpdater:1122 - Updater busy. Cannot search thirdparties
2021-12-06 07:58:44,558 [INFO] ThirdPartyUpdaterWithRetryManager:92 - Updater plugin is busy. [3/15]
2021-12-06 07:58:46,354 [INFO] LoadUrlFilesThread:145 - End of LoadUrlFiles Thread
2021-12-06 07:58:46,643 [INFO] ServerAccessManage:362 - Download File boardsDocs.json._tmp_
2021-12-06 07:58:46,763 [INFO] LoadUrlFilesThread:145 - End of LoadUrlFiles Thread
2021-12-06 07:58:47,081 [INFO] ServerAccessManage:362 - Download File boards.json._tmp_
2021-12-06 07:58:47,562 [WARN] MainUpdater:1122 - Updater busy. Cannot search thirdparties
2021-12-06 07:58:47,562 [INFO] ThirdPartyUpdaterWithRetryManager:92 - Updater plugin is busy. [4/15]
2021-12-06 07:58:47,586 [INFO] LoadUrlFilesThread:145 - End of LoadUrlFiles Thread
2021-12-06 07:58:47,898 [INFO] ServerAccessManage:362 - Download File cube-finder-db.zip
2021-12-06 07:58:50,570 [WARN] MainUpdater:1122 - Updater busy. Cannot search thirdparties
2021-12-06 07:58:50,570 [INFO] ThirdPartyUpdaterWithRetryManager:92 - Updater plugin is busy. [5/15]
2021-12-06 07:58:53,574 [WARN] MainUpdater:1122 - Updater busy. Cannot search thirdparties
2021-12-06 07:58:53,574 [INFO] ThirdPartyUpdaterWithRetryManager:92 - Updater plugin is busy. [6/15]
2021-12-06 07:58:56,581 [WARN] MainUpdater:1122 - Updater busy. Cannot search thirdparties
2021-12-06 07:58:56,583 [INFO] ThirdPartyUpdaterWithRetryManager:92 - Updater plugin is busy. [7/15]
2021-12-06 07:58:56,862 [INFO] FileExtend:235 - Unzip File : cube-finder-db.zip
2021-12-06 07:58:56,863 [INFO] FileExtend:250 - Standard Zip Deflate
2021-12-06 07:58:58,151 [INFO] LoadUrlFilesThread:145 - End of LoadUrlFiles Thread
2021-12-06 07:58:58,551 [INFO] ServerAccessManage:362 - Download File crdb.zip
2021-12-06 07:58:59,013 [INFO] FileExtend:235 - Unzip File : crdb.zip
2021-12-06 07:58:59,014 [INFO] FileExtend:250 - Standard Zip Deflate
2021-12-06 07:58:59,162 [INFO] LoadUrlFilesThread:145 - End of LoadUrlFiles Thread
2021-12-06 07:58:59,556 [INFO] ServerAccessManage:362 - Download File tutoVideoDB.zip
2021-12-06 07:58:59,589 [WARN] MainUpdater:1122 - Updater busy. Cannot search thirdparties
2021-12-06 07:58:59,589 [INFO] ThirdPartyUpdaterWithRetryManager:92 - Updater plugin is busy. [8/15]
2021-12-06 07:58:59,648 [INFO] FileExtend:235 - Unzip File : tutoVideoDB.zip
2021-12-06 07:58:59,649 [INFO] FileExtend:250 - Standard Zip Deflate
2021-12-06 07:58:59,783 [INFO] LoadUrlFilesThread:145 - End of LoadUrlFiles Thread
2021-12-06 07:58:59,784 [INFO] DbMcusAds:47 - JSON generation date=Wed Sep 29 23:55:09 PDT 2021 (1632984909377)
2021-12-06 07:58:59,809 [INFO] DbMcusDocs:143 - JSON generation date=Tue Nov 16 08:17:54 PST 2021 (1637079474)
2021-12-06 07:58:59,809 [INFO] DbMcusXml:100 - Load MCU database from C:\ST\STM32CubeIDE_1.7.0\STM32CubeIDE\plugins\com.st.stm32cube.common.mx_6.3.0.202107141111\\db\/mcu/families.xml
2021-12-06 07:59:00,973 [INFO] DbMcusJson:93 - JSON generation date=Tue Nov 16 08:17:54 PST 2021 (1637079474)
2021-12-06 07:59:02,100 [INFO] DbMcus:175 - Found 1951 MCUs (1903 are supported by CubeMX, 1914 are visible in CubeMX)
2021-12-06 07:59:02,107 [INFO] ApiDb:251 - Load user favorites file C:\Users\User/.stm32cubeide/favorites.mcus.txt: 1 item(s)
2021-12-06 07:59:02,107 [INFO] ApiDb:255 - User favorites MCUs=[STM32F401CCUx]
2021-12-06 07:59:02,107 [INFO] DbMcus:187 - Set 1 / 1 favorites MCUs
2021-12-06 07:59:02,721 [WARN] PackLoader:238 - Cannot read IP mode file for STMicroelectronics.X-CUBE-BLE1.6.2.2
2021-12-06 07:59:02,740 [WARN] PackLoader:238 - Cannot read IP mode file for STMicroelectronics.X-CUBE-BLE2.3.2.2
2021-12-06 07:59:02,759 [WARN] PackLoader:238 - Cannot read IP mode file for STMicroelectronics.X-CUBE-NFC4.2.0.3
2021-12-06 07:59:02,780 [WARN] PackLoader:238 - Cannot read IP mode file for STMicroelectronics.X-CUBE-SFXS2LP1.3.1.0
2021-12-06 07:59:02,834 [WARN] PackLoader:238 - Cannot read IP mode file for STMicroelectronics.X-CUBE-AZRTOS-F4.1.0.0
2021-12-06 07:59:02,858 [WARN] PackLoader:238 - Cannot read IP mode file for STMicroelectronics.X-CUBE-TOF1.2.0.0
2021-12-06 07:59:02,889 [WARN] PackLoader:238 - Cannot read IP mode file for STMicroelectronics.X-CUBE-SUBG2.4.2.0
2021-12-06 07:59:02,916 [WARN] PackLoader:238 - Cannot read IP mode file for STMicroelectronics.X-CUBE-ALGOBUILD.1.2.1
2021-12-06 07:59:02,925 [WARN] PackLoader:238 - Cannot read IP mode file for STMicroelectronics.X-CUBE-TOUCHGFX.4.18.0
2021-12-06 07:59:02,940 [WARN] PackLoader:238 - Cannot read IP mode file for wolfSSL.I-CUBE-wolfSSL.5.0.0
2021-12-06 07:59:02,961 [WARN] PackLoader:238 - Cannot read IP mode file for RoweBots.I-CUBE-UNISONRTOS.5.5.0-4
2021-12-06 07:59:03,033 [INFO] DbMcusDocs:79 - Found 682 MCUs documents
2021-12-06 07:59:03,037 [INFO] ApiDb:276 - Save user favorites file C:\Users\User/.stm32cubeide/favorites.mcus.txt: 1 item(s)
2021-12-06 07:59:03,038 [INFO] ApiDb:280 - User favorites MCUs=[STM32F401CCUx]
2021-12-06 07:59:03,038 [INFO] DbMcusXml:100 - Load MCU database from C:\ST\STM32CubeIDE_1.7.0\STM32CubeIDE\plugins\com.st.stm32cube.common.mx_6.3.0.202107141111\\db\/mcu/families.xml
2021-12-06 07:59:03,054 [WARN] PackLoader:238 - Cannot read IP mode file for SEGGER.I-CUBE-embOS.1.2.0
2021-12-06 07:59:03,216 [WARN] PackLoader:238 - Cannot read IP mode file for STMicroelectronics.X-CUBE-AZRTOS-H7.2.0.0
2021-12-06 07:59:03,238 [WARN] PackLoader:238 - Cannot read IP mode file for STMicroelectronics.X-CUBE-AZRTOS-G4.1.0.0
2021-12-06 07:59:03,299 [WARN] PackLoader:238 - Cannot read IP mode file for STMicroelectronics.X-CUBE-AZRTOS-L4.1.0.0
2021-12-06 07:59:03,332 [WARN] PackLoader:238 - Cannot read IP mode file for STMicroelectronics.X-CUBE-AZRTOS-F7.1.0.0
2021-12-06 07:59:03,418 [WARN] PackLoader:238 - Cannot read IP mode file for STMicroelectronics.X-CUBE-MEMS1.9.1.0
2021-12-06 07:59:03,821 [WARN] PackLoader:238 - Cannot read IP mode file for STMicroelectronics.X-CUBE-ALS.1.0.1
2021-12-06 07:59:03,828 [WARN] PackLoader:238 - Cannot read IP mode file for STMicroelectronics.X-CUBE-AI.7.0.0
2021-12-06 07:59:03,857 [WARN] PackLoader:238 - Cannot read IP mode file for STMicroelectronics.X-CUBE-AZRTOS-L5.1.0.0
2021-12-06 07:59:03,894 [WARN] PackLoader:238 - Cannot read IP mode file for STMicroelectronics.X-CUBE-EEPRMA1.3.1.0
2021-12-06 07:59:03,918 [WARN] PackLoader:238 - Cannot read IP mode file for STMicroelectronics.X-CUBE-GNSS1.5.2.0
2021-12-06 07:59:03,939 [WARN] PackLoader:238 - Cannot read IP mode file for STMicroelectronics.X-CUBE-DISPLAY.2.0.0
2021-12-06 07:59:03,942 [INFO] ThirdParty:915 - Integrity check success = true
2021-12-06 07:59:03,942 [INFO] IntegrityCheckThread:94 - exiting critical section [integrity check]
2021-12-06 07:59:03,942 [INFO] IntegrityCheckThread:97 - End integrity checks thread
2021-12-06 07:59:04,448 [INFO] DbMcusJson:93 - JSON generation date=Tue Nov 16 08:17:54 PST 2021 (1637079474)
2021-12-06 07:59:05,385 [INFO] DbMcus:175 - Found 1951 MCUs (1903 are supported by CubeMX, 1914 are visible in CubeMX)
2021-12-06 07:59:05,385 [INFO] ApiDb:251 - Load user favorites file C:\Users\User/.stm32cubeide/favorites.mcus.txt: 1 item(s)
2021-12-06 07:59:05,385 [INFO] ApiDb:255 - User favorites MCUs=[STM32F401CCUx]
2021-12-06 07:59:05,385 [INFO] DbMcus:187 - Set 1 / 1 favorites MCUs
2021-12-06 07:59:05,399 [INFO] DbBoardsDocs:143 - JSON generation date=Tue Nov 16 08:17:54 PST 2021 (1637079474)
2021-12-06 07:59:05,419 [INFO] DbBoardsPdsc:90 - Found 25 items
2021-12-06 07:59:05,434 [INFO] DbBoardsPdsc:90 - Found 9 items
2021-12-06 07:59:05,448 [INFO] DbBoardsPdsc:90 - Found 33 items
2021-12-06 07:59:05,456 [INFO] DbBoardsPdsc:90 - Found 1 items
2021-12-06 07:59:05,476 [INFO] DbBoardsPdsc:90 - Found 48 items
2021-12-06 07:59:05,496 [INFO] DbBoardsPdsc:90 - Found 43 items
2021-12-06 07:59:05,502 [INFO] DbBoardsPdsc:90 - Found 2 items
2021-12-06 07:59:05,517 [INFO] DbBoardsPdsc:90 - Found 5 items
2021-12-06 07:59:05,529 [WARN] DbBoardsPdsc:254 - Board STM32H7B3I-DK: unknown feature type=Audio, name=, username=Audio stereo codec with Headphone Amp (CS42L51-CNZ), n=1
2021-12-06 07:59:05,529 [WARN] DbBoardsPdsc:254 - Board STM32H735G-DK: unknown feature type=Audio, name=, username=Audio stereo codec with Headphone Amp (WM8994ECS/R), n=1
2021-12-06 07:59:05,532 [WARN] DbBoardsPdsc:254 - Board STM32H7B3I-EVAL: unknown feature type=Audio, name=, username=Multi-Channel Audio Codec (CS42L51-CNZ), n=1
2021-12-06 07:59:05,532 [WARN] DbBoardsPdsc:254 - Board STM32H7B3I-EVAL: unknown feature type=Meter, name=, username=Power-metering and Temperature-monitoring with sigma-delta modulators, n=1
2021-12-06 07:59:05,532 [WARN] DbBoardsPdsc:254 - Board STM32H7B3I-EVAL: unknown feature type=Motor, name=, username=Motor Control, n=1
2021-12-06 07:59:05,532 [WARN] DbBoardsPdsc:254 - Board STM32U575I-EV: unknown feature type=joystick, name=, username=4-direction joystick with selection button, n=1
2021-12-06 07:59:05,578 [INFO] DbBoardsJson:86 - JSON generation date=Tue Nov 16 08:17:54 PST 2021 (1637079474)
2021-12-06 07:59:05,594 [INFO] DbBoards:117 - Found 167 boards (163 are supported by CubeMX)
2021-12-06 07:59:05,597 [INFO] DbBoardsDocs:143 - JSON generation date=Tue Nov 16 08:17:54 PST 2021 (1637079474)
2021-12-06 07:59:05,608 [INFO] DbBoardsDocs:79 - Found 209 boards documents
2021-12-06 07:59:05,612 [WARN] DbBoards:127 - board B-L475E-IOT01A2 has no document id list !
2021-12-06 07:59:05,614 [WARN] DbBoards:127 - board NUCLEO-H743ZI has no document id list !
2021-12-06 07:59:05,614 [WARN] DbBoards:127 - board NUCLEO-WL55JC2 has no document id list !
2021-12-06 07:59:05,614 [WARN] DbBoards:127 - board P-NUCLEO-WB55-Nucleo has no document id list !
2021-12-06 07:59:05,614 [WARN] DbBoards:127 - board P-NUCLEO-WB55-USBDongle has no document id list !
2021-12-06 07:59:05,614 [WARN] DbBoards:127 - board STEVAL-BFA001V1B has no document id list !
2021-12-06 07:59:05,614 [WARN] DbBoards:127 - board STEVAL-BFA001V2B has no document id list !
2021-12-06 07:59:05,614 [WARN] DbBoards:127 - board STEVAL-IDP005V1 has no document id list !
2021-12-06 07:59:05,614 [WARN] DbBoards:127 - board STEVAL-IDP005V2 has no document id list !
2021-12-06 07:59:05,614 [WARN] DbBoards:127 - board STEVAL-MKSBOX1V1 has no document id list !
2021-12-06 07:59:05,614 [WARN] DbBoards:127 - board STEVAL-STWINKT1 has no document id list !
2021-12-06 07:59:05,614 [WARN] DbBoards:127 - board STEVAL-STWINKT1B has no document id list !
2021-12-06 07:59:05,614 [WARN] DbBoards:127 - board STM32439I-EVAL2 has no document id list !
2021-12-06 07:59:05,614 [WARN] DbBoards:127 - board STM32F401C-DISCO has no document id list !
2021-12-06 07:59:05,614 [WARN] DbBoards:127 - board STM32F769I-DISC1 has no document id list !
2021-12-06 07:59:05,620 [WARN] DbBoards:127 - board STM32G474E-EVAL1 has no document id list !
2021-12-06 07:59:05,621 [WARN] DbBoards:127 - board STM32H743I-EVAL2 has no document id list !
2021-12-06 07:59:05,621 [WARN] DbBoards:127 - board STM32H747I-DISC1 has no document id list !
2021-12-06 07:59:05,621 [WARN] DbBoards:127 - board STM32H753I-EVAL2 has no document id list !
2021-12-06 07:59:05,622 [WARN] DbBoards:127 - board STM32L-DISCOVERY has no document id list !
2021-12-06 07:59:05,969 [ERROR] DbBoards:189 - Image file not found for board B-U585I-IOT02A: C:\ST\STM32CubeIDE_1.7.0\STM32CubeIDE\plugins\com.st.stm32cube.common.mx_6.3.0.202107141111\\db\/plugins/mcufinder/images/boards/B-U585I-IOT02A_small.jpg
2021-12-06 07:59:06,292 [ERROR] DbBoards:189 - Image file not found for board NUCLEO-F413ZH: C:\ST\STM32CubeIDE_1.7.0\STM32CubeIDE\plugins\com.st.stm32cube.common.mx_6.3.0.202107141111\\db\/plugins/mcufinder/images/boards/nucleo-f413zh_small.jpg
2021-12-06 07:59:06,832 [ERROR] DbBoards:189 - Image file not found for board NUCLEO-L552ZE-Q: C:\ST\STM32CubeIDE_1.7.0\STM32CubeIDE\plugins\com.st.stm32cube.common.mx_6.3.0.202107141111\\db\/plugins/mcufinder/images/boards/nucleo_l552ze_q_small.jpg
2021-12-06 07:59:06,832 [ERROR] DbBoards:189 - Image file not found for board NUCLEO-U575ZI-Q: C:\ST\STM32CubeIDE_1.7.0\STM32CubeIDE\plugins\com.st.stm32cube.common.mx_6.3.0.202107141111\\db\/plugins/mcufinder/images/boards/nucleo-u575zi-q_small.jpg
2021-12-06 07:59:06,832 [ERROR] DbBoards:189 - Image file not found for board NUCLEO-WB15CC: C:\ST\STM32CubeIDE_1.7.0\STM32CubeIDE\plugins\com.st.stm32cube.common.mx_6.3.0.202107141111\\db\/plugins/mcufinder/images/boards/nucleo-wb15cc_small.jpg
2021-12-06 07:59:06,832 [ERROR] DbBoards:189 - Image file not found for board NUCLEO-WB55RG: C:\ST\STM32CubeIDE_1.7.0\STM32CubeIDE\plugins\com.st.stm32cube.common.mx_6.3.0.202107141111\\db\/plugins/mcufinder/images/boards/nucleo-wb55rg_small.jpg
2021-12-06 07:59:09,728 [INFO] ApiDb:251 - Load user favorites file C:\Users\User/.stm32cubeide/favorites.boards.txt: 0 item(s)
2021-12-06 07:59:09,728 [INFO] ApiDb:255 - User favorites Boards=[]
2021-12-06 07:59:09,728 [INFO] DbBoards:206 - Set 0 / 0 favorites Boards
2021-12-06 07:59:09,737 [INFO] DbBoardsDocs:79 - Found 418 boards documents
2021-12-06 07:59:09,737 [INFO] ApiDb:276 - Save user favorites file C:\Users\User/.stm32cubeide/favorites.boards.txt: 0 item(s)
2021-12-06 07:59:09,745 [INFO] ApiDb:280 - User favorites Boards=[]
2021-12-06 07:59:09,746 [INFO] DbBoardsPdsc:90 - Found 25 items
2021-12-06 07:59:09,755 [INFO] DbBoardsPdsc:90 - Found 9 items
2021-12-06 07:59:09,758 [INFO] DbBoardsPdsc:90 - Found 33 items
2021-12-06 07:59:09,758 [INFO] DbBoardsPdsc:90 - Found 1 items
2021-12-06 07:59:09,774 [INFO] DbBoardsPdsc:90 - Found 48 items
2021-12-06 07:59:09,783 [INFO] DbBoardsPdsc:90 - Found 43 items
2021-12-06 07:59:09,783 [INFO] DbBoardsPdsc:90 - Found 2 items
2021-12-06 07:59:09,791 [INFO] DbBoardsPdsc:90 - Found 5 items
2021-12-06 07:59:09,791 [WARN] DbBoardsPdsc:254 - Board STM32H7B3I-DK: unknown feature type=Audio, name=, username=Audio stereo codec with Headphone Amp (CS42L51-CNZ), n=1
2021-12-06 07:59:09,791 [WARN] DbBoardsPdsc:254 - Board STM32H735G-DK: unknown feature type=Audio, name=, username=Audio stereo codec with Headphone Amp (WM8994ECS/R), n=1
2021-12-06 07:59:09,799 [WARN] DbBoardsPdsc:254 - Board STM32H7B3I-EVAL: unknown feature type=Audio, name=, username=Multi-Channel Audio Codec (CS42L51-CNZ), n=1
2021-12-06 07:59:09,799 [WARN] DbBoardsPdsc:254 - Board STM32H7B3I-EVAL: unknown feature type=Meter, name=, username=Power-metering and Temperature-monitoring with sigma-delta modulators, n=1
2021-12-06 07:59:09,799 [WARN] DbBoardsPdsc:254 - Board STM32H7B3I-EVAL: unknown feature type=Motor, name=, username=Motor Control, n=1
2021-12-06 07:59:09,799 [WARN] DbBoardsPdsc:254 - Board STM32U575I-EV: unknown feature type=joystick, name=, username=4-direction joystick with selection button, n=1
2021-12-06 07:59:09,846 [INFO] DbBoardsJson:86 - JSON generation date=Tue Nov 16 08:17:54 PST 2021 (1637079474)
2021-12-06 07:59:09,849 [INFO] DbBoards:117 - Found 167 boards (163 are supported by CubeMX)
2021-12-06 07:59:09,849 [WARN] DbBoards:127 - board B-L475E-IOT01A2 has no document id list !
2021-12-06 07:59:09,857 [WARN] DbBoards:127 - board NUCLEO-H743ZI has no document id list !
2021-12-06 07:59:09,857 [WARN] DbBoards:127 - board NUCLEO-WL55JC2 has no document id list !
2021-12-06 07:59:09,857 [WARN] DbBoards:127 - board P-NUCLEO-WB55-Nucleo has no document id list !
2021-12-06 07:59:09,857 [WARN] DbBoards:127 - board P-NUCLEO-WB55-USBDongle has no document id list !
2021-12-06 07:59:09,857 [WARN] DbBoards:127 - board STEVAL-BFA001V1B has no document id list !
2021-12-06 07:59:09,857 [WARN] DbBoards:127 - board STEVAL-BFA001V2B has no document id list !
2021-12-06 07:59:09,857 [WARN] DbBoards:127 - board STEVAL-IDP005V1 has no document id list !
2021-12-06 07:59:09,857 [WARN] DbBoards:127 - board STEVAL-IDP005V2 has no document id list !
2021-12-06 07:59:09,857 [WARN] DbBoards:127 - board STEVAL-MKSBOX1V1 has no document id list !
2021-12-06 07:59:09,857 [WARN] DbBoards:127 - board STEVAL-STWINKT1 has no document id list !
2021-12-06 07:59:09,857 [WARN] DbBoards:127 - board STEVAL-STWINKT1B has no document id list !
2021-12-06 07:59:09,857 [WARN] DbBoards:127 - board STM32439I-EVAL2 has no document id list !
2021-12-06 07:59:09,857 [WARN] DbBoards:127 - board STM32F401C-DISCO has no document id list !
2021-12-06 07:59:09,857 [WARN] DbBoards:127 - board STM32F769I-DISC1 has no document id list !
2021-12-06 07:59:09,857 [WARN] DbBoards:127 - board STM32G474E-EVAL1 has no document id list !
2021-12-06 07:59:09,857 [WARN] DbBoards:127 - board STM32H743I-EVAL2 has no document id list !
2021-12-06 07:59:09,857 [WARN] DbBoards:127 - board STM32H747I-DISC1 has no document id list !
2021-12-06 07:59:09,857 [WARN] DbBoards:127 - board STM32H753I-EVAL2 has no document id list !
2021-12-06 07:59:09,857 [WARN] DbBoards:127 - board STM32L-DISCOVERY has no document id list !
2021-12-06 07:59:10,017 [ERROR] DbBoards:189 - Image file not found for board B-U585I-IOT02A: C:\ST\STM32CubeIDE_1.7.0\STM32CubeIDE\plugins\com.st.stm32cube.common.mx_6.3.0.202107141111\\db\/plugins/mcufinder/images/boards/B-U585I-IOT02A_small.jpg
2021-12-06 07:59:10,179 [ERROR] DbBoards:189 - Image file not found for board NUCLEO-F413ZH: C:\ST\STM32CubeIDE_1.7.0\STM32CubeIDE\plugins\com.st.stm32cube.common.mx_6.3.0.202107141111\\db\/plugins/mcufinder/images/boards/nucleo-f413zh_small.jpg
2021-12-06 07:59:10,646 [ERROR] DbBoards:189 - Image file not found for board NUCLEO-L552ZE-Q: C:\ST\STM32CubeIDE_1.7.0\STM32CubeIDE\plugins\com.st.stm32cube.common.mx_6.3.0.202107141111\\db\/plugins/mcufinder/images/boards/nucleo_l552ze_q_small.jpg
2021-12-06 07:59:10,646 [ERROR] DbBoards:189 - Image file not found for board NUCLEO-U575ZI-Q: C:\ST\STM32CubeIDE_1.7.0\STM32CubeIDE\plugins\com.st.stm32cube.common.mx_6.3.0.202107141111\\db\/plugins/mcufinder/images/boards/nucleo-u575zi-q_small.jpg
2021-12-06 07:59:10,646 [ERROR] DbBoards:189 - Image file not found for board NUCLEO-WB15CC: C:\ST\STM32CubeIDE_1.7.0\STM32CubeIDE\plugins\com.st.stm32cube.common.mx_6.3.0.202107141111\\db\/plugins/mcufinder/images/boards/nucleo-wb15cc_small.jpg
2021-12-06 07:59:10,646 [ERROR] DbBoards:189 - Image file not found for board NUCLEO-WB55RG: C:\ST\STM32CubeIDE_1.7.0\STM32CubeIDE\plugins\com.st.stm32cube.common.mx_6.3.0.202107141111\\db\/plugins/mcufinder/images/boards/nucleo-wb55rg_small.jpg
2021-12-06 07:59:12,352 [INFO] ApiDb:251 - Load user favorites file C:\Users\User/.stm32cubeide/favorites.boards.txt: 0 item(s)
2021-12-06 07:59:12,352 [INFO] ApiDb:255 - User favorites Boards=[]
2021-12-06 07:59:12,359 [INFO] DbBoards:206 - Set 0 / 0 favorites Boards
2021-12-06 07:59:12,379 [INFO] LoadUrlFilesThread:172 - End of LoadServerUrlFiles without Thread
2021-12-06 07:59:12,380 [INFO] TargetSelectorAdapter:224 - Refresh data is successful
2021-12-06 07:59:12,635 [INFO] ApiDb:479 - Connected to CubeFinder SQLite database (C:\Users\User\.stmcufinder\plugins\mcufinder\mcu\cube-finder-db.db)
2021-12-06 07:59:13,888 [INFO] DbExamplesSqlite:411 - Ignored 16 examples not supported by CubeIDE
2021-12-06 07:59:13,888 [INFO] DbExamplesSqlite:412 - Found 5811 examples active
2021-12-06 07:59:13,888 [INFO] DbExamplesSqlite:413 - Found 0 examples obsolete
2021-12-06 07:59:13,888 [INFO] DbExamplesSqlite:414 - Found 0 examples under development
2021-12-06 07:59:13,888 [INFO] DbExamplesSqlite:415 - Found 83 examples not building
2021-12-06 07:59:13,920 [INFO] DbExamplesSqlite:108 - CubeFinder database Data Model version=2.1
2021-12-06 07:59:13,920 [INFO] DbExamplesSqlite:109 - CubeFinder database Configuration version=3.0.14
2021-12-06 07:59:13,920 [INFO] DbExamplesSqlite:110 - CubeFinder database generation date=2021-10-26 (1635247417)
2021-12-06 07:59:13,920 [INFO] DbExamplesSqlite:111 - CubeFinder database FW Pack versions=[STM32Cube_FW_F4_V1.26.2, STM32Cube_FW_F7_V1.16.1, STM32Cube_FW_G0_V1.5.0, STM32Cube_FW_G4_V1.4.0, STM32Cube_FW_H7_V1.9.0, STM32Cube_FW_L5_V1.4.0, STM32Cube_FW_U5_V1.0.2, STM32Cube_FW_WB_V1.12.1, STM32Cube_FW_WL_V1.1.0, X-CUBE-ALS_V1.0.1, X-CUBE-AZRTOS-F4_V1.0.0, X-CUBE-AZRTOS-H7_V2.0.0, X-CUBE-AZRTOS-L4_V1.0.0, X-CUBE-BLE1_V6.2.1, X-CUBE-BLE2_V3.2.1, X-CUBE-EEPRMA1_V3.1.0, X-CUBE-GNSS1_V5.2.0, X-CUBE-NFC4_V2.0.3, X-CUBE-SFXS2LP1_V3.1.0, X-CUBE-SUBG2_V4.2.0]
2021-12-06 07:59:13,920 [INFO] DbExamples:130 - Found 5878 examples
2021-12-06 07:59:14,921 [ERROR] DbExamples:206 - Found 5878 examples with invalid data (board or MCU)
2021-12-06 07:59:14,921 [INFO] DbExamples:222 - Found 74 boards with related examples
2021-12-06 07:59:14,921 [INFO] DbExamples:235 - Found 0 MCUs with related examples
2021-12-06 07:59:14,948 [INFO] ApiDb:251 - Load user favorites file C:\Users\User/.stm32cubeide/favorites.examples.txt: 0 item(s)
2021-12-06 07:59:14,948 [INFO] ApiDb:255 - User favorites Examples=[]
2021-12-06 07:59:14,948 [INFO] DbExamples:256 - Set 0 / 0 favorites Examples
2021-12-06 07:59:15,528 [INFO] McuFinderGlobals:52 - Set McuFinderConnectedMode to false
2021-12-06 07:59:15,672 [INFO] CrossSelectorPresenter:1330 - Cross Selector saved comparison directory: C:\Users\User\.stmcufinder\plugins\mcufinder\mcu\cs_comparisons_mx
2021-12-06 07:59:15,682 [INFO] MultiScanPanel:197 - Auto-refresh data requested => check proxy status ongoing
2021-12-06 07:59:15,682 [INFO] MultiScanPanel:201 - Proxy status is invalid
2021-12-06 07:59:15,689 [INFO] FinderPluginLoader:87 - Searching for filters in installed packs
2021-12-06 07:59:16,458 [INFO] DetailPanel:309 - Set advertising image to C:/Users/User/STM32Cube/Repository/\en.Prom_NBSTM32U50921.jpg
2021-12-06 07:59:52,486 [INFO] MainUpdater:2671 - connection check result : 10
2021-12-06 07:59:52,487 [INFO] MainUpdater:2671 - connection check result : 10
2021-12-06 07:59:52,568 [INFO] MicroXplorer:448 - Change Database Path : 
2021-12-06 07:59:52,568 [INFO] MicroXplorer:478 - Change Database Version : DB.6.0.30
2021-12-06 07:59:52,568 [WARN] ThirdParty:813 - waiting for thirdparty lock release [close project]
2021-12-06 07:59:52,568 [INFO] ThirdParty:815 - entering critical section [close project]
2021-12-06 07:59:52,569 [INFO] ThirdParty:825 - exiting critical section [close project]
2021-12-06 07:59:52,578 [INFO] PinOutPanel:1463 - setPackage(No Configuration,No Configuration)
2021-12-06 07:59:52,579 [INFO] UtilMem:74 - Begin LoadConfig() Used Memory: 629398424 Bytes (858783744)
2021-12-06 07:59:52,580 [INFO] MicroXplorer:448 - Change Database Path : 
2021-12-06 07:59:52,580 [INFO] MicroXplorer:478 - Change Database Version : DB.6.0.30
2021-12-06 07:59:52,580 [INFO] OpenFileManager:313 - Change cursor
2021-12-06 07:59:55,211 [INFO] Context:592 - Trying to add GPIOservice into a context  which must be forbidden
2021-12-06 07:59:56,008 [INFO] ImportTextPane:167 - (OptionalMessage_ERROR) Unable to find key (Mcu.ThirdPartyNb) in loaded IOC file
2021-12-06 07:59:56,008 [INFO] ImportTextPane:167 - (OptionalMessage_ERROR) Unable to find key (Mcu.PinsNb) in loaded IOC file
2021-12-06 07:59:56,008 [INFO] ImportTextPane:167 - (OptionalMessage_ERROR) Unable to find key (Mcu.IPNb) in loaded IOC file
2021-12-06 07:59:56,133 [WARN] ApiManager:304 - Cannot register API 'Board Extension:S2868A1' from pack STMicroelectronics.X-CUBE-SFXS2LP1.3.1.0: no header file found
2021-12-06 07:59:56,133 [WARN] ApiManager:304 - Cannot register API 'Board Extension:S2868A2' from pack STMicroelectronics.X-CUBE-SFXS2LP1.3.1.0: no header file found
2021-12-06 07:59:56,133 [WARN] ApiManager:304 - Cannot register API 'Board Extension:S2915A1' from pack STMicroelectronics.X-CUBE-SFXS2LP1.3.1.0: no header file found
2021-12-06 07:59:56,175 [WARN] ModelIntegratedComponent:60 - No mode defined for component null
2021-12-06 07:59:56,175 [WARN] ModelIntegratedComponent:60 - No mode defined for component null
2021-12-06 07:59:56,175 [WARN] ModelIntegratedComponent:60 - No mode defined for component null
2021-12-06 07:59:56,175 [WARN] ModelIntegratedComponent:60 - No mode defined for component null
2021-12-06 07:59:56,175 [WARN] ModelIntegratedComponent:60 - No mode defined for component null
2021-12-06 07:59:56,175 [WARN] ModelIntegratedComponent:60 - No mode defined for component null
2021-12-06 07:59:56,175 [WARN] ModelIntegratedComponent:60 - No mode defined for component null
2021-12-06 07:59:56,175 [WARN] ModelIntegratedComponent:60 - No mode defined for component null
2021-12-06 07:59:56,175 [WARN] ModelIntegratedComponent:60 - No mode defined for component null
2021-12-06 07:59:56,175 [WARN] ModelIntegratedComponent:60 - No mode defined for component null
2021-12-06 07:59:56,175 [WARN] ModelIntegratedComponent:60 - No mode defined for component null
2021-12-06 07:59:56,175 [WARN] ModelIntegratedComponent:60 - No mode defined for component null
2021-12-06 07:59:56,175 [WARN] ModelIntegratedComponent:60 - No mode defined for component null
2021-12-06 07:59:56,175 [WARN] ModelIntegratedComponent:60 - No mode defined for component null
2021-12-06 07:59:56,175 [WARN] ModelIntegratedComponent:60 - No mode defined for component null
2021-12-06 07:59:56,175 [WARN] ModelIntegratedComponent:60 - No mode defined for component null
2021-12-06 07:59:56,175 [WARN] ModelIntegratedComponent:60 - No mode defined for component null
2021-12-06 07:59:56,181 [WARN] ModelIntegratedComponent:60 - No mode defined for component null
2021-12-06 07:59:56,181 [WARN] ModelIntegratedComponent:60 - No mode defined for component null
2021-12-06 07:59:56,181 [WARN] ModelIntegratedComponent:60 - No mode defined for component null
2021-12-06 07:59:56,181 [WARN] ModelIntegratedComponent:60 - No mode defined for component null
2021-12-06 07:59:56,181 [WARN] ModelIntegratedComponent:60 - No mode defined for component null
2021-12-06 07:59:56,182 [WARN] ModelIntegratedComponent:60 - No mode defined for component null
2021-12-06 07:59:56,182 [WARN] ModelIntegratedComponent:60 - No mode defined for component null
2021-12-06 07:59:56,182 [WARN] ModelIntegratedComponent:60 - No mode defined for component null
2021-12-06 07:59:56,182 [WARN] ModelIntegratedComponent:60 - No mode defined for component null
2021-12-06 07:59:56,182 [WARN] ModelIntegratedComponent:60 - No mode defined for component null
2021-12-06 07:59:56,182 [WARN] ModelIntegratedComponent:60 - No mode defined for component null
2021-12-06 07:59:56,182 [WARN] ModelIntegratedComponent:60 - No mode defined for component null
2021-12-06 07:59:56,182 [WARN] ModelIntegratedComponent:60 - No mode defined for component null
2021-12-06 07:59:56,182 [WARN] ModelIntegratedComponent:60 - No mode defined for component null
2021-12-06 07:59:56,199 [WARN] ApiManager:304 - Cannot register API 'Board Extension:S2868A1' from pack STMicroelectronics.X-CUBE-SUBG2.4.2.0: no header file found
2021-12-06 07:59:56,199 [WARN] ApiManager:304 - Cannot register API 'Board Extension:S2868A2' from pack STMicroelectronics.X-CUBE-SUBG2.4.2.0: no header file found
2021-12-06 07:59:56,199 [WARN] ApiManager:304 - Cannot register API 'Board Extension:S2915A1' from pack STMicroelectronics.X-CUBE-SUBG2.4.2.0: no header file found
2021-12-06 07:59:56,646 [WARN] ApiManager:304 - Cannot register API 'Board Extension:IKS01A3' from pack STMicroelectronics.X-CUBE-MEMS1.9.1.0: no header file found
2021-12-06 07:59:56,646 [WARN] ApiManager:304 - Cannot register API 'Board Extension:IKS01A2' from pack STMicroelectronics.X-CUBE-MEMS1.9.1.0: no header file found
2021-12-06 07:59:56,646 [WARN] ApiManager:304 - Cannot register API 'Board Extension:IKS02A1' from pack STMicroelectronics.X-CUBE-MEMS1.9.1.0: no header file found
2021-12-06 07:59:56,673 [INFO] RtosManager:484 - Registered RTOS mode: class=CMSIS, group=RTOS, mode=CMSIS_V1, owner=FREERTOS
2021-12-06 07:59:56,673 [INFO] RtosManager:484 - Registered RTOS mode: class=CMSIS, group=RTOS2, mode=CMSIS_V2, owner=FREERTOS
2021-12-06 07:59:56,674 [INFO] RtosManager:484 - Registered RTOS mode: class=RTOS, group=Core, mode=CMSIS_V1, owner=FREERTOS
2021-12-06 07:59:56,674 [INFO] RtosManager:484 - Registered RTOS mode: class=RTOS, group=Core, mode=CMSIS_V2, owner=FREERTOS
2021-12-06 07:59:56,674 [WARN] ModelIntegratedComponent:181 - Missing modes for component STMicroelectronics:FreeRTOS:0.0.1:STMicroelectronics:RTOS:FreeRTOS:Core:::10.2.0:
2021-12-06 07:59:56,675 [WARN] ModelIntegratedComponent:179 - Modes not found for component STMicroelectronics:USB_DEVICE:1.0.0:STMicroelectronics:USB::USB Device:Audio HS::1.0:USB_DEVICE_1_0_RESTRICTED_HS
2021-12-06 07:59:56,675 [WARN] ModelIntegratedComponent:185 - Modes not found for component STMicroelectronics:USB_DEVICE:1.0.0:STMicroelectronics:USB::USB Device:Audio HS::1.0:USB_DEVICE_1_0_RESTRICTED_HS
2021-12-06 07:59:56,675 [WARN] ModelIntegratedComponent:179 - Modes not found for component STMicroelectronics:USB_DEVICE:1.0.0:STMicroelectronics:USB::USB Device:CDC HS::1.0:USB_DEVICE_1_0_RESTRICTED_HS
2021-12-06 07:59:56,676 [WARN] ModelIntegratedComponent:185 - Modes not found for component STMicroelectronics:USB_DEVICE:1.0.0:STMicroelectronics:USB::USB Device:CDC HS::1.0:USB_DEVICE_1_0_RESTRICTED_HS
2021-12-06 07:59:56,676 [WARN] ModelIntegratedComponent:179 - Modes not found for component STMicroelectronics:USB_DEVICE:1.0.0:STMicroelectronics:USB::USB Device:DFU HS::1.0:USB_DEVICE_1_0_RESTRICTED_HS
2021-12-06 07:59:56,676 [WARN] ModelIntegratedComponent:185 - Modes not found for component STMicroelectronics:USB_DEVICE:1.0.0:STMicroelectronics:USB::USB Device:DFU HS::1.0:USB_DEVICE_1_0_RESTRICTED_HS
2021-12-06 07:59:56,676 [WARN] ModelIntegratedComponent:179 - Modes not found for component STMicroelectronics:USB_DEVICE:1.0.0:STMicroelectronics:USB::USB Device:HID HS::1.0:USB_DEVICE_1_0_RESTRICTED_HS
2021-12-06 07:59:56,676 [WARN] ModelIntegratedComponent:185 - Modes not found for component STMicroelectronics:USB_DEVICE:1.0.0:STMicroelectronics:USB::USB Device:HID HS::1.0:USB_DEVICE_1_0_RESTRICTED_HS
2021-12-06 07:59:56,676 [WARN] ModelIntegratedComponent:179 - Modes not found for component STMicroelectronics:USB_DEVICE:1.0.0:STMicroelectronics:USB::USB Device:Custom HID HS::1.0:USB_DEVICE_1_0_RESTRICTED_HS
2021-12-06 07:59:56,676 [WARN] ModelIntegratedComponent:185 - Modes not found for component STMicroelectronics:USB_DEVICE:1.0.0:STMicroelectronics:USB::USB Device:Custom HID HS::1.0:USB_DEVICE_1_0_RESTRICTED_HS
2021-12-06 07:59:56,676 [WARN] ModelIntegratedComponent:179 - Modes not found for component STMicroelectronics:USB_DEVICE:1.0.0:STMicroelectronics:USB::USB Device:MSC HS::1.0:USB_DEVICE_1_0_RESTRICTED_HS
2021-12-06 07:59:56,676 [WARN] ModelIntegratedComponent:185 - Modes not found for component STMicroelectronics:USB_DEVICE:1.0.0:STMicroelectronics:USB::USB Device:MSC HS::1.0:USB_DEVICE_1_0_RESTRICTED_HS
2021-12-06 07:59:56,694 [WARN] ApiManager:304 - Cannot register API 'Board Extension:EEPRMA1' from pack STMicroelectronics.X-CUBE-EEPRMA1.3.1.0: no header file found
2021-12-06 07:59:56,694 [WARN] ApiManager:304 - Cannot register API 'Board Extension:EEPRMA2' from pack STMicroelectronics.X-CUBE-EEPRMA1.3.1.0: no header file found
2021-12-06 07:59:56,695 [WARN] ApiManager:304 - Cannot register API 'Board Extension:GNSS1A1' from pack STMicroelectronics.X-CUBE-GNSS1.5.2.0: no header file found
2021-12-06 07:59:56,695 [WARN] ApiManager:304 - Cannot register API 'Board Support:Custom' from pack STMicroelectronics.X-CUBE-GNSS1.5.2.0: no header file found
2021-12-06 07:59:56,695 [WARN] ApiManager:304 - Cannot register API 'Data Exchange:lib_gnss' from pack STMicroelectronics.X-CUBE-GNSS1.5.2.0: no header file found
2021-12-06 07:59:56,695 [WARN] ApiManager:304 - Cannot register API 'Wireless:BlueNRG-MS' from pack STMicroelectronics.X-CUBE-BLE1.6.2.2: no header file found
2021-12-06 07:59:56,695 [WARN] ApiManager:304 - Cannot register API 'Wireless:BlueNRG-2' from pack STMicroelectronics.X-CUBE-BLE2.3.2.2: no header file found
2021-12-06 07:59:56,701 [WARN] ModelIntegratedComponent:179 - Modes not found for component STMicroelectronics:USB_HOST:1.0.0:STMicroelectronics:USB::USB Host:Audio HS::1.0:USB_HOST_1_0_RESTRICTED_HS
2021-12-06 07:59:56,702 [WARN] ModelIntegratedComponent:185 - Modes not found for component STMicroelectronics:USB_HOST:1.0.0:STMicroelectronics:USB::USB Host:Audio HS::1.0:USB_HOST_1_0_RESTRICTED_HS
2021-12-06 07:59:56,702 [WARN] ModelIntegratedComponent:179 - Modes not found for component STMicroelectronics:USB_HOST:1.0.0:STMicroelectronics:USB::USB Host:CDC HS::1.0:USB_HOST_1_0_RESTRICTED_HS
2021-12-06 07:59:56,702 [WARN] ModelIntegratedComponent:185 - Modes not found for component STMicroelectronics:USB_HOST:1.0.0:STMicroelectronics:USB::USB Host:CDC HS::1.0:USB_HOST_1_0_RESTRICTED_HS
2021-12-06 07:59:56,702 [WARN] ModelIntegratedComponent:179 - Modes not found for component STMicroelectronics:USB_HOST:1.0.0:STMicroelectronics:USB::USB Host:MSC HS::1.0:USB_HOST_1_0_RESTRICTED_HS
2021-12-06 07:59:56,702 [WARN] ModelIntegratedComponent:185 - Modes not found for component STMicroelectronics:USB_HOST:1.0.0:STMicroelectronics:USB::USB Host:MSC HS::1.0:USB_HOST_1_0_RESTRICTED_HS
2021-12-06 07:59:56,702 [WARN] ModelIntegratedComponent:179 - Modes not found for component STMicroelectronics:USB_HOST:1.0.0:STMicroelectronics:USB::USB Host:HID HS::1.0:USB_HOST_1_0_RESTRICTED_HS
2021-12-06 07:59:56,702 [WARN] ModelIntegratedComponent:185 - Modes not found for component STMicroelectronics:USB_HOST:1.0.0:STMicroelectronics:USB::USB Host:HID HS::1.0:USB_HOST_1_0_RESTRICTED_HS
2021-12-06 07:59:56,702 [WARN] ModelIntegratedComponent:179 - Modes not found for component STMicroelectronics:USB_HOST:1.0.0:STMicroelectronics:USB::USB Host:MTP HS::1.0:USB_HOST_1_0_RESTRICTED_HS
2021-12-06 07:59:56,702 [WARN] ModelIntegratedComponent:185 - Modes not found for component STMicroelectronics:USB_HOST:1.0.0:STMicroelectronics:USB::USB Host:MTP HS::1.0:USB_HOST_1_0_RESTRICTED_HS
2021-12-06 07:59:56,704 [WARN] ApiManager:304 - Cannot register API 'Board Extension:NFC04A1' from pack STMicroelectronics.X-CUBE-NFC4.2.0.3: no header file found
2021-12-06 07:59:59,394 [INFO] UtilMem:74 - End LoadConfig() Used Memory: 724854848 Bytes (858783744)
2021-12-06 07:59:59,421 [WARN] ThirdParty:779 - waiting for thirdparty lock release [change project]
2021-12-06 07:59:59,422 [INFO] ThirdParty:781 - entering critical section [change project]
2021-12-06 07:59:59,422 [INFO] ThirdParty:967 - CMSIS Pack Vendor :wolfSSL I-CUBE-wolfSSL 5.0.0
2021-12-06 07:59:59,422 [INFO] ThirdParty:967 - CMSIS Pack Vendor :STMicroelectronics X-CUBE-SFXS2LP1 3.1.0
2021-12-06 07:59:59,422 [INFO] ThirdParty:967 - CMSIS Pack Vendor :RoweBots I-CUBE-UNISONRTOS 5.5.0-4
2021-12-06 07:59:59,422 [INFO] ThirdParty:967 - CMSIS Pack Vendor :STMicroelectronics X-CUBE-AZRTOS-F4 1.0.0
2021-12-06 07:59:59,422 [INFO] ThirdParty:967 - CMSIS Pack Vendor :STMicroelectronics USB_HOST 2.0.0
2021-12-06 07:59:59,422 [INFO] ThirdParty:967 - CMSIS Pack Vendor :STMicroelectronics X-CUBE-AZRTOS-H7 2.0.0
2021-12-06 07:59:59,422 [INFO] ThirdParty:967 - CMSIS Pack Vendor :STMicroelectronics X-CUBE-AZRTOS-G4 1.0.0
2021-12-06 07:59:59,422 [INFO] ThirdParty:967 - CMSIS Pack Vendor :STMicroelectronics X-CUBE-AZRTOS-L4 1.0.0
2021-12-06 07:59:59,422 [INFO] ThirdParty:967 - CMSIS Pack Vendor :STMicroelectronics USB_DEVICE 3.0.0
2021-12-06 07:59:59,422 [INFO] ThirdParty:967 - CMSIS Pack Vendor :STMicroelectronics X-CUBE-TOF1 2.0.0
2021-12-06 07:59:59,422 [INFO] ThirdParty:967 - CMSIS Pack Vendor :STMicroelectronics HAL Drivers 0.0.0
2021-12-06 07:59:59,422 [INFO] ThirdParty:967 - CMSIS Pack Vendor :STMicroelectronics MBEDTLS 2.16.2
2021-12-06 07:59:59,422 [INFO] ThirdParty:967 - CMSIS Pack Vendor :STMicroelectronics MBEDTLS 2.14.1
2021-12-06 07:59:59,422 [INFO] ThirdParty:967 - CMSIS Pack Vendor :STMicroelectronics X-CUBE-AZRTOS-F7 1.0.0
2021-12-06 07:59:59,422 [INFO] ThirdParty:967 - CMSIS Pack Vendor :STMicroelectronics X-CUBE-SUBG2 4.2.0
2021-12-06 07:59:59,422 [INFO] ThirdParty:967 - CMSIS Pack Vendor :STMicroelectronics X-CUBE-MEMS1 9.1.0
2021-12-06 07:59:59,422 [INFO] ThirdParty:967 - CMSIS Pack Vendor :STMicroelectronics X-CUBE-ALS 1.0.1
2021-12-06 07:59:59,422 [INFO] ThirdParty:967 - CMSIS Pack Vendor :STMicroelectronics USB_DEVICE 2.0.0
2021-12-06 07:59:59,422 [INFO] ThirdParty:967 - CMSIS Pack Vendor :STMicroelectronics X-CUBE-AI 7.0.0
2021-12-06 07:59:59,422 [INFO] ThirdParty:967 - CMSIS Pack Vendor :STMicroelectronics X-CUBE-ALGOBUILD 1.2.1
2021-12-06 07:59:59,422 [INFO] ThirdParty:967 - CMSIS Pack Vendor :STMicroelectronics X-CUBE-AZRTOS-L5 1.0.0
2021-12-06 07:59:59,422 [INFO] ThirdParty:967 - CMSIS Pack Vendor :STMicroelectronics FreeRTOS 0.0.1
2021-12-06 07:59:59,422 [INFO] ThirdParty:967 - CMSIS Pack Vendor :STMicroelectronics USB_DEVICE 1.0.0
2021-12-06 07:59:59,422 [INFO] ThirdParty:967 - CMSIS Pack Vendor :SEGGER I-CUBE-embOS 1.2.0
2021-12-06 07:59:59,422 [INFO] ThirdParty:967 - CMSIS Pack Vendor :STMicroelectronics X-CUBE-EEPRMA1 3.1.0
2021-12-06 07:59:59,422 [INFO] ThirdParty:967 - CMSIS Pack Vendor :STMicroelectronics X-CUBE-GNSS1 5.2.0
2021-12-06 07:59:59,422 [INFO] ThirdParty:967 - CMSIS Pack Vendor :STMicroelectronics ThreadX 0.0.2
2021-12-06 07:59:59,422 [INFO] ThirdParty:967 - CMSIS Pack Vendor :STMicroelectronics lwIP 2.0.3
2021-12-06 07:59:59,422 [INFO] ThirdParty:967 - CMSIS Pack Vendor :STMicroelectronics lwIP 2.1.2
2021-12-06 07:59:59,422 [INFO] ThirdParty:967 - CMSIS Pack Vendor :STMicroelectronics X-CUBE-BLE1 6.2.2
2021-12-06 07:59:59,422 [INFO] ThirdParty:967 - CMSIS Pack Vendor :STMicroelectronics X-CUBE-BLE2 3.2.2
2021-12-06 07:59:59,422 [INFO] ThirdParty:967 - CMSIS Pack Vendor :STMicroelectronics X-CUBE-DISPLAY 2.0.0
2021-12-06 07:59:59,422 [INFO] ThirdParty:967 - CMSIS Pack Vendor :STMicroelectronics USB_HOST 1.0.0
2021-12-06 07:59:59,422 [INFO] ThirdParty:967 - CMSIS Pack Vendor :STMicroelectronics X-CUBE-NFC4 2.0.3
2021-12-06 07:59:59,422 [INFO] ThirdParty:967 - CMSIS Pack Vendor :STMicroelectronics PDM2PCM 3.1.0
2021-12-06 07:59:59,422 [INFO] ThirdParty:967 - CMSIS Pack Vendor :STMicroelectronics PDM2PCM 3.2.0
2021-12-06 07:59:59,427 [INFO] ThirdParty:967 - CMSIS Pack Vendor :STMicroelectronics PDM2PCM 3.3.0
2021-12-06 07:59:59,427 [INFO] ThirdParty:967 - CMSIS Pack Vendor :STMicroelectronics X-CUBE-TOUCHGFX 4.18.0
2021-12-06 07:59:59,427 [INFO] ThirdParty:787 - exiting critical section [change project]
2021-12-06 08:00:00,041 [INFO] PinOutPanel:1463 - setPackage(No Configuration,No Configuration)
2021-12-06 08:00:00,042 [INFO] PinOutPanel:1463 - setPackage(STM32F401CCFx,WLCSP49)
2021-12-06 08:00:00,733 [INFO] UtilMem:74 - Before build in PCC Used Memory: 664371976 Bytes (858783744)
2021-12-06 08:00:01,609 [INFO] UtilMem:74 - After build in PCC Used Memory: 747209480 Bytes (858783744)
2021-12-06 08:00:01,650 [INFO] IPUIPlugin:74 - create IPUIPlugin
2021-12-06 08:00:01,650 [INFO] IPUIPlugin:74 - create IPUIPlugin
2021-12-06 08:00:01,650 [INFO] IPUIPlugin:74 - create IPUIPlugin
2021-12-06 08:00:01,650 [INFO] IPUIPlugin:74 - create IPUIPlugin
2021-12-06 08:00:01,650 [INFO] IPUIPlugin:74 - create IPUIPlugin
2021-12-06 08:00:01,650 [INFO] IPUIPlugin:74 - create IPUIPlugin
2021-12-06 08:00:01,650 [INFO] IPUIPlugin:74 - create IPUIPlugin
2021-12-06 08:00:01,650 [INFO] IPUIPlugin:74 - create IPUIPlugin
2021-12-06 08:00:01,650 [INFO] IPUIPlugin:74 - create IPUIPlugin
2021-12-06 08:00:01,650 [INFO] IPUIPlugin:74 - create IPUIPlugin
2021-12-06 08:00:01,650 [INFO] IPUIPlugin:74 - create IPUIPlugin
2021-12-06 08:00:01,650 [INFO] IPUIPlugin:74 - create IPUIPlugin
2021-12-06 08:00:01,650 [INFO] IPUIPlugin:74 - create IPUIPlugin
2021-12-06 08:00:01,650 [INFO] IPUIPlugin:74 - create IPUIPlugin
2021-12-06 08:00:01,650 [INFO] IPUIPlugin:74 - create IPUIPlugin
2021-12-06 08:00:01,658 [INFO] IPUIPlugin:74 - create IPUIPlugin
2021-12-06 08:00:01,658 [INFO] IPUIPlugin:74 - create IPUIPlugin
2021-12-06 08:00:01,658 [INFO] IPUIPlugin:74 - create IPUIPlugin
2021-12-06 08:00:01,659 [INFO] IPUIPlugin:74 - create IPUIPlugin
2021-12-06 08:00:01,659 [INFO] IPUIPlugin:74 - create IPUIPlugin
2021-12-06 08:00:01,659 [INFO] IPUIPlugin:74 - create IPUIPlugin
2021-12-06 08:00:01,659 [INFO] IPUIPlugin:74 - create IPUIPlugin
2021-12-06 08:00:01,659 [INFO] IPUIPlugin:74 - create IPUIPlugin
2021-12-06 08:00:01,659 [INFO] IPUIPlugin:74 - create IPUIPlugin
2021-12-06 08:00:01,659 [INFO] IPUIPlugin:74 - create IPUIPlugin
2021-12-06 08:00:01,659 [INFO] IPUIPlugin:74 - create IPUIPlugin
2021-12-06 08:00:01,659 [INFO] IPUIPlugin:74 - create IPUIPlugin
2021-12-06 08:00:01,659 [INFO] IPUIPlugin:74 - create IPUIPlugin
2021-12-06 08:00:01,659 [INFO] IPUIPlugin:74 - create IPUIPlugin
2021-12-06 08:00:01,659 [INFO] IPUIPlugin:74 - create IPUIPlugin
2021-12-06 08:00:01,659 [INFO] IPUIPlugin:74 - create IPUIPlugin
2021-12-06 08:00:01,659 [INFO] IPUIPlugin:74 - create IPUIPlugin
2021-12-06 08:00:01,659 [INFO] IPUIPlugin:74 - create IPUIPlugin
2021-12-06 08:00:01,667 [INFO] IPUIPlugin:74 - create IPUIPlugin
2021-12-06 08:00:01,667 [INFO] IPUIPlugin:74 - create IPUIPlugin
2021-12-06 08:00:01,667 [INFO] IPUIPlugin:74 - create IPUIPlugin
2021-12-06 08:00:01,667 [INFO] IPUIPlugin:74 - create IPUIPlugin
2021-12-06 08:00:01,766 [INFO] ApiDbMcu:468 - Load IP Config File for PDM2PCM
2021-12-06 08:00:01,975 [INFO] OpenFileManager:333 - Restore cursor
2021-12-06 08:00:02,458 [INFO] UtilMem:74 - End SaveConfig() Used Memory: 630864536 Bytes (858783744)
2021-12-06 08:00:02,521 [INFO] UtilMem:74 - End SaveConfig() Used Memory: 646852096 Bytes (858783744)
2021-12-06 08:00:03,213 [INFO] BlockDiagram:2740 - set Specific Code input for plugin: NVIC
2021-12-06 08:00:03,213 [INFO] BlockDiagram:2740 - set Specific Code input for plugin: SYS
2021-12-06 08:00:03,213 [INFO] BlockDiagram:2740 - set Specific Code input for plugin: RCC
2021-12-06 08:00:03,221 [INFO] CodeGenerator:663 - code generatio: config db path: C:\ST\STM32CubeIDE_1.7.0\STM32CubeIDE\plugins\com.st.stm32cube.common.mx_6.3.0.202107141111\\db\
2021-12-06 08:00:03,850 [INFO] CodeEngine:239 - oldGeneratedFile, D:\1st\embedded\tasks\assigments\task3\task3\MXTmpFiles\license.tmp_save
2021-12-06 08:00:04,494 [INFO] CodeEngine:257 - Generated code: D:\1st\embedded\tasks\assigments\task3\task3\MXTmpFiles\license.tmp
2021-12-06 08:00:04,716 [INFO] CodeEngine:239 - oldGeneratedFile, D:\1st\embedded\tasks\assigments\task3\task3\Core\Src\stm32f4xx_it.c_save
2021-12-06 08:00:05,016 [INFO] CodeEngine:257 - Generated code: D:\1st\embedded\tasks\assigments\task3\task3\Core\Src\stm32f4xx_it.c
2021-12-06 08:00:05,027 [INFO] CodeEngine:239 - oldGeneratedFile, D:\1st\embedded\tasks\assigments\task3\task3\Core\Inc\stm32f4xx_it.h_save
2021-12-06 08:00:05,266 [INFO] CodeEngine:257 - Generated code: D:\1st\embedded\tasks\assigments\task3\task3\Core\Inc\stm32f4xx_it.h
2021-12-06 08:00:05,292 [INFO] CodeEngine:239 - oldGeneratedFile, D:\1st\embedded\tasks\assigments\task3\task3\Core\Src\stm32f4xx_hal_msp.c_save
2021-12-06 08:00:05,576 [INFO] CodeEngine:257 - Generated code: D:\1st\embedded\tasks\assigments\task3\task3\Core\Src\stm32f4xx_hal_msp.c
2021-12-06 08:00:05,587 [INFO] CodeEngine:239 - oldGeneratedFile, D:\1st\embedded\tasks\assigments\task3\task3\MXTmpFiles\system.tmp_save
2021-12-06 08:00:05,763 [INFO] CodeEngine:257 - Generated code: D:\1st\embedded\tasks\assigments\task3\task3\MXTmpFiles\system.tmp
2021-12-06 08:00:05,876 [INFO] CodeEngine:239 - oldGeneratedFile, D:\1st\embedded\tasks\assigments\task3\task3\Core\Inc\stm32f4xx_hal_conf.h_save
2021-12-06 08:00:06,115 [INFO] CodeEngine:257 - Generated code: D:\1st\embedded\tasks\assigments\task3\task3\Core\Inc\stm32f4xx_hal_conf.h
2021-12-06 08:00:06,238 [INFO] CodeEngine:239 - oldGeneratedFile, D:\1st\embedded\tasks\assigments\task3\task3\Core\Inc\main.h_save
2021-12-06 08:00:06,473 [INFO] CodeEngine:257 - Generated code: D:\1st\embedded\tasks\assigments\task3\task3\Core\Inc\main.h
2021-12-06 08:00:06,486 [INFO] CodeEngine:239 - oldGeneratedFile, D:\1st\embedded\tasks\assigments\task3\task3\Core\Src\main.c_save
2021-12-06 08:00:06,772 [INFO] CodeEngine:257 - Generated code: D:\1st\embedded\tasks\assigments\task3\task3\Core\Src\main.c
2021-12-06 08:00:08,776 [INFO] ProjectBuilder:2578 - Time for Copy HAL[1] : 432mS.
2021-12-06 08:00:08,789 [INFO] ProjectBuilder:3622 - Project Generator version: 3.14.1
2021-12-06 08:00:09,730 [INFO] ConfigFileManager:1271 - The Die is : DIE423
2021-12-06 08:00:09,828 [INFO] ApiDbMcu:468 - Load IP Config File for FATFS
2021-12-06 08:00:09,911 [INFO] ApiDbMcu:468 - Load IP Config File for FREERTOS
2021-12-06 08:00:09,933 [INFO] ApiDbMcu:468 - Load IP Config File for LIBJPEG
2021-12-06 08:00:10,049 [INFO] ApiDbMcu:468 - Load IP Config File for MBEDTLS
2021-12-06 08:00:10,147 [INFO] ApiDbMcu:468 - Load IP Config File for USB_DEVICE
2021-12-06 08:00:10,181 [INFO] ApiDbMcu:468 - Load IP Config File for USB_HOST
2021-12-06 08:00:21,804 [INFO] ProjectBuilder:3789 - Time for Generating toolchain IDE Files: 13015mS.
2021-12-06 08:00:21,804 [INFO] ProjectBuilder:2457 - Time for Copy CMSIS : 0mS.
2021-12-06 08:00:21,812 [INFO] ProjectBuilder:2457 - Time for Copy CMSIS : 0mS.
2021-12-06 08:00:23,559 [INFO] McuFinderGlobals:52 - Set McuFinderConnectedMode to true
2021-12-06 08:00:23,559 [INFO] ApiDb:276 - Save user favorites file C:\Users\User/.stm32cubeide/favorites.mcus.txt: 1 item(s)
2021-12-06 08:00:23,559 [INFO] ApiDb:280 - User favorites MCUs=[STM32F401CCUx]
2021-12-06 19:09:53,921 [INFO] Activator:177 - 


2021-12-06 19:09:53,921 [INFO] Activator:178 - !SESSION log4j initialized
2021-12-06 19:54:14,461 [INFO] Activator:177 - 


2021-12-06 19:54:14,461 [INFO] Activator:178 - !SESSION log4j initialized
2021-12-06 19:56:23,315 [INFO] Activator:177 - 


2021-12-06 19:56:23,315 [INFO] Activator:178 - !SESSION log4j initialized
2021-12-22 20:08:05,377 [INFO] Activator:177 - 


2021-12-22 20:08:05,377 [INFO] Activator:178 - !SESSION log4j initialized
