2021-12-25 01:36:00,597 [INFO] Activator:177 - 


2021-12-25 01:36:00,597 [INFO] Activator:178 - !SESSION log4j initialized
2021-12-28 09:48:08,407 [INFO] Activator:177 - 


2021-12-28 09:48:08,407 [INFO] Activator:178 - !SESSION log4j initialized
2021-12-28 09:48:33,531 [INFO] McuFinderGlobals:39 - Set McuFinder mode to 2 (CubeIDE integrated)
2021-12-28 09:48:34,464 [INFO] ApplicationProperties:181 - Using Application install path: C:\ST\STM32CubeIDE_1.7.0\STM32CubeIDE\plugins\com.st.stm32cube.common.mx_6.3.0.202107141111
2021-12-28 09:48:34,506 [INFO] DbMcusXml:74 - Set database path to: C:\ST\STM32CubeIDE_1.7.0\STM32CubeIDE\plugins\com.st.stm32cube.common.mx_6.3.0.202107141111\\db\/mcu/
2021-12-28 09:48:34,546 [INFO] DbBoardsPdsc:56 - Set plugin database path to: C:\ST\STM32CubeIDE_1.7.0\STM32CubeIDE\plugins\com.st.stm32cube.common.mx_6.3.0.202107141111\\db\/plugins/boardmanager/
2021-12-28 09:48:34,546 [INFO] DbMcus:258 - Set plugin images path to: C:\ST\STM32CubeIDE_1.7.0\STM32CubeIDE\plugins\com.st.stm32cube.common.mx_6.3.0.202107141111\\db\/plugins/mcufinder/images/
2021-12-28 09:48:34,546 [INFO] DbBoards:264 - Set plugin images path to: C:\ST\STM32CubeIDE_1.7.0\STM32CubeIDE\plugins\com.st.stm32cube.common.mx_6.3.0.202107141111\\db\/plugins/mcufinder/images/
2021-12-28 09:48:34,556 [INFO] DbExamples:333 - Set plugin images path to: C:\ST\STM32CubeIDE_1.7.0\STM32CubeIDE\plugins\com.st.stm32cube.common.mx_6.3.0.202107141111\\db\/plugins/mcufinder/images/
2021-12-28 09:48:34,587 [INFO] DbMcusAds:119 - Set database path to: C:\Users\User\.stmcufinder\plugins\mcufinder//mcu/
2021-12-28 09:48:34,587 [INFO] DbMcusDocs:110 - Set database path to: C:\Users\User\.stmcufinder\plugins\mcufinder//mcu/
2021-12-28 09:48:34,595 [INFO] DbMcusJson:64 - Set database path to: C:\Users\User\.stmcufinder\plugins\mcufinder//mcu/
2021-12-28 09:48:34,595 [INFO] DbBoardsDocs:110 - Set database path to: C:\Users\User\.stmcufinder\plugins\mcufinder//mcu/
2021-12-28 09:48:34,595 [INFO] DbBoardsJson:57 - Set database path to: C:\Users\User\.stmcufinder\plugins\mcufinder//mcu/
2021-12-28 09:48:34,625 [INFO] CrossReferenceDbSqlite:196 - Set database path to: C:\Users\User\.stmcufinder\plugins\mcufinder//mcu/cs/
2021-12-28 09:48:34,625 [INFO] DbExamplesSqlite:767 - Set database path to: C:\Users\User\.stmcufinder\plugins\mcufinder//mcu/
2021-12-28 09:48:34,802 [INFO] RulesReader:57 - Compatibility file has been processed (242 Rules)
2021-12-28 09:48:35,071 [INFO] DbMcusXml:74 - Set database path to: C:\ST\STM32CubeIDE_1.7.0\STM32CubeIDE\plugins\com.st.stm32cube.common.mx_6.3.0.202107141111\\db\/mcu/
2021-12-28 09:48:35,073 [INFO] DbBoardsPdsc:56 - Set plugin database path to: C:\ST\STM32CubeIDE_1.7.0\STM32CubeIDE\plugins\com.st.stm32cube.common.mx_6.3.0.202107141111\\db\/plugins/boardmanager/
2021-12-28 09:48:35,073 [INFO] DbMcus:258 - Set plugin images path to: C:\ST\STM32CubeIDE_1.7.0\STM32CubeIDE\plugins\com.st.stm32cube.common.mx_6.3.0.202107141111\\db\/plugins/mcufinder/images/
2021-12-28 09:48:35,073 [INFO] DbBoards:264 - Set plugin images path to: C:\ST\STM32CubeIDE_1.7.0\STM32CubeIDE\plugins\com.st.stm32cube.common.mx_6.3.0.202107141111\\db\/plugins/mcufinder/images/
2021-12-28 09:48:35,073 [INFO] DbExamples:333 - Set plugin images path to: C:\ST\STM32CubeIDE_1.7.0\STM32CubeIDE\plugins\com.st.stm32cube.common.mx_6.3.0.202107141111\\db\/plugins/mcufinder/images/
2021-12-28 09:48:35,073 [WARN] DbFile:35 - Overriding database path with different value: C:\Users\User\.stmcufinder\plugins\mcufinder/ => C:\Users\User\.stmcufinder\plugins\mcufinder
2021-12-28 09:48:35,073 [INFO] DbMcusAds:119 - Set database path to: C:\Users\User\.stmcufinder\plugins\mcufinder//mcu/
2021-12-28 09:48:35,073 [WARN] DbFile:35 - Overriding database path with different value: C:\Users\User\.stmcufinder\plugins\mcufinder/ => C:\Users\User\.stmcufinder\plugins\mcufinder
2021-12-28 09:48:35,073 [INFO] DbMcusDocs:110 - Set database path to: C:\Users\User\.stmcufinder\plugins\mcufinder//mcu/
2021-12-28 09:48:35,073 [WARN] DbFile:35 - Overriding database path with different value: C:\Users\User\.stmcufinder\plugins\mcufinder/ => C:\Users\User\.stmcufinder\plugins\mcufinder
2021-12-28 09:48:35,073 [INFO] DbMcusJson:64 - Set database path to: C:\Users\User\.stmcufinder\plugins\mcufinder//mcu/
2021-12-28 09:48:35,073 [WARN] DbFile:35 - Overriding database path with different value: C:\Users\User\.stmcufinder\plugins\mcufinder/ => C:\Users\User\.stmcufinder\plugins\mcufinder
2021-12-28 09:48:35,073 [INFO] DbBoardsDocs:110 - Set database path to: C:\Users\User\.stmcufinder\plugins\mcufinder//mcu/
2021-12-28 09:48:35,073 [WARN] DbFile:35 - Overriding database path with different value: C:\Users\User\.stmcufinder\plugins\mcufinder/ => C:\Users\User\.stmcufinder\plugins\mcufinder
2021-12-28 09:48:35,073 [INFO] DbBoardsJson:57 - Set database path to: C:\Users\User\.stmcufinder\plugins\mcufinder//mcu/
2021-12-28 09:48:35,073 [WARN] DbFile:35 - Overriding database path with different value: C:\Users\User\.stmcufinder\plugins\mcufinder/ => C:\Users\User\.stmcufinder\plugins\mcufinder
2021-12-28 09:48:35,073 [WARN] DbFile:35 - Overriding database path with different value: C:\Users\User\.stmcufinder\plugins\mcufinder/ => C:\Users\User\.stmcufinder\plugins\mcufinder
2021-12-28 09:48:35,073 [INFO] CrossReferenceDbSqlite:196 - Set database path to: C:\Users\User\.stmcufinder\plugins\mcufinder//mcu/cs/
2021-12-28 09:48:35,073 [WARN] DbFile:35 - Overriding database path with different value: C:\Users\User\.stmcufinder\plugins\mcufinder/ => C:\Users\User\.stmcufinder\plugins\mcufinder
2021-12-28 09:48:35,073 [INFO] DbExamplesSqlite:767 - Set database path to: C:\Users\User\.stmcufinder\plugins\mcufinder//mcu/
2021-12-28 09:48:35,313 [INFO] MainPanel:214 - HeapMemory: 268435456
2021-12-28 09:48:35,496 [INFO] DbMcusXml:74 - Set database path to: C:\ST\STM32CubeIDE_1.7.0\STM32CubeIDE\plugins\com.st.stm32cube.common.mx_6.3.0.202107141111\\db\/mcu/
2021-12-28 09:48:35,497 [INFO] DbBoardsPdsc:56 - Set plugin database path to: C:\ST\STM32CubeIDE_1.7.0\STM32CubeIDE\plugins\com.st.stm32cube.common.mx_6.3.0.202107141111\\db\/plugins/boardmanager/
2021-12-28 09:48:35,497 [INFO] DbMcus:258 - Set plugin images path to: C:\ST\STM32CubeIDE_1.7.0\STM32CubeIDE\plugins\com.st.stm32cube.common.mx_6.3.0.202107141111\\db\/plugins/mcufinder/images/
2021-12-28 09:48:35,497 [INFO] DbBoards:264 - Set plugin images path to: C:\ST\STM32CubeIDE_1.7.0\STM32CubeIDE\plugins\com.st.stm32cube.common.mx_6.3.0.202107141111\\db\/plugins/mcufinder/images/
2021-12-28 09:48:35,498 [INFO] DbExamples:333 - Set plugin images path to: C:\ST\STM32CubeIDE_1.7.0\STM32CubeIDE\plugins\com.st.stm32cube.common.mx_6.3.0.202107141111\\db\/plugins/mcufinder/images/
2021-12-28 09:48:35,498 [WARN] DbFile:35 - Overriding database path with different value: C:\Users\User\.stmcufinder\plugins\mcufinder/ => C:\Users\User\.stmcufinder\plugins\mcufinder
2021-12-28 09:48:35,498 [INFO] DbMcusAds:119 - Set database path to: C:\Users\User\.stmcufinder\plugins\mcufinder//mcu/
2021-12-28 09:48:35,498 [WARN] DbFile:35 - Overriding database path with different value: C:\Users\User\.stmcufinder\plugins\mcufinder/ => C:\Users\User\.stmcufinder\plugins\mcufinder
2021-12-28 09:48:35,498 [INFO] DbMcusDocs:110 - Set database path to: C:\Users\User\.stmcufinder\plugins\mcufinder//mcu/
2021-12-28 09:48:35,498 [WARN] DbFile:35 - Overriding database path with different value: C:\Users\User\.stmcufinder\plugins\mcufinder/ => C:\Users\User\.stmcufinder\plugins\mcufinder
2021-12-28 09:48:35,498 [INFO] DbMcusJson:64 - Set database path to: C:\Users\User\.stmcufinder\plugins\mcufinder//mcu/
2021-12-28 09:48:35,498 [WARN] DbFile:35 - Overriding database path with different value: C:\Users\User\.stmcufinder\plugins\mcufinder/ => C:\Users\User\.stmcufinder\plugins\mcufinder
2021-12-28 09:48:35,498 [INFO] DbBoardsDocs:110 - Set database path to: C:\Users\User\.stmcufinder\plugins\mcufinder//mcu/
2021-12-28 09:48:35,498 [WARN] DbFile:35 - Overriding database path with different value: C:\Users\User\.stmcufinder\plugins\mcufinder/ => C:\Users\User\.stmcufinder\plugins\mcufinder
2021-12-28 09:48:35,498 [INFO] DbBoardsJson:57 - Set database path to: C:\Users\User\.stmcufinder\plugins\mcufinder//mcu/
2021-12-28 09:48:35,498 [WARN] DbFile:35 - Overriding database path with different value: C:\Users\User\.stmcufinder\plugins\mcufinder/ => C:\Users\User\.stmcufinder\plugins\mcufinder
2021-12-28 09:48:35,498 [WARN] DbFile:35 - Overriding database path with different value: C:\Users\User\.stmcufinder\plugins\mcufinder/ => C:\Users\User\.stmcufinder\plugins\mcufinder
2021-12-28 09:48:35,498 [INFO] CrossReferenceDbSqlite:196 - Set database path to: C:\Users\User\.stmcufinder\plugins\mcufinder//mcu/cs/
2021-12-28 09:48:35,498 [WARN] DbFile:35 - Overriding database path with different value: C:\Users\User\.stmcufinder\plugins\mcufinder/ => C:\Users\User\.stmcufinder\plugins\mcufinder
2021-12-28 09:48:35,498 [INFO] DbExamplesSqlite:767 - Set database path to: C:\Users\User\.stmcufinder\plugins\mcufinder//mcu/
2021-12-28 09:48:35,532 [INFO] ApplicationProperties:181 - Using Application install path: C:\ST\STM32CubeIDE_1.7.0\STM32CubeIDE\plugins\com.st.stm32cube.common.mx_6.3.0.202107141111
2021-12-28 09:48:35,532 [INFO] PluginManage:188 - Search for loadable plugins [exclusion list=, ]
2021-12-28 09:48:35,532 [INFO] PluginManage:302 - Check plugin analytics
2021-12-28 09:48:51,419 [INFO] AnalyticsPlugin:257 - Accepted Software Licenses: 
2021-12-28 09:48:51,426 [INFO] AnalyticsPlugin:259 - Accepted CMSIS Pack Licenses: 
2021-12-28 09:48:51,426 [INFO] AnalyticsPlugin:261 - Accepted Firmware Licenses: 
2021-12-28 09:48:51,427 [INFO] PluginManage:352 - Loaded plugin analytics (category:tool,tabindex:-1)
2021-12-28 09:48:51,427 [INFO] PluginManage:302 - Check plugin clock
2021-12-28 09:48:51,469 [INFO] PluginManage:352 - Loaded plugin clock (category:base,tabindex:2)
2021-12-28 09:48:51,469 [INFO] PluginManage:302 - Check plugin ddr
2021-12-28 09:48:51,471 [INFO] PluginManage:352 - Loaded plugin ddr (category:tool,tabindex:6)
2021-12-28 09:48:51,471 [INFO] PluginManage:302 - Check plugin filemanager
2021-12-28 09:48:51,735 [INFO] PluginManage:352 - Loaded plugin filemanager (category:base,tabindex:10)
2021-12-28 09:48:51,735 [INFO] PluginManage:302 - Check plugin ipmanager
2021-12-28 09:48:51,753 [INFO] PluginManage:352 - Loaded plugin ipmanager (category:base,tabindex:5)
2021-12-28 09:48:51,753 [INFO] PluginManage:302 - Check plugin pinoutandconfiguration
2021-12-28 09:48:51,786 [INFO] PluginManage:352 - Loaded plugin pinoutandconfiguration (category:base,tabindex:1)
2021-12-28 09:48:51,786 [INFO] PluginManage:302 - Check plugin pinoutconfig
2021-12-28 09:48:51,856 [INFO] PluginManage:352 - Loaded plugin pinoutconfig (category:base,tabindex:0)
2021-12-28 09:48:51,856 [INFO] PluginManage:302 - Check plugin power
2021-12-28 09:48:51,904 [INFO] PluginManage:352 - Loaded plugin power (category:power,tabindex:4)
2021-12-28 09:48:51,904 [INFO] PluginManage:302 - Check plugin projectmanager
2021-12-28 09:48:51,942 [INFO] PluginManage:352 - Loaded plugin projectmanager (category:projectmanager,tabindex:3)
2021-12-28 09:48:51,942 [INFO] PluginManage:302 - Check plugin thirdparty
2021-12-28 09:48:52,457 [WARN] IntegrityCheckThread:78 - waiting for thirdparty lock release [integrity check]
2021-12-28 09:48:52,469 [INFO] IntegrityCheckThread:80 - entering critical section [integrity check]
2021-12-28 09:48:52,468 [INFO] PluginManage:352 - Loaded plugin thirdparty (category:base,tabindex:-1)
2021-12-28 09:48:52,469 [INFO] ThirdPartyUpdaterWithRetryManager:66 - Updater plugin not ready yet. [1/15]
2021-12-28 09:48:52,470 [INFO] PluginManage:302 - Check plugin tools
2021-12-28 09:48:52,574 [INFO] PluginManage:352 - Loaded plugin tools (category:base,tabindex:7)
2021-12-28 09:48:52,574 [INFO] PluginManage:302 - Check plugin tutovideos
2021-12-28 09:48:52,984 [INFO] PluginManage:352 - Loaded plugin tutovideos (category:base,tabindex:-1)
2021-12-28 09:48:52,984 [INFO] PluginManage:302 - Check plugin updater
2021-12-28 09:48:53,008 [INFO] PluginManage:352 - Loaded plugin updater (category:base,tabindex:12)
2021-12-28 09:48:53,008 [INFO] PluginManage:275 - PluginManage : Loaded plugins [13]
2021-12-28 09:48:53,337 [INFO] PinOutPanel:1463 - setPackage(No Configuration,No Configuration)
2021-12-28 09:48:53,534 [INFO] IPUIPlugin:74 - create IPUIPlugin
2021-12-28 09:48:53,534 [INFO] PluginManager:213 - loadIPPluginJar : add adc
2021-12-28 09:48:53,600 [INFO] IPUIPlugin:74 - create IPUIPlugin
2021-12-28 09:48:53,600 [INFO] PluginManager:213 - loadIPPluginJar : add aes
2021-12-28 09:48:53,666 [INFO] IPUIPlugin:74 - create IPUIPlugin
2021-12-28 09:48:53,666 [INFO] PluginManager:213 - loadIPPluginJar : add can
2021-12-28 09:48:53,706 [INFO] IPUIPlugin:74 - create IPUIPlugin
2021-12-28 09:48:53,706 [INFO] PluginManager:213 - loadIPPluginJar : add comp
2021-12-28 09:48:53,747 [INFO] IPUIPlugin:74 - create IPUIPlugin
2021-12-28 09:48:53,747 [INFO] PluginManager:213 - loadIPPluginJar : add cryp
2021-12-28 09:48:53,808 [INFO] IPUIPlugin:74 - create IPUIPlugin
2021-12-28 09:48:53,808 [INFO] PluginManager:213 - loadIPPluginJar : add dfsdm
2021-12-28 09:48:53,834 [INFO] IPUIPlugin:74 - create IPUIPlugin
2021-12-28 09:48:53,834 [INFO] PluginManager:213 - loadIPPluginJar : add dma
2021-12-28 09:48:53,943 [INFO] IPUIPlugin:74 - create IPUIPlugin
2021-12-28 09:48:53,943 [INFO] PluginManager:213 - loadIPPluginJar : add dma3
2021-12-28 09:48:53,991 [INFO] IPUIPlugin:74 - create IPUIPlugin
2021-12-28 09:48:53,991 [INFO] PluginManager:213 - loadIPPluginJar : add fatfs
2021-12-28 09:48:54,057 [INFO] IPUIPlugin:74 - create IPUIPlugin
2021-12-28 09:48:54,057 [INFO] PluginManager:213 - loadIPPluginJar : add fmc
2021-12-28 09:48:54,081 [INFO] IPUIPlugin:74 - create IPUIPlugin
2021-12-28 09:48:54,081 [INFO] PluginManager:213 - loadIPPluginJar : add freertos
2021-12-28 09:48:54,101 [INFO] IPUIPlugin:74 - create IPUIPlugin
2021-12-28 09:48:54,101 [INFO] PluginManager:213 - loadIPPluginJar : add genericplugin
2021-12-28 09:48:54,194 [INFO] IPUIPlugin:74 - create IPUIPlugin
2021-12-28 09:48:54,194 [INFO] PluginManager:213 - loadIPPluginJar : add gfxmmu
2021-12-28 09:48:54,402 [INFO] IPUIPlugin:74 - create IPUIPlugin
2021-12-28 09:48:54,402 [INFO] PluginManager:213 - loadIPPluginJar : add gic
2021-12-28 09:48:54,433 [INFO] IPUIPlugin:74 - create IPUIPlugin
2021-12-28 09:48:54,433 [INFO] PluginManager:213 - loadIPPluginJar : add gpio
2021-12-28 09:48:54,528 [INFO] IPUIPlugin:74 - create IPUIPlugin
2021-12-28 09:48:54,528 [INFO] PluginManager:213 - loadIPPluginJar : add gtzc
2021-12-28 09:48:54,572 [INFO] IPUIPlugin:74 - create IPUIPlugin
2021-12-28 09:48:54,572 [INFO] PluginManager:213 - loadIPPluginJar : add hash
2021-12-28 09:48:54,622 [INFO] IPUIPlugin:74 - create IPUIPlugin
2021-12-28 09:48:54,622 [INFO] PluginManager:213 - loadIPPluginJar : add i2c
2021-12-28 09:48:54,663 [INFO] IPUIPlugin:74 - create IPUIPlugin
2021-12-28 09:48:54,663 [INFO] PluginManager:213 - loadIPPluginJar : add i2s
2021-12-28 09:48:54,689 [INFO] IPUIPlugin:74 - create IPUIPlugin
2021-12-28 09:48:54,689 [INFO] PluginManager:213 - loadIPPluginJar : add ipddr
2021-12-28 09:48:54,771 [INFO] IPUIPlugin:74 - create IPUIPlugin
2021-12-28 09:48:54,771 [INFO] PluginManager:213 - loadIPPluginJar : add linkedlist
2021-12-28 09:48:54,832 [INFO] IPUIPlugin:74 - create IPUIPlugin
2021-12-28 09:48:54,832 [INFO] PluginManager:213 - loadIPPluginJar : add lorawan
2021-12-28 09:48:54,869 [INFO] IPUIPlugin:74 - create IPUIPlugin
2021-12-28 09:48:54,869 [INFO] PluginManager:213 - loadIPPluginJar : add ltdc
2021-12-28 09:48:54,879 [INFO] IPUIPlugin:74 - create IPUIPlugin
2021-12-28 09:48:54,879 [INFO] PluginManager:213 - loadIPPluginJar : add mdma
2021-12-28 09:48:54,895 [INFO] IPUIPlugin:74 - create IPUIPlugin
2021-12-28 09:48:54,895 [INFO] PluginManager:213 - loadIPPluginJar : add nvic
2021-12-28 09:48:54,963 [INFO] IPUIPlugin:74 - create IPUIPlugin
2021-12-28 09:48:54,963 [INFO] PluginManager:213 - loadIPPluginJar : add opamp
2021-12-28 09:48:55,030 [INFO] IPUIPlugin:74 - create IPUIPlugin
2021-12-28 09:48:55,030 [INFO] PluginManager:213 - loadIPPluginJar : add openamp
2021-12-28 09:48:55,097 [INFO] IPUIPlugin:74 - create IPUIPlugin
2021-12-28 09:48:55,097 [INFO] PluginManager:213 - loadIPPluginJar : add pdm2pcm
2021-12-28 09:48:55,117 [INFO] IPUIPlugin:74 - create IPUIPlugin
2021-12-28 09:48:55,117 [INFO] PluginManager:213 - loadIPPluginJar : add plateformsettings
2021-12-28 09:48:55,140 [INFO] IPUIPlugin:74 - create IPUIPlugin
2021-12-28 09:48:55,140 [INFO] PluginManager:213 - loadIPPluginJar : add quadspi
2021-12-28 09:48:55,172 [INFO] IPUIPlugin:74 - create IPUIPlugin
2021-12-28 09:48:55,172 [INFO] PluginManager:213 - loadIPPluginJar : add resmgrutility
2021-12-28 09:48:55,242 [INFO] IPUIPlugin:74 - create IPUIPlugin
2021-12-28 09:48:55,258 [INFO] PluginManager:213 - loadIPPluginJar : add sai
2021-12-28 09:48:55,291 [INFO] IPUIPlugin:74 - create IPUIPlugin
2021-12-28 09:48:55,291 [INFO] PluginManager:213 - loadIPPluginJar : add spi
2021-12-28 09:48:55,360 [INFO] IPUIPlugin:74 - create IPUIPlugin
2021-12-28 09:48:55,360 [INFO] PluginManager:213 - loadIPPluginJar : add stm32_wpan
2021-12-28 09:48:55,384 [INFO] IPUIPlugin:74 - create IPUIPlugin
2021-12-28 09:48:55,384 [INFO] PluginManager:213 - loadIPPluginJar : add tim
2021-12-28 09:48:55,465 [INFO] IPUIPlugin:74 - create IPUIPlugin
2021-12-28 09:48:55,465 [INFO] PluginManager:213 - loadIPPluginJar : add touchsensing
2021-12-28 09:48:55,491 [INFO] ThirdPartyUpdaterWithRetryManager:66 - Updater plugin not ready yet. [2/15]
2021-12-28 09:48:55,522 [INFO] IPUIPlugin:74 - create IPUIPlugin
2021-12-28 09:48:55,522 [INFO] PluginManager:213 - loadIPPluginJar : add tracer_emb
2021-12-28 09:48:55,579 [INFO] IPUIPlugin:74 - create IPUIPlugin
2021-12-28 09:48:55,579 [INFO] PluginManager:213 - loadIPPluginJar : add ts
2021-12-28 09:48:55,623 [INFO] IPUIPlugin:74 - create IPUIPlugin
2021-12-28 09:48:55,623 [INFO] PluginManager:213 - loadIPPluginJar : add tsc
2021-12-28 09:48:55,650 [INFO] IPUIPlugin:74 - create IPUIPlugin
2021-12-28 09:48:55,650 [INFO] PluginManager:213 - loadIPPluginJar : add ucpd
2021-12-28 09:48:55,715 [INFO] IPUIPlugin:74 - create IPUIPlugin
2021-12-28 09:48:55,716 [INFO] PluginManager:213 - loadIPPluginJar : add usart
2021-12-28 09:48:55,752 [INFO] IPUIPlugin:74 - create IPUIPlugin
2021-12-28 09:48:55,752 [INFO] PluginManager:213 - loadIPPluginJar : add usbx
2021-12-28 09:48:56,571 [FATAL] Updater:294 - Updater called before beeing initialized
2021-12-28 09:48:56,860 [FATAL] Updater:294 - Updater called before beeing initialized
2021-12-28 09:48:56,884 [INFO] DbMcusAds:47 - JSON generation date=Wed Sep 29 23:55:09 PDT 2021 (1632984909261)
2021-12-28 09:48:56,884 [FATAL] Updater:294 - Updater called before beeing initialized
2021-12-28 09:48:57,107 [WARN] DetailPanel:314 - Failed to get advertising image, set to default
2021-12-28 09:48:57,357 [FATAL] Updater:294 - Updater called before beeing initialized
2021-12-28 09:48:57,362 [FATAL] Updater:294 - Updater called before beeing initialized
2021-12-28 09:48:57,362 [FATAL] Updater:294 - Updater called before beeing initialized
2021-12-28 09:48:57,362 [WARN] DetailPanel:314 - Failed to get advertising image, set to default
2021-12-28 09:48:57,362 [FATAL] Updater:294 - Updater called before beeing initialized
2021-12-28 09:48:57,494 [ERROR] Updater:1075 - MainUpdater not yet initialized. External WinMGr cannot be set.
2021-12-28 09:48:57,518 [INFO] Updater:1012 - Updater Version found : 6.3.0
2021-12-28 09:48:57,562 [INFO] ApplicationProperties:181 - Using Application install path: C:\ST\STM32CubeIDE_1.7.0\STM32CubeIDE\plugins\com.st.stm32cube.common.mx_6.3.0.202107141111
2021-12-28 09:48:58,202 [INFO] MainUpdater:2671 - connection check result : 10
2021-12-28 09:48:58,204 [INFO] MainUpdater:265 - Updater Check For Update Now.
2021-12-28 09:48:58,204 [INFO] MicroXplorer:478 - Change Database Version : DB.6.0.30
2021-12-28 09:48:58,396 [INFO] CheckServerUpdateThread:112 - End of CheckServer Thread
2021-12-28 09:48:58,474 [INFO] MainUpdater:2671 - connection check result : 10
2021-12-28 09:48:58,729 [INFO] McuFinderGlobals:52 - Set McuFinderConnectedMode to true
2021-12-28 09:48:58,912 [WARN] PackLoader:238 - Cannot read IP mode file for STMicroelectronics.X-CUBE-BLE1.6.2.2
2021-12-28 09:48:58,935 [WARN] PackLoader:238 - Cannot read IP mode file for STMicroelectronics.X-CUBE-BLE2.3.2.2
2021-12-28 09:48:58,976 [WARN] PackLoader:238 - Cannot read IP mode file for STMicroelectronics.X-CUBE-NFC4.2.0.3
2021-12-28 09:48:58,999 [WARN] PackLoader:238 - Cannot read IP mode file for STMicroelectronics.X-CUBE-SFXS2LP1.3.1.0
2021-12-28 09:48:59,059 [WARN] PackLoader:238 - Cannot read IP mode file for STMicroelectronics.X-CUBE-AZRTOS-F4.1.0.0
2021-12-28 09:48:59,081 [WARN] PackLoader:238 - Cannot read IP mode file for STMicroelectronics.X-CUBE-TOF1.2.0.0
2021-12-28 09:48:59,108 [WARN] PackLoader:238 - Cannot read IP mode file for STMicroelectronics.X-CUBE-SUBG2.4.2.0
2021-12-28 09:48:59,141 [WARN] PackLoader:238 - Cannot read IP mode file for STMicroelectronics.X-CUBE-ALGOBUILD.1.2.1
2021-12-28 09:48:59,158 [WARN] PackLoader:238 - Cannot read IP mode file for STMicroelectronics.X-CUBE-TOUCHGFX.4.18.1
2021-12-28 09:48:59,169 [WARN] PackLoader:238 - Cannot read IP mode file for STMicroelectronics.X-CUBE-TOUCHGFX.4.18.0
2021-12-28 09:48:59,181 [WARN] PackLoader:238 - Cannot read IP mode file for wolfSSL.I-CUBE-wolfSSL.5.0.0
2021-12-28 09:48:59,200 [WARN] PackLoader:238 - Cannot read IP mode file for RoweBots.I-CUBE-UNISONRTOS.5.5.0-4
2021-12-28 09:48:59,316 [WARN] PackLoader:238 - Cannot read IP mode file for SEGGER.I-CUBE-embOS.1.2.0
2021-12-28 09:48:59,468 [WARN] PackLoader:238 - Cannot read IP mode file for STMicroelectronics.X-CUBE-AZRTOS-H7.2.0.0
2021-12-28 09:48:59,506 [WARN] PackLoader:238 - Cannot read IP mode file for STMicroelectronics.X-CUBE-AZRTOS-G4.1.0.0
2021-12-28 09:48:59,574 [WARN] PackLoader:238 - Cannot read IP mode file for STMicroelectronics.X-CUBE-AZRTOS-L4.1.0.0
2021-12-28 09:48:59,630 [INFO] ServerAccessManage:362 - Download File mcusAds.json._tmp_
2021-12-28 09:48:59,704 [WARN] PackLoader:238 - Cannot read IP mode file for STMicroelectronics.X-CUBE-AZRTOS-F7.1.0.0
2021-12-28 09:48:59,778 [INFO] LoadUrlFilesThread:145 - End of LoadUrlFiles Thread
2021-12-28 09:48:59,960 [WARN] PackLoader:238 - Cannot read IP mode file for STMicroelectronics.X-CUBE-MEMS1.9.1.0
2021-12-28 09:49:00,202 [WARN] PackLoader:238 - Cannot read IP mode file for STMicroelectronics.X-CUBE-ALS.1.0.1
2021-12-28 09:49:00,214 [WARN] PackLoader:238 - Cannot read IP mode file for STMicroelectronics.X-CUBE-AI.7.0.0
2021-12-28 09:49:00,247 [INFO] ServerAccessManage:362 - Download File mcusDocs.json._tmp_
2021-12-28 09:49:00,266 [WARN] PackLoader:238 - Cannot read IP mode file for STMicroelectronics.X-CUBE-AZRTOS-L5.1.0.0
2021-12-28 09:49:00,306 [WARN] PackLoader:238 - Cannot read IP mode file for STMicroelectronics.X-CUBE-EEPRMA1.3.1.0
2021-12-28 09:49:00,325 [WARN] PackLoader:238 - Cannot read IP mode file for STMicroelectronics.X-CUBE-GNSS1.5.2.0
2021-12-28 09:49:00,344 [WARN] PackLoader:238 - Cannot read IP mode file for STMicroelectronics.X-CUBE-DISPLAY.2.0.0
2021-12-28 09:49:00,349 [INFO] ThirdParty:915 - Integrity check success = true
2021-12-28 09:49:00,349 [INFO] IntegrityCheckThread:94 - exiting critical section [integrity check]
2021-12-28 09:49:00,349 [INFO] IntegrityCheckThread:97 - End integrity checks thread
2021-12-28 09:49:00,526 [INFO] LoadUrlFilesThread:145 - End of LoadUrlFiles Thread
2021-12-28 09:49:00,859 [INFO] ServerAccessManage:362 - Download File mcusFeaturesAndDescription.json._tmp_
2021-12-28 09:49:06,293 [INFO] LoadUrlFilesThread:145 - End of LoadUrlFiles Thread
2021-12-28 09:49:06,627 [INFO] ServerAccessManage:362 - Download File boardsDocs.json._tmp_
2021-12-28 09:49:06,793 [INFO] LoadUrlFilesThread:145 - End of LoadUrlFiles Thread
2021-12-28 09:49:07,144 [INFO] ServerAccessManage:362 - Download File boards.json._tmp_
2021-12-28 09:49:07,498 [INFO] LoadUrlFilesThread:145 - End of LoadUrlFiles Thread
2021-12-28 09:49:07,848 [INFO] ServerAccessManage:362 - Download File cube-finder-db.zip
2021-12-28 09:49:18,436 [INFO] FileExtend:235 - Unzip File : cube-finder-db.zip
2021-12-28 09:49:18,437 [INFO] FileExtend:250 - Standard Zip Deflate
2021-12-28 09:49:19,253 [INFO] LoadUrlFilesThread:145 - End of LoadUrlFiles Thread
2021-12-28 09:49:19,606 [INFO] ServerAccessManage:362 - Download File crdb.zip
2021-12-28 09:49:20,042 [INFO] FileExtend:235 - Unzip File : crdb.zip
2021-12-28 09:49:20,043 [INFO] FileExtend:250 - Standard Zip Deflate
2021-12-28 09:49:20,197 [INFO] LoadUrlFilesThread:145 - End of LoadUrlFiles Thread
2021-12-28 09:49:20,578 [INFO] ServerAccessManage:362 - Download File tutoVideoDB.zip
2021-12-28 09:49:20,692 [INFO] FileExtend:235 - Unzip File : tutoVideoDB.zip
2021-12-28 09:49:20,692 [INFO] FileExtend:250 - Standard Zip Deflate
2021-12-28 09:49:20,844 [INFO] LoadUrlFilesThread:145 - End of LoadUrlFiles Thread
2021-12-28 09:49:20,846 [INFO] DbMcusAds:47 - JSON generation date=Wed Sep 29 23:55:09 PDT 2021 (1632984909261)
2021-12-28 09:49:20,870 [INFO] DbMcusDocs:143 - JSON generation date=Tue Nov 16 08:17:54 PST 2021 (1637079474)
2021-12-28 09:49:20,871 [INFO] DbMcusXml:100 - Load MCU database from C:\ST\STM32CubeIDE_1.7.0\STM32CubeIDE\plugins\com.st.stm32cube.common.mx_6.3.0.202107141111\\db\/mcu/families.xml
2021-12-28 09:49:22,382 [INFO] DbMcusJson:93 - JSON generation date=Tue Nov 16 08:17:54 PST 2021 (1637079474)
2021-12-28 09:49:23,479 [INFO] DbMcus:175 - Found 1951 MCUs (1903 are supported by CubeMX, 1914 are visible in CubeMX)
2021-12-28 09:49:23,484 [INFO] ApiDb:251 - Load user favorites file C:\Users\User/.stm32cubeide/favorites.mcus.txt: 1 item(s)
2021-12-28 09:49:23,484 [INFO] ApiDb:255 - User favorites MCUs=[STM32F401CCUx]
2021-12-28 09:49:23,484 [INFO] DbMcus:187 - Set 1 / 1 favorites MCUs
2021-12-28 09:49:24,088 [INFO] DbMcusDocs:79 - Found 682 MCUs documents
2021-12-28 09:49:24,094 [INFO] ApiDb:276 - Save user favorites file C:\Users\User/.stm32cubeide/favorites.mcus.txt: 1 item(s)
2021-12-28 09:49:24,094 [INFO] ApiDb:280 - User favorites MCUs=[STM32F401CCUx]
2021-12-28 09:49:24,095 [INFO] DbMcusXml:100 - Load MCU database from C:\ST\STM32CubeIDE_1.7.0\STM32CubeIDE\plugins\com.st.stm32cube.common.mx_6.3.0.202107141111\\db\/mcu/families.xml
2021-12-28 09:49:25,158 [INFO] DbMcusJson:93 - JSON generation date=Tue Nov 16 08:17:54 PST 2021 (1637079474)
2021-12-28 09:49:26,140 [INFO] DbMcus:175 - Found 1951 MCUs (1903 are supported by CubeMX, 1914 are visible in CubeMX)
2021-12-28 09:49:26,140 [INFO] ApiDb:251 - Load user favorites file C:\Users\User/.stm32cubeide/favorites.mcus.txt: 1 item(s)
2021-12-28 09:49:26,140 [INFO] ApiDb:255 - User favorites MCUs=[STM32F401CCUx]
2021-12-28 09:49:26,140 [INFO] DbMcus:187 - Set 1 / 1 favorites MCUs
2021-12-28 09:49:26,154 [INFO] DbBoardsDocs:143 - JSON generation date=Tue Nov 16 08:17:54 PST 2021 (1637079474)
2021-12-28 09:49:26,181 [INFO] DbBoardsPdsc:90 - Found 25 items
2021-12-28 09:49:26,184 [INFO] DbBoardsPdsc:90 - Found 9 items
2021-12-28 09:49:26,215 [INFO] DbBoardsPdsc:90 - Found 33 items
2021-12-28 09:49:26,219 [INFO] DbBoardsPdsc:90 - Found 1 items
2021-12-28 09:49:26,251 [INFO] DbBoardsPdsc:90 - Found 48 items
2021-12-28 09:49:26,276 [INFO] DbBoardsPdsc:90 - Found 43 items
2021-12-28 09:49:26,289 [INFO] DbBoardsPdsc:90 - Found 2 items
2021-12-28 09:49:26,321 [INFO] DbBoardsPdsc:90 - Found 5 items
2021-12-28 09:49:26,335 [WARN] DbBoardsPdsc:254 - Board STM32H7B3I-DK: unknown feature type=Audio, name=, username=Audio stereo codec with Headphone Amp (CS42L51-CNZ), n=1
2021-12-28 09:49:26,335 [WARN] DbBoardsPdsc:254 - Board STM32H735G-DK: unknown feature type=Audio, name=, username=Audio stereo codec with Headphone Amp (WM8994ECS/R), n=1
2021-12-28 09:49:26,335 [WARN] DbBoardsPdsc:254 - Board STM32H7B3I-EVAL: unknown feature type=Audio, name=, username=Multi-Channel Audio Codec (CS42L51-CNZ), n=1
2021-12-28 09:49:26,335 [WARN] DbBoardsPdsc:254 - Board STM32H7B3I-EVAL: unknown feature type=Meter, name=, username=Power-metering and Temperature-monitoring with sigma-delta modulators, n=1
2021-12-28 09:49:26,335 [WARN] DbBoardsPdsc:254 - Board STM32H7B3I-EVAL: unknown feature type=Motor, name=, username=Motor Control, n=1
2021-12-28 09:49:26,335 [WARN] DbBoardsPdsc:254 - Board STM32U575I-EV: unknown feature type=joystick, name=, username=4-direction joystick with selection button, n=1
2021-12-28 09:49:26,402 [INFO] DbBoardsJson:86 - JSON generation date=Tue Nov 16 08:17:54 PST 2021 (1637079474)
2021-12-28 09:49:26,419 [INFO] DbBoards:117 - Found 167 boards (163 are supported by CubeMX)
2021-12-28 09:49:26,420 [INFO] DbBoardsDocs:143 - JSON generation date=Tue Nov 16 08:17:54 PST 2021 (1637079474)
2021-12-28 09:49:26,425 [INFO] DbBoardsDocs:79 - Found 209 boards documents
2021-12-28 09:49:26,430 [WARN] DbBoards:127 - board B-L475E-IOT01A2 has no document id list !
2021-12-28 09:49:26,431 [WARN] DbBoards:127 - board NUCLEO-H743ZI has no document id list !
2021-12-28 09:49:26,432 [WARN] DbBoards:127 - board NUCLEO-WL55JC2 has no document id list !
2021-12-28 09:49:26,432 [WARN] DbBoards:127 - board P-NUCLEO-WB55-Nucleo has no document id list !
2021-12-28 09:49:26,432 [WARN] DbBoards:127 - board P-NUCLEO-WB55-USBDongle has no document id list !
2021-12-28 09:49:26,432 [WARN] DbBoards:127 - board STEVAL-BFA001V1B has no document id list !
2021-12-28 09:49:26,432 [WARN] DbBoards:127 - board STEVAL-BFA001V2B has no document id list !
2021-12-28 09:49:26,432 [WARN] DbBoards:127 - board STEVAL-IDP005V1 has no document id list !
2021-12-28 09:49:26,432 [WARN] DbBoards:127 - board STEVAL-IDP005V2 has no document id list !
2021-12-28 09:49:26,432 [WARN] DbBoards:127 - board STEVAL-MKSBOX1V1 has no document id list !
2021-12-28 09:49:26,432 [WARN] DbBoards:127 - board STEVAL-STWINKT1 has no document id list !
2021-12-28 09:49:26,432 [WARN] DbBoards:127 - board STEVAL-STWINKT1B has no document id list !
2021-12-28 09:49:26,432 [WARN] DbBoards:127 - board STM32439I-EVAL2 has no document id list !
2021-12-28 09:49:26,432 [WARN] DbBoards:127 - board STM32F401C-DISCO has no document id list !
2021-12-28 09:49:26,432 [WARN] DbBoards:127 - board STM32F769I-DISC1 has no document id list !
2021-12-28 09:49:26,432 [WARN] DbBoards:127 - board STM32G474E-EVAL1 has no document id list !
2021-12-28 09:49:26,432 [WARN] DbBoards:127 - board STM32H743I-EVAL2 has no document id list !
2021-12-28 09:49:26,432 [WARN] DbBoards:127 - board STM32H747I-DISC1 has no document id list !
2021-12-28 09:49:26,432 [WARN] DbBoards:127 - board STM32H753I-EVAL2 has no document id list !
2021-12-28 09:49:26,432 [WARN] DbBoards:127 - board STM32L-DISCOVERY has no document id list !
2021-12-28 09:49:26,663 [ERROR] DbBoards:189 - Image file not found for board B-U585I-IOT02A: C:\ST\STM32CubeIDE_1.7.0\STM32CubeIDE\plugins\com.st.stm32cube.common.mx_6.3.0.202107141111\\db\/plugins/mcufinder/images/boards/B-U585I-IOT02A_small.jpg
2021-12-28 09:49:26,924 [ERROR] DbBoards:189 - Image file not found for board NUCLEO-F413ZH: C:\ST\STM32CubeIDE_1.7.0\STM32CubeIDE\plugins\com.st.stm32cube.common.mx_6.3.0.202107141111\\db\/plugins/mcufinder/images/boards/nucleo-f413zh_small.jpg
2021-12-28 09:49:27,301 [ERROR] DbBoards:189 - Image file not found for board NUCLEO-L552ZE-Q: C:\ST\STM32CubeIDE_1.7.0\STM32CubeIDE\plugins\com.st.stm32cube.common.mx_6.3.0.202107141111\\db\/plugins/mcufinder/images/boards/nucleo_l552ze_q_small.jpg
2021-12-28 09:49:27,301 [ERROR] DbBoards:189 - Image file not found for board NUCLEO-U575ZI-Q: C:\ST\STM32CubeIDE_1.7.0\STM32CubeIDE\plugins\com.st.stm32cube.common.mx_6.3.0.202107141111\\db\/plugins/mcufinder/images/boards/nucleo-u575zi-q_small.jpg
2021-12-28 09:49:27,301 [ERROR] DbBoards:189 - Image file not found for board NUCLEO-WB15CC: C:\ST\STM32CubeIDE_1.7.0\STM32CubeIDE\plugins\com.st.stm32cube.common.mx_6.3.0.202107141111\\db\/plugins/mcufinder/images/boards/nucleo-wb15cc_small.jpg
2021-12-28 09:49:27,301 [ERROR] DbBoards:189 - Image file not found for board NUCLEO-WB55RG: C:\ST\STM32CubeIDE_1.7.0\STM32CubeIDE\plugins\com.st.stm32cube.common.mx_6.3.0.202107141111\\db\/plugins/mcufinder/images/boards/nucleo-wb55rg_small.jpg
2021-12-28 09:49:29,718 [INFO] ApiDb:251 - Load user favorites file C:\Users\User/.stm32cubeide/favorites.boards.txt: 0 item(s)
2021-12-28 09:49:29,718 [INFO] ApiDb:255 - User favorites Boards=[]
2021-12-28 09:49:29,718 [INFO] DbBoards:206 - Set 0 / 0 favorites Boards
2021-12-28 09:49:29,723 [INFO] DbBoardsDocs:79 - Found 418 boards documents
2021-12-28 09:49:29,723 [INFO] ApiDb:276 - Save user favorites file C:\Users\User/.stm32cubeide/favorites.boards.txt: 0 item(s)
2021-12-28 09:49:29,723 [INFO] ApiDb:280 - User favorites Boards=[]
2021-12-28 09:49:29,731 [INFO] DbBoardsPdsc:90 - Found 25 items
2021-12-28 09:49:29,731 [INFO] DbBoardsPdsc:90 - Found 9 items
2021-12-28 09:49:29,736 [INFO] DbBoardsPdsc:90 - Found 33 items
2021-12-28 09:49:29,736 [INFO] DbBoardsPdsc:90 - Found 1 items
2021-12-28 09:49:29,751 [INFO] DbBoardsPdsc:90 - Found 48 items
2021-12-28 09:49:29,757 [INFO] DbBoardsPdsc:90 - Found 43 items
2021-12-28 09:49:29,763 [INFO] DbBoardsPdsc:90 - Found 2 items
2021-12-28 09:49:29,764 [INFO] DbBoardsPdsc:90 - Found 5 items
2021-12-28 09:49:29,764 [WARN] DbBoardsPdsc:254 - Board STM32H7B3I-DK: unknown feature type=Audio, name=, username=Audio stereo codec with Headphone Amp (CS42L51-CNZ), n=1
2021-12-28 09:49:29,770 [WARN] DbBoardsPdsc:254 - Board STM32H735G-DK: unknown feature type=Audio, name=, username=Audio stereo codec with Headphone Amp (WM8994ECS/R), n=1
2021-12-28 09:49:29,770 [WARN] DbBoardsPdsc:254 - Board STM32H7B3I-EVAL: unknown feature type=Audio, name=, username=Multi-Channel Audio Codec (CS42L51-CNZ), n=1
2021-12-28 09:49:29,770 [WARN] DbBoardsPdsc:254 - Board STM32H7B3I-EVAL: unknown feature type=Meter, name=, username=Power-metering and Temperature-monitoring with sigma-delta modulators, n=1
2021-12-28 09:49:29,770 [WARN] DbBoardsPdsc:254 - Board STM32H7B3I-EVAL: unknown feature type=Motor, name=, username=Motor Control, n=1
2021-12-28 09:49:29,770 [WARN] DbBoardsPdsc:254 - Board STM32U575I-EV: unknown feature type=joystick, name=, username=4-direction joystick with selection button, n=1
2021-12-28 09:49:29,806 [INFO] DbBoardsJson:86 - JSON generation date=Tue Nov 16 08:17:54 PST 2021 (1637079474)
2021-12-28 09:49:29,813 [INFO] DbBoards:117 - Found 167 boards (163 are supported by CubeMX)
2021-12-28 09:49:29,813 [WARN] DbBoards:127 - board B-L475E-IOT01A2 has no document id list !
2021-12-28 09:49:29,813 [WARN] DbBoards:127 - board NUCLEO-H743ZI has no document id list !
2021-12-28 09:49:29,816 [WARN] DbBoards:127 - board NUCLEO-WL55JC2 has no document id list !
2021-12-28 09:49:29,816 [WARN] DbBoards:127 - board P-NUCLEO-WB55-Nucleo has no document id list !
2021-12-28 09:49:29,816 [WARN] DbBoards:127 - board P-NUCLEO-WB55-USBDongle has no document id list !
2021-12-28 09:49:29,816 [WARN] DbBoards:127 - board STEVAL-BFA001V1B has no document id list !
2021-12-28 09:49:29,816 [WARN] DbBoards:127 - board STEVAL-BFA001V2B has no document id list !
2021-12-28 09:49:29,816 [WARN] DbBoards:127 - board STEVAL-IDP005V1 has no document id list !
2021-12-28 09:49:29,816 [WARN] DbBoards:127 - board STEVAL-IDP005V2 has no document id list !
2021-12-28 09:49:29,817 [WARN] DbBoards:127 - board STEVAL-MKSBOX1V1 has no document id list !
2021-12-28 09:49:29,817 [WARN] DbBoards:127 - board STEVAL-STWINKT1 has no document id list !
2021-12-28 09:49:29,817 [WARN] DbBoards:127 - board STEVAL-STWINKT1B has no document id list !
2021-12-28 09:49:29,817 [WARN] DbBoards:127 - board STM32439I-EVAL2 has no document id list !
2021-12-28 09:49:29,817 [WARN] DbBoards:127 - board STM32F401C-DISCO has no document id list !
2021-12-28 09:49:29,818 [WARN] DbBoards:127 - board STM32F769I-DISC1 has no document id list !
2021-12-28 09:49:29,818 [WARN] DbBoards:127 - board STM32G474E-EVAL1 has no document id list !
2021-12-28 09:49:29,818 [WARN] DbBoards:127 - board STM32H743I-EVAL2 has no document id list !
2021-12-28 09:49:29,818 [WARN] DbBoards:127 - board STM32H747I-DISC1 has no document id list !
2021-12-28 09:49:29,818 [WARN] DbBoards:127 - board STM32H753I-EVAL2 has no document id list !
2021-12-28 09:49:29,819 [WARN] DbBoards:127 - board STM32L-DISCOVERY has no document id list !
2021-12-28 09:49:29,992 [ERROR] DbBoards:189 - Image file not found for board B-U585I-IOT02A: C:\ST\STM32CubeIDE_1.7.0\STM32CubeIDE\plugins\com.st.stm32cube.common.mx_6.3.0.202107141111\\db\/plugins/mcufinder/images/boards/B-U585I-IOT02A_small.jpg
2021-12-28 09:49:30,268 [ERROR] DbBoards:189 - Image file not found for board NUCLEO-F413ZH: C:\ST\STM32CubeIDE_1.7.0\STM32CubeIDE\plugins\com.st.stm32cube.common.mx_6.3.0.202107141111\\db\/plugins/mcufinder/images/boards/nucleo-f413zh_small.jpg
2021-12-28 09:49:30,628 [ERROR] DbBoards:189 - Image file not found for board NUCLEO-L552ZE-Q: C:\ST\STM32CubeIDE_1.7.0\STM32CubeIDE\plugins\com.st.stm32cube.common.mx_6.3.0.202107141111\\db\/plugins/mcufinder/images/boards/nucleo_l552ze_q_small.jpg
2021-12-28 09:49:30,629 [ERROR] DbBoards:189 - Image file not found for board NUCLEO-U575ZI-Q: C:\ST\STM32CubeIDE_1.7.0\STM32CubeIDE\plugins\com.st.stm32cube.common.mx_6.3.0.202107141111\\db\/plugins/mcufinder/images/boards/nucleo-u575zi-q_small.jpg
2021-12-28 09:49:30,629 [ERROR] DbBoards:189 - Image file not found for board NUCLEO-WB15CC: C:\ST\STM32CubeIDE_1.7.0\STM32CubeIDE\plugins\com.st.stm32cube.common.mx_6.3.0.202107141111\\db\/plugins/mcufinder/images/boards/nucleo-wb15cc_small.jpg
2021-12-28 09:49:30,629 [ERROR] DbBoards:189 - Image file not found for board NUCLEO-WB55RG: C:\ST\STM32CubeIDE_1.7.0\STM32CubeIDE\plugins\com.st.stm32cube.common.mx_6.3.0.202107141111\\db\/plugins/mcufinder/images/boards/nucleo-wb55rg_small.jpg
2021-12-28 09:49:32,435 [INFO] ApiDb:251 - Load user favorites file C:\Users\User/.stm32cubeide/favorites.boards.txt: 0 item(s)
2021-12-28 09:49:32,435 [INFO] ApiDb:255 - User favorites Boards=[]
2021-12-28 09:49:32,435 [INFO] DbBoards:206 - Set 0 / 0 favorites Boards
2021-12-28 09:49:32,451 [INFO] LoadUrlFilesThread:172 - End of LoadServerUrlFiles without Thread
2021-12-28 09:49:32,451 [INFO] TargetSelectorAdapter:224 - Refresh data is successful
2021-12-28 09:49:32,570 [INFO] ApiDb:479 - Connected to CubeFinder SQLite database (C:\Users\User\.stmcufinder\plugins\mcufinder\mcu\cube-finder-db.db)
2021-12-28 09:49:33,602 [INFO] DbExamplesSqlite:411 - Ignored 15 examples not supported by CubeIDE
2021-12-28 09:49:33,602 [INFO] DbExamplesSqlite:412 - Found 6089 examples active
2021-12-28 09:49:33,602 [INFO] DbExamplesSqlite:413 - Found 0 examples obsolete
2021-12-28 09:49:33,602 [INFO] DbExamplesSqlite:414 - Found 0 examples under development
2021-12-28 09:49:33,602 [INFO] DbExamplesSqlite:415 - Found 94 examples not building
2021-12-28 09:49:33,634 [INFO] DbExamplesSqlite:108 - CubeFinder database Data Model version=2.1
2021-12-28 09:49:33,634 [INFO] DbExamplesSqlite:109 - CubeFinder database Configuration version=3.0.22
2021-12-28 09:49:33,634 [INFO] DbExamplesSqlite:110 - CubeFinder database generation date=2021-12-07 (1638868725)
2021-12-28 09:49:33,634 [INFO] DbExamplesSqlite:111 - CubeFinder database FW Pack versions=[STM32Cube_FW_F4_V1.26.2, STM32Cube_FW_F7_V1.16.1, STM32Cube_FW_G0_V1.5.0, STM32Cube_FW_G4_V1.5.0, STM32Cube_FW_H7_V1.9.0, STM32Cube_FW_L5_V1.4.0, STM32Cube_FW_U5_V1.0.2, STM32Cube_FW_WB_V1.13.0, STM32Cube_FW_WL_V1.1.0, X-CUBE-ALS_V1.0.1, X-CUBE-AZRTOS-F4_V1.0.0, X-CUBE-AZRTOS-F7_V1.0.0, X-CUBE-AZRTOS-G4_V1.0.0, X-CUBE-AZRTOS-H7_V2.0.0, X-CUBE-AZRTOS-L4_V1.0.0, X-CUBE-AZRTOS-L5_V1.0.0, X-CUBE-BLE1_V6.2.1, X-CUBE-BLE2_V3.2.2, X-CUBE-EEPRMA1_V3.1.0, X-CUBE-GNSS1_V5.2.0, X-CUBE-MEMS1_V9.1.0, X-CUBE-NFC4_V2.0.3, X-CUBE-SFXS2LP1_V3.1.0, X-CUBE-SUBG2_V4.2.0]
2021-12-28 09:49:33,634 [INFO] DbExamples:130 - Found 6168 examples
2021-12-28 09:49:34,739 [ERROR] DbExamples:206 - Found 6168 examples with invalid data (board or MCU)
2021-12-28 09:49:34,739 [INFO] DbExamples:222 - Found 74 boards with related examples
2021-12-28 09:49:34,739 [INFO] DbExamples:235 - Found 0 MCUs with related examples
2021-12-28 09:49:34,769 [INFO] ApiDb:251 - Load user favorites file C:\Users\User/.stm32cubeide/favorites.examples.txt: 0 item(s)
2021-12-28 09:49:34,769 [INFO] ApiDb:255 - User favorites Examples=[]
2021-12-28 09:49:34,769 [INFO] DbExamples:256 - Set 0 / 0 favorites Examples
2021-12-28 09:49:37,638 [INFO] MainUpdater:2671 - connection check result : 10
2021-12-28 09:49:37,652 [INFO] McuFinderGlobals:52 - Set McuFinderConnectedMode to false
2021-12-28 09:49:37,797 [INFO] CrossSelectorPresenter:1330 - Cross Selector saved comparison directory: C:\Users\User\.stmcufinder\plugins\mcufinder\mcu\cs_comparisons_mx
2021-12-28 09:49:37,803 [INFO] MultiScanPanel:197 - Auto-refresh data requested => check proxy status ongoing
2021-12-28 09:49:37,803 [INFO] MultiScanPanel:201 - Proxy status is invalid
2021-12-28 09:49:37,807 [INFO] FinderPluginLoader:87 - Searching for filters in installed packs
2021-12-28 09:49:38,607 [INFO] DetailPanel:309 - Set advertising image to C:/Users/User/STM32Cube/Repository/\en.Prom_NBSTM32U50921.jpg
2021-12-28 09:49:39,713 [INFO] McuFinderGlobals:52 - Set McuFinderConnectedMode to false
2021-12-28 09:49:39,732 [INFO] CrossSelectorPresenter:1330 - Cross Selector saved comparison directory: C:\Users\User\.stmcufinder\plugins\mcufinder\mcu\cs_comparisons_mx
2021-12-28 09:49:39,733 [INFO] MultiScanPanel:197 - Auto-refresh data requested => check proxy status ongoing
2021-12-28 09:49:39,733 [INFO] MultiScanPanel:201 - Proxy status is invalid
2021-12-28 09:49:39,734 [INFO] FinderPluginLoader:87 - Searching for filters in installed packs
2021-12-28 09:49:40,203 [INFO] DetailPanel:309 - Set advertising image to C:/Users/User/STM32Cube/Repository/\en.Prom_NBSTM32U50921.jpg
2021-12-28 09:50:14,693 [INFO] McuFinderGlobals:52 - Set McuFinderConnectedMode to true
2021-12-28 09:50:15,176 [INFO] ApiDb:276 - Save user favorites file C:\Users\User/.stm32cubeide/favorites.mcus.txt: 1 item(s)
2021-12-28 09:50:15,176 [INFO] ApiDb:280 - User favorites MCUs=[STM32F401CCUx]
